# JRE version: Java(TM) SE Runtime Environment (8.0_45-b15) (build 1.8.0_45-b15)
# Java VM: Java HotSpot(TM) 64-Bit Server VM (25.45-b02 mixed mode windows-amd64 compressed oops)
Heap:
 PSYoungGen      total 76288K, used 32131K [0x00000000f5580000, 0x00000000fb300000, 0x0000000100000000)
  eden space 60928K, 35% used [0x00000000f5580000,0x00000000f6ad0148,0x00000000f9100000)
  from space 15360K, 67% used [0x00000000fa400000,0x00000000fae10d80,0x00000000fb300000)
  to   space 17408K, 0% used [0x00000000f9100000,0x00000000f9100000,0x00000000fa200000)
 ParOldGen       total 103424K, used 61188K [0x00000000e0000000, 0x00000000e6500000, 0x00000000f5580000)
  object space 103424K, 59% used [0x00000000e0000000,0x00000000e3bc1328,0x00000000e6500000)
 Metaspace       used 98247K, capacity 104924K, committed 105216K, reserved 1140736K
  class space    used 11800K, capacity 13968K, committed 14080K, reserved 1048576K
GC Heap History (10 events):
Event: 1188.663 GC heap before
{Heap before GC invocations=46 (full 8):
 PSYoungGen      total 80384K, used 79881K [0x00000000f5580000, 0x00000000fba80000, 0x0000000100000000)
  eden space 68608K, 100% used [0x00000000f5580000,0x00000000f9880000,0x00000000f9880000)
  from space 11776K, 95% used [0x00000000f9a00000,0x00000000fa502488,0x00000000fa580000)
  to   space 17408K, 0% used [0x00000000fa980000,0x00000000fa980000,0x00000000fba80000)
 ParOldGen       total 103424K, used 60191K [0x00000000e0000000, 0x00000000e6500000, 0x00000000f5580000)
  object space 103424K, 58% used [0x00000000e0000000,0x00000000e3ac7d28,0x00000000e6500000)
 Metaspace       used 97104K, capacity 103888K, committed 104320K, reserved 1140736K
  class space    used 11716K, capacity 13838K, committed 13952K, reserved 1048576K
Event: 1188.676 GC heap after
Heap after GC invocations=46 (full 8):
 PSYoungGen      total 82944K, used 12373K [0x00000000f5580000, 0x00000000fb900000, 0x0000000100000000)
  eden space 67072K, 0% used [0x00000000f5580000,0x00000000f5580000,0x00000000f9700000)
  from space 15872K, 77% used [0x00000000fa980000,0x00000000fb595658,0x00000000fb900000)
  to   space 17408K, 0% used [0x00000000f9700000,0x00000000f9700000,0x00000000fa800000)
 ParOldGen       total 103424K, used 60199K [0x00000000e0000000, 0x00000000e6500000, 0x00000000f5580000)
  object space 103424K, 58% used [0x00000000e0000000,0x00000000e3ac9d28,0x00000000e6500000)
 Metaspace       used 97104K, capacity 103888K, committed 104320K, reserved 1140736K
  class space    used 11716K, capacity 13838K, committed 13952K, reserved 1048576K
}
Event: 1199.404 GC heap before
{Heap before GC invocations=47 (full 8):
 PSYoungGen      total 82944K, used 79445K [0x00000000f5580000, 0x00000000fb900000, 0x0000000100000000)
  eden space 67072K, 100% used [0x00000000f5580000,0x00000000f9700000,0x00000000f9700000)
  from space 15872K, 77% used [0x00000000fa980000,0x00000000fb595658,0x00000000fb900000)
  to   space 17408K, 0% used [0x00000000f9700000,0x00000000f9700000,0x00000000fa800000)
 ParOldGen       total 103424K, used 60199K [0x00000000e0000000, 0x00000000e6500000, 0x00000000f5580000)
  object space 103424K, 58% used [0x00000000e0000000,0x00000000e3ac9d28,0x00000000e6500000)
 Metaspace       used 97258K, capacity 104016K, committed 104320K, reserved 1140736K
  class space    used 11716K, capacity 13838K, committed 13952K, reserved 1048576K
Event: 1199.430 GC heap after
Heap after GC invocations=47 (full 8):
 PSYoungGen      total 76800K, used 11189K [0x00000000f5580000, 0x00000000fb780000, 0x0000000100000000)
  eden space 65536K, 0% used [0x00000000f5580000,0x00000000f5580000,0x00000000f9580000)
  from space 11264K, 99% used [0x00000000f9700000,0x00000000fa1ed478,0x00000000fa200000)
  to   space 17408K, 0% used [0x00000000fa680000,0x00000000fa680000,0x00000000fb780000)
 ParOldGen       total 103424K, used 60207K [0x00000000e0000000, 0x00000000e6500000, 0x00000000f5580000)
  object space 103424K, 58% used [0x00000000e0000000,0x00000000e3acbd28,0x00000000e6500000)
 Metaspace       used 97258K, capacity 104016K, committed 104320K, reserved 1140736K
  class space    used 11716K, capacity 13838K, committed 13952K, reserved 1048576K
}
Event: 1222.758 GC heap before
{Heap before GC invocations=48 (full 8):
 PSYoungGen      total 76800K, used 76725K [0x00000000f5580000, 0x00000000fb780000, 0x0000000100000000)
  eden space 65536K, 100% used [0x00000000f5580000,0x00000000f9580000,0x00000000f9580000)
  from space 11264K, 99% used [0x00000000f9700000,0x00000000fa1ed478,0x00000000fa200000)
  to   space 17408K, 0% used [0x00000000fa680000,0x00000000fa680000,0x00000000fb780000)
 ParOldGen       total 103424K, used 60207K [0x00000000e0000000, 0x00000000e6500000, 0x00000000f5580000)
  object space 103424K, 58% used [0x00000000e0000000,0x00000000e3acbd28,0x00000000e6500000)
 Metaspace       used 97325K, capacity 104016K, committed 104320K, reserved 1140736K
  class space    used 11716K, capacity 13838K, committed 13952K, reserved 1048576K
Event: 1222.772 GC heap after
Heap after GC invocations=48 (full 8):
 PSYoungGen      total 79872K, used 12722K [0x00000000f5580000, 0x00000000fb600000, 0x0000000100000000)
  eden space 64000K, 0% used [0x00000000f5580000,0x00000000f5580000,0x00000000f9400000)
  from space 15872K, 80% used [0x00000000fa680000,0x00000000fb2ecad0,0x00000000fb600000)
  to   space 17408K, 0% used [0x00000000f9400000,0x00000000f9400000,0x00000000fa500000)
 ParOldGen       total 103424K, used 60215K [0x00000000e0000000, 0x00000000e6500000, 0x00000000f5580000)
  object space 103424K, 58% used [0x00000000e0000000,0x00000000e3acdd28,0x00000000e6500000)
 Metaspace       used 97325K, capacity 104016K, committed 104320K, reserved 1140736K
  class space    used 11716K, capacity 13838K, committed 13952K, reserved 1048576K
}
Event: 1506.664 GC heap before
{Heap before GC invocations=49 (full 8):
 PSYoungGen      total 79872K, used 76722K [0x00000000f5580000, 0x00000000fb600000, 0x0000000100000000)
  eden space 64000K, 100% used [0x00000000f5580000,0x00000000f9400000,0x00000000f9400000)
  from space 15872K, 80% used [0x00000000fa680000,0x00000000fb2ecad0,0x00000000fb600000)
  to   space 17408K, 0% used [0x00000000f9400000,0x00000000f9400000,0x00000000fa500000)
 ParOldGen       total 103424K, used 60215K [0x00000000e0000000, 0x00000000e6500000, 0x00000000f5580000)
  object space 103424K, 58% used [0x00000000e0000000,0x00000000e3acdd28,0x00000000e6500000)
 Metaspace       used 97546K, capacity 104240K, committed 104576K, reserved 1140736K
  class space    used 11733K, capacity 13870K, committed 13952K, reserved 1048576K
Event: 1506.702 GC heap after
Heap after GC invocations=49 (full 8):
 PSYoungGen      total 76288K, used 13497K [0x00000000f5580000, 0x00000000fb580000, 0x0000000100000000)
  eden space 62464K, 0% used [0x00000000f5580000,0x00000000f5580000,0x00000000f9280000)
  from space 13824K, 97% used [0x00000000f9400000,0x00000000fa12e468,0x00000000fa180000)
  to   space 17920K, 0% used [0x00000000fa400000,0x00000000fa400000,0x00000000fb580000)
 ParOldGen       total 103424K, used 60223K [0x00000000e0000000, 0x00000000e6500000, 0x00000000f5580000)
  object space 103424K, 58% used [0x00000000e0000000,0x00000000e3acfd28,0x00000000e6500000)
 Metaspace       used 97546K, capacity 104240K, committed 104576K, reserved 1140736K
  class space    used 11733K, capacity 13870K, committed 13952K, reserved 1048576K
}
Event: 1841.188 GC heap before
{Heap before GC invocations=50 (full 8):
 PSYoungGen      total 76288K, used 75961K [0x00000000f5580000, 0x00000000fb580000, 0x0000000100000000)
  eden space 62464K, 100% used [0x00000000f5580000,0x00000000f9280000,0x00000000f9280000)
  from space 13824K, 97% used [0x00000000f9400000,0x00000000fa12e468,0x00000000fa180000)
  to   space 17920K, 0% used [0x00000000fa400000,0x00000000fa400000,0x00000000fb580000)
 ParOldGen       total 103424K, used 60223K [0x00000000e0000000, 0x00000000e6500000, 0x00000000f5580000)
  object space 103424K, 58% used [0x00000000e0000000,0x00000000e3acfd28,0x00000000e6500000)
 Metaspace       used 97779K, capacity 104400K, committed 104576K, reserved 1140736K
  class space    used 11757K, capacity 13902K, committed 13952K, reserved 1048576K
Event: 1841.254 GC heap after
Heap after GC invocations=50 (full 8):
 PSYoungGen      total 76288K, used 10307K [0x00000000f5580000, 0x00000000fb300000, 0x0000000100000000)
  eden space 60928K, 0% used [0x00000000f5580000,0x00000000f5580000,0x00000000f9100000)
  from space 15360K, 67% used [0x00000000fa400000,0x00000000fae10d80,0x00000000fb300000)
  to   space 17408K, 0% used [0x00000000f9100000,0x00000000f9100000,0x00000000fa200000)
 ParOldGen       total 103424K, used 61188K [0x00000000e0000000, 0x00000000e6500000, 0x00000000f5580000)
  object space 103424K, 59% used [0x00000000e0000000,0x00000000e3bc1328,0x00000000e6500000)
 Metaspace       used 97779K, capacity 104400K, committed 104576K, reserved 1140736K
  class space    used 11757K, capacity 13902K, committed 13952K, reserved 1048576K
}

