# JRE version: Java(TM) SE Runtime Environment (8.0_45-b15) (build 1.8.0_45-b15)
# Java VM: Java HotSpot(TM) 64-Bit Server VM (25.45-b02 mixed mode windows-amd64 compressed oops)
Heap:
 PSYoungGen      total 88576K, used 28833K [0x00000000f5580000, 0x00000000fc500000, 0x0000000100000000)
  eden space 64000K, 45% used [0x00000000f5580000,0x00000000f71a8458,0x00000000f9400000)
  from space 24576K, 0% used [0x00000000fad00000,0x00000000fad00000,0x00000000fc500000)
  to   space 25088K, 0% used [0x00000000f9400000,0x00000000f9400000,0x00000000fac80000)
 ParOldGen       total 107008K, used 54012K [0x00000000e0000000, 0x00000000e6880000, 0x00000000f5580000)
  object space 107008K, 50% used [0x00000000e0000000,0x00000000e34bf308,0x00000000e6880000)
 Metaspace       used 80061K, capacity 86592K, committed 86784K, reserved 1124352K
  class space    used 9664K, capacity 11696K, committed 11776K, reserved 1048576K
GC Heap History (10 events):
Event: 244.173 GC heap before
{Heap before GC invocations=23 (full 4):
 PSYoungGen      total 87040K, used 17267K [0x00000000f5580000, 0x00000000fc300000, 0x0000000100000000)
  eden space 61952K, 0% used [0x00000000f5580000,0x00000000f5580000,0x00000000f9200000)
  from space 25088K, 68% used [0x00000000f9200000,0x00000000fa2dcde8,0x00000000faa80000)
  to   space 25088K, 0% used [0x00000000faa80000,0x00000000faa80000,0x00000000fc300000)
 ParOldGen       total 107008K, used 39525K [0x00000000e0000000, 0x00000000e6880000, 0x00000000f5580000)
  object space 107008K, 36% used [0x00000000e0000000,0x00000000e2699488,0x00000000e6880000)
 Metaspace       used 74256K, capacity 80146K, committed 80384K, reserved 1118208K
  class space    used 9057K, capacity 10892K, committed 11008K, reserved 1048576K
Event: 244.598 GC heap after
Heap after GC invocations=23 (full 4):
 PSYoungGen      total 87040K, used 0K [0x00000000f5580000, 0x00000000fc300000, 0x0000000100000000)
  eden space 61952K, 0% used [0x00000000f5580000,0x00000000f5580000,0x00000000f9200000)
  from space 25088K, 0% used [0x00000000f9200000,0x00000000f9200000,0x00000000faa80000)
  to   space 25088K, 0% used [0x00000000faa80000,0x00000000faa80000,0x00000000fc300000)
 ParOldGen       total 107008K, used 50309K [0x00000000e0000000, 0x00000000e6880000, 0x00000000f5580000)
  object space 107008K, 47% used [0x00000000e0000000,0x00000000e3121680,0x00000000e6880000)
 Metaspace       used 74256K, capacity 80146K, committed 80384K, reserved 1118208K
  class space    used 9057K, capacity 10892K, committed 11008K, reserved 1048576K
}
Event: 272.372 GC heap before
{Heap before GC invocations=24 (full 4):
 PSYoungGen      total 87040K, used 61952K [0x00000000f5580000, 0x00000000fc300000, 0x0000000100000000)
  eden space 61952K, 100% used [0x00000000f5580000,0x00000000f9200000,0x00000000f9200000)
  from space 25088K, 0% used [0x00000000f9200000,0x00000000f9200000,0x00000000faa80000)
  to   space 25088K, 0% used [0x00000000faa80000,0x00000000faa80000,0x00000000fc300000)
 ParOldGen       total 107008K, used 50309K [0x00000000e0000000, 0x00000000e6880000, 0x00000000f5580000)
  object space 107008K, 47% used [0x00000000e0000000,0x00000000e3121680,0x00000000e6880000)
 Metaspace       used 75113K, capacity 81106K, committed 81408K, reserved 1120256K
  class space    used 9104K, capacity 10956K, committed 11008K, reserved 1048576K
Event: 272.379 GC heap after
Heap after GC invocations=24 (full 4):
 PSYoungGen      total 86016K, used 2096K [0x00000000f5580000, 0x00000000fc900000, 0x0000000100000000)
  eden space 60928K, 0% used [0x00000000f5580000,0x00000000f5580000,0x00000000f9100000)
  from space 25088K, 8% used [0x00000000faa80000,0x00000000fac8c120,0x00000000fc300000)
  to   space 26112K, 0% used [0x00000000f9100000,0x00000000f9100000,0x00000000faa80000)
 ParOldGen       total 107008K, used 50309K [0x00000000e0000000, 0x00000000e6880000, 0x00000000f5580000)
  object space 107008K, 47% used [0x00000000e0000000,0x00000000e3121680,0x00000000e6880000)
 Metaspace       used 75113K, capacity 81106K, committed 81408K, reserved 1120256K
  class space    used 9104K, capacity 10956K, committed 11008K, reserved 1048576K
}
Event: 295.326 GC heap before
{Heap before GC invocations=25 (full 4):
 PSYoungGen      total 86016K, used 63024K [0x00000000f5580000, 0x00000000fc900000, 0x0000000100000000)
  eden space 60928K, 100% used [0x00000000f5580000,0x00000000f9100000,0x00000000f9100000)
  from space 25088K, 8% used [0x00000000faa80000,0x00000000fac8c120,0x00000000fc300000)
  to   space 26112K, 0% used [0x00000000f9100000,0x00000000f9100000,0x00000000faa80000)
 ParOldGen       total 107008K, used 50309K [0x00000000e0000000, 0x00000000e6880000, 0x00000000f5580000)
  object space 107008K, 47% used [0x00000000e0000000,0x00000000e3121680,0x00000000e6880000)
 Metaspace       used 77460K, capacity 83728K, committed 83968K, reserved 1122304K
  class space    used 9384K, capacity 11405K, committed 11520K, reserved 1048576K
Event: 295.333 GC heap after
Heap after GC invocations=25 (full 4):
 PSYoungGen      total 87040K, used 5344K [0x00000000f5580000, 0x00000000fc600000, 0x0000000100000000)
  eden space 60928K, 0% used [0x00000000f5580000,0x00000000f5580000,0x00000000f9100000)
  from space 26112K, 20% used [0x00000000f9100000,0x00000000f9638120,0x00000000faa80000)
  to   space 25600K, 0% used [0x00000000fad00000,0x00000000fad00000,0x00000000fc600000)
 ParOldGen       total 107008K, used 50309K [0x00000000e0000000, 0x00000000e6880000, 0x00000000f5580000)
  object space 107008K, 47% used [0x00000000e0000000,0x00000000e3121680,0x00000000e6880000)
 Metaspace       used 77460K, capacity 83728K, committed 83968K, reserved 1122304K
  class space    used 9384K, capacity 11405K, committed 11520K, reserved 1048576K
}
Event: 315.061 GC heap before
{Heap before GC invocations=26 (full 4):
 PSYoungGen      total 87040K, used 51535K [0x00000000f5580000, 0x00000000fc600000, 0x0000000100000000)
  eden space 60928K, 75% used [0x00000000f5580000,0x00000000f829bbc0,0x00000000f9100000)
  from space 26112K, 20% used [0x00000000f9100000,0x00000000f9638120,0x00000000faa80000)
  to   space 25600K, 0% used [0x00000000fad00000,0x00000000fad00000,0x00000000fc600000)
 ParOldGen       total 107008K, used 50309K [0x00000000e0000000, 0x00000000e6880000, 0x00000000f5580000)
  object space 107008K, 47% used [0x00000000e0000000,0x00000000e3121680,0x00000000e6880000)
 Metaspace       used 79009K, capacity 85428K, committed 85632K, reserved 1124352K
  class space    used 9544K, capacity 11565K, committed 11648K, reserved 1048576K
Event: 315.069 GC heap after
Heap after GC invocations=26 (full 4):
 PSYoungGen      total 88576K, used 6209K [0x00000000f5580000, 0x00000000fc500000, 0x0000000100000000)
  eden space 64000K, 0% used [0x00000000f5580000,0x00000000f5580000,0x00000000f9400000)
  from space 24576K, 25% used [0x00000000fad00000,0x00000000fb3106e8,0x00000000fc500000)
  to   space 25088K, 0% used [0x00000000f9400000,0x00000000f9400000,0x00000000fac80000)
 ParOldGen       total 107008K, used 50381K [0x00000000e0000000, 0x00000000e6880000, 0x00000000f5580000)
  object space 107008K, 47% used [0x00000000e0000000,0x00000000e3133690,0x00000000e6880000)
 Metaspace       used 79009K, capacity 85428K, committed 85632K, reserved 1124352K
  class space    used 9544K, capacity 11565K, committed 11648K, reserved 1048576K
}
Event: 315.069 GC heap before
{Heap before GC invocations=27 (full 5):
 PSYoungGen      total 88576K, used 6209K [0x00000000f5580000, 0x00000000fc500000, 0x0000000100000000)
  eden space 64000K, 0% used [0x00000000f5580000,0x00000000f5580000,0x00000000f9400000)
  from space 24576K, 25% used [0x00000000fad00000,0x00000000fb3106e8,0x00000000fc500000)
  to   space 25088K, 0% used [0x00000000f9400000,0x00000000f9400000,0x00000000fac80000)
 ParOldGen       total 107008K, used 50381K [0x00000000e0000000, 0x00000000e6880000, 0x00000000f5580000)
  object space 107008K, 47% used [0x00000000e0000000,0x00000000e3133690,0x00000000e6880000)
 Metaspace       used 79009K, capacity 85428K, committed 85632K, reserved 1124352K
  class space    used 9544K, capacity 11565K, committed 11648K, reserved 1048576K
Event: 315.516 GC heap after
Heap after GC invocations=27 (full 5):
 PSYoungGen      total 88576K, used 0K [0x00000000f5580000, 0x00000000fc500000, 0x0000000100000000)
  eden space 64000K, 0% used [0x00000000f5580000,0x00000000f5580000,0x00000000f9400000)
  from space 24576K, 0% used [0x00000000fad00000,0x00000000fad00000,0x00000000fc500000)
  to   space 25088K, 0% used [0x00000000f9400000,0x00000000f9400000,0x00000000fac80000)
 ParOldGen       total 107008K, used 54012K [0x00000000e0000000, 0x00000000e6880000, 0x00000000f5580000)
  object space 107008K, 50% used [0x00000000e0000000,0x00000000e34bf308,0x00000000e6880000)
 Metaspace       used 79009K, capacity 85428K, committed 85632K, reserved 1124352K
  class space    used 9544K, capacity 11565K, committed 11648K, reserved 1048576K
}

