# JRE version: Java(TM) SE Runtime Environment (8.0_45-b15) (build 1.8.0_45-b15)
# Java VM: Java HotSpot(TM) 64-Bit Server VM (25.45-b02 mixed mode windows-amd64 compressed oops)
Heap:
 PSYoungGen      total 81920K, used 57045K [0x00000000f5580000, 0x00000000fbe00000, 0x0000000100000000)
  eden space 61952K, 79% used [0x00000000f5580000,0x00000000f85889b8,0x00000000f9200000)
  from space 19968K, 39% used [0x00000000faa80000,0x00000000fb22ca98,0x00000000fbe00000)
  to   space 22528K, 0% used [0x00000000f9200000,0x00000000f9200000,0x00000000fa800000)
 ParOldGen       total 107520K, used 51740K [0x00000000e0000000, 0x00000000e6900000, 0x00000000f5580000)
  object space 107520K, 48% used [0x00000000e0000000,0x00000000e32871a8,0x00000000e6900000)
 Metaspace       used 84458K, capacity 90654K, committed 91008K, reserved 1128448K
  class space    used 10341K, capacity 12339K, committed 12416K, reserved 1048576K
GC Heap History (10 events):
Event: 604.613 GC heap before
{Heap before GC invocations=27 (full 5):
 PSYoungGen      total 97792K, used 77287K [0x00000000f5580000, 0x00000000fd280000, 0x0000000100000000)
  eden space 69632K, 100% used [0x00000000f5580000,0x00000000f9980000,0x00000000f9980000)
  from space 28160K, 27% used [0x00000000f9980000,0x00000000fa0f9f48,0x00000000fb500000)
  to   space 27136K, 0% used [0x00000000fb800000,0x00000000fb800000,0x00000000fd280000)
 ParOldGen       total 107520K, used 51700K [0x00000000e0000000, 0x00000000e6900000, 0x00000000f5580000)
  object space 107520K, 48% used [0x00000000e0000000,0x00000000e327d1a8,0x00000000e6900000)
 Metaspace       used 83272K, capacity 89666K, committed 89856K, reserved 1126400K
  class space    used 10239K, capacity 12271K, committed 12288K, reserved 1048576K
Event: 604.624 GC heap after
Heap after GC invocations=27 (full 5):
 PSYoungGen      total 87552K, used 7362K [0x00000000f5580000, 0x00000000fcb00000, 0x0000000100000000)
  eden space 68096K, 0% used [0x00000000f5580000,0x00000000f5580000,0x00000000f9800000)
  from space 19456K, 37% used [0x00000000fb800000,0x00000000fbf30a80,0x00000000fcb00000)
  to   space 26112K, 0% used [0x00000000f9800000,0x00000000f9800000,0x00000000fb180000)
 ParOldGen       total 107520K, used 51708K [0x00000000e0000000, 0x00000000e6900000, 0x00000000f5580000)
  object space 107520K, 48% used [0x00000000e0000000,0x00000000e327f1a8,0x00000000e6900000)
 Metaspace       used 83272K, capacity 89666K, committed 89856K, reserved 1126400K
  class space    used 10239K, capacity 12271K, committed 12288K, reserved 1048576K
}
Event: 1580.722 GC heap before
{Heap before GC invocations=28 (full 5):
 PSYoungGen      total 87552K, used 75458K [0x00000000f5580000, 0x00000000fcb00000, 0x0000000100000000)
  eden space 68096K, 100% used [0x00000000f5580000,0x00000000f9800000,0x00000000f9800000)
  from space 19456K, 37% used [0x00000000fb800000,0x00000000fbf30a80,0x00000000fcb00000)
  to   space 26112K, 0% used [0x00000000f9800000,0x00000000f9800000,0x00000000fb180000)
 ParOldGen       total 107520K, used 51708K [0x00000000e0000000, 0x00000000e6900000, 0x00000000f5580000)
  object space 107520K, 48% used [0x00000000e0000000,0x00000000e327f1a8,0x00000000e6900000)
 Metaspace       used 83466K, capacity 89794K, committed 89856K, reserved 1126400K
  class space    used 10239K, capacity 12271K, committed 12288K, reserved 1048576K
Event: 1580.734 GC heap after
Heap after GC invocations=28 (full 5):
 PSYoungGen      total 74752K, used 8066K [0x00000000f5580000, 0x00000000fc880000, 0x0000000100000000)
  eden space 66560K, 0% used [0x00000000f5580000,0x00000000f5580000,0x00000000f9680000)
  from space 8192K, 98% used [0x00000000f9800000,0x00000000f9fe0bb8,0x00000000fa000000)
  to   space 25600K, 0% used [0x00000000faf80000,0x00000000faf80000,0x00000000fc880000)
 ParOldGen       total 107520K, used 51716K [0x00000000e0000000, 0x00000000e6900000, 0x00000000f5580000)
  object space 107520K, 48% used [0x00000000e0000000,0x00000000e32811a8,0x00000000e6900000)
 Metaspace       used 83466K, capacity 89794K, committed 89856K, reserved 1126400K
  class space    used 10239K, capacity 12271K, committed 12288K, reserved 1048576K
}
Event: 2662.369 GC heap before
{Heap before GC invocations=29 (full 5):
 PSYoungGen      total 74752K, used 74626K [0x00000000f5580000, 0x00000000fc880000, 0x0000000100000000)
  eden space 66560K, 100% used [0x00000000f5580000,0x00000000f9680000,0x00000000f9680000)
  from space 8192K, 98% used [0x00000000f9800000,0x00000000f9fe0bb8,0x00000000fa000000)
  to   space 25600K, 0% used [0x00000000faf80000,0x00000000faf80000,0x00000000fc880000)
 ParOldGen       total 107520K, used 51716K [0x00000000e0000000, 0x00000000e6900000, 0x00000000f5580000)
  object space 107520K, 48% used [0x00000000e0000000,0x00000000e32811a8,0x00000000e6900000)
 Metaspace       used 83503K, capacity 89794K, committed 89856K, reserved 1126400K
  class space    used 10239K, capacity 12271K, committed 12288K, reserved 1048576K
Event: 2662.379 GC heap after
Heap after GC invocations=29 (full 5):
 PSYoungGen      total 87040K, used 7920K [0x00000000f5580000, 0x00000000fc500000, 0x0000000100000000)
  eden space 65024K, 0% used [0x00000000f5580000,0x00000000f5580000,0x00000000f9500000)
  from space 22016K, 35% used [0x00000000faf80000,0x00000000fb73c1d0,0x00000000fc500000)
  to   space 24576K, 0% used [0x00000000f9500000,0x00000000f9500000,0x00000000fad00000)
 ParOldGen       total 107520K, used 51724K [0x00000000e0000000, 0x00000000e6900000, 0x00000000f5580000)
  object space 107520K, 48% used [0x00000000e0000000,0x00000000e32831a8,0x00000000e6900000)
 Metaspace       used 83503K, capacity 89794K, committed 89856K, reserved 1126400K
  class space    used 10239K, capacity 12271K, committed 12288K, reserved 1048576K
}
Event: 3611.078 GC heap before
{Heap before GC invocations=30 (full 5):
 PSYoungGen      total 87040K, used 72944K [0x00000000f5580000, 0x00000000fc500000, 0x0000000100000000)
  eden space 65024K, 100% used [0x00000000f5580000,0x00000000f9500000,0x00000000f9500000)
  from space 22016K, 35% used [0x00000000faf80000,0x00000000fb73c1d0,0x00000000fc500000)
  to   space 24576K, 0% used [0x00000000f9500000,0x00000000f9500000,0x00000000fad00000)
 ParOldGen       total 107520K, used 51724K [0x00000000e0000000, 0x00000000e6900000, 0x00000000f5580000)
  object space 107520K, 48% used [0x00000000e0000000,0x00000000e32831a8,0x00000000e6900000)
 Metaspace       used 83538K, capacity 89858K, committed 90112K, reserved 1126400K
  class space    used 10240K, capacity 12271K, committed 12288K, reserved 1048576K
Event: 3611.091 GC heap after
Heap after GC invocations=30 (full 5):
 PSYoungGen      total 71680K, used 7890K [0x00000000f5580000, 0x00000000fc180000, 0x0000000100000000)
  eden space 63488K, 0% used [0x00000000f5580000,0x00000000f5580000,0x00000000f9380000)
  from space 8192K, 96% used [0x00000000f9500000,0x00000000f9cb4ab8,0x00000000f9d00000)
  to   space 23552K, 0% used [0x00000000faa80000,0x00000000faa80000,0x00000000fc180000)
 ParOldGen       total 107520K, used 51732K [0x00000000e0000000, 0x00000000e6900000, 0x00000000f5580000)
  object space 107520K, 48% used [0x00000000e0000000,0x00000000e32851a8,0x00000000e6900000)
 Metaspace       used 83538K, capacity 89858K, committed 90112K, reserved 1126400K
  class space    used 10240K, capacity 12271K, committed 12288K, reserved 1048576K
}
Event: 4603.300 GC heap before
{Heap before GC invocations=31 (full 5):
 PSYoungGen      total 71680K, used 71378K [0x00000000f5580000, 0x00000000fc180000, 0x0000000100000000)
  eden space 63488K, 100% used [0x00000000f5580000,0x00000000f9380000,0x00000000f9380000)
  from space 8192K, 96% used [0x00000000f9500000,0x00000000f9cb4ab8,0x00000000f9d00000)
  to   space 23552K, 0% used [0x00000000faa80000,0x00000000faa80000,0x00000000fc180000)
 ParOldGen       total 107520K, used 51732K [0x00000000e0000000, 0x00000000e6900000, 0x00000000f5580000)
  object space 107520K, 48% used [0x00000000e0000000,0x00000000e32851a8,0x00000000e6900000)
 Metaspace       used 83566K, capacity 89858K, committed 90112K, reserved 1126400K
  class space    used 10240K, capacity 12271K, committed 12288K, reserved 1048576K
Event: 4603.322 GC heap after
Heap after GC invocations=31 (full 5):
 PSYoungGen      total 81920K, used 7858K [0x00000000f5580000, 0x00000000fbe00000, 0x0000000100000000)
  eden space 61952K, 0% used [0x00000000f5580000,0x00000000f5580000,0x00000000f9200000)
  from space 19968K, 39% used [0x00000000faa80000,0x00000000fb22ca98,0x00000000fbe00000)
  to   space 22528K, 0% used [0x00000000f9200000,0x00000000f9200000,0x00000000fa800000)
 ParOldGen       total 107520K, used 51740K [0x00000000e0000000, 0x00000000e6900000, 0x00000000f5580000)
  object space 107520K, 48% used [0x00000000e0000000,0x00000000e32871a8,0x00000000e6900000)
 Metaspace       used 83566K, capacity 89858K, committed 90112K, reserved 1126400K
  class space    used 10240K, capacity 12271K, committed 12288K, reserved 1048576K
}

