# JRE version: Java(TM) SE Runtime Environment (8.0_45-b15) (build 1.8.0_45-b15)
# Java VM: Java HotSpot(TM) 64-Bit Server VM (25.45-b02 mixed mode windows-amd64 compressed oops)
Heap:
 PSYoungGen      total 110080K, used 38435K [0x00000000f5580000, 0x00000000fdd00000, 0x0000000100000000)
  eden space 82944K, 46% used [0x00000000f5580000,0x00000000f7b08e18,0x00000000fa680000)
  from space 27136K, 0% used [0x00000000fc180000,0x00000000fc180000,0x00000000fdc00000)
  to   space 27648K, 0% used [0x00000000fa680000,0x00000000fa680000,0x00000000fc180000)
 ParOldGen       total 97280K, used 53598K [0x00000000e0000000, 0x00000000e5f00000, 0x00000000f5580000)
  object space 97280K, 55% used [0x00000000e0000000,0x00000000e3457ac0,0x00000000e5f00000)
 Metaspace       used 79243K, capacity 85862K, committed 86016K, reserved 1124352K
  class space    used 9586K, capacity 11666K, committed 11776K, reserved 1048576K
GC Heap History (10 events):
Event: 335.867 GC heap before
{Heap before GC invocations=25 (full 5):
 PSYoungGen      total 109056K, used 992K [0x00000000f5580000, 0x00000000fdd00000, 0x0000000100000000)
  eden space 82432K, 0% used [0x00000000f5580000,0x00000000f5580000,0x00000000fa600000)
  from space 26624K, 3% used [0x00000000fc100000,0x00000000fc1f8030,0x00000000fdb00000)
  to   space 27648K, 0% used [0x00000000fa600000,0x00000000fa600000,0x00000000fc100000)
 ParOldGen       total 97280K, used 51601K [0x00000000e0000000, 0x00000000e5f00000, 0x00000000f5580000)
  object space 97280K, 53% used [0x00000000e0000000,0x00000000e3264478,0x00000000e5f00000)
 Metaspace       used 74713K, capacity 80702K, committed 80896K, reserved 1120256K
  class space    used 9035K, capacity 10927K, committed 11008K, reserved 1048576K
Event: 336.301 GC heap after
Heap after GC invocations=25 (full 5):
 PSYoungGen      total 109056K, used 0K [0x00000000f5580000, 0x00000000fdd00000, 0x0000000100000000)
  eden space 82432K, 0% used [0x00000000f5580000,0x00000000f5580000,0x00000000fa600000)
  from space 26624K, 0% used [0x00000000fc100000,0x00000000fc100000,0x00000000fdb00000)
  to   space 27648K, 0% used [0x00000000fa600000,0x00000000fa600000,0x00000000fc100000)
 ParOldGen       total 97280K, used 52329K [0x00000000e0000000, 0x00000000e5f00000, 0x00000000f5580000)
  object space 97280K, 53% used [0x00000000e0000000,0x00000000e331a498,0x00000000e5f00000)
 Metaspace       used 74713K, capacity 80702K, committed 80896K, reserved 1120256K
  class space    used 9035K, capacity 10927K, committed 11008K, reserved 1048576K
}
Event: 395.874 GC heap before
{Heap before GC invocations=26 (full 5):
 PSYoungGen      total 109056K, used 60787K [0x00000000f5580000, 0x00000000fdd00000, 0x0000000100000000)
  eden space 82432K, 73% used [0x00000000f5580000,0x00000000f90dceb8,0x00000000fa600000)
  from space 26624K, 0% used [0x00000000fc100000,0x00000000fc100000,0x00000000fdb00000)
  to   space 27648K, 0% used [0x00000000fa600000,0x00000000fa600000,0x00000000fc100000)
 ParOldGen       total 97280K, used 52329K [0x00000000e0000000, 0x00000000e5f00000, 0x00000000f5580000)
  object space 97280K, 53% used [0x00000000e0000000,0x00000000e331a498,0x00000000e5f00000)
 Metaspace       used 78142K, capacity 84474K, committed 84736K, reserved 1122304K
  class space    used 9451K, capacity 11503K, committed 11520K, reserved 1048576K
Event: 395.887 GC heap after
Heap after GC invocations=26 (full 5):
 PSYoungGen      total 110080K, used 6886K [0x00000000f5580000, 0x00000000fdc00000, 0x0000000100000000)
  eden space 82432K, 0% used [0x00000000f5580000,0x00000000f5580000,0x00000000fa600000)
  from space 27648K, 24% used [0x00000000fa600000,0x00000000facb9ad0,0x00000000fc100000)
  to   space 27136K, 0% used [0x00000000fc180000,0x00000000fc180000,0x00000000fdc00000)
 ParOldGen       total 97280K, used 52337K [0x00000000e0000000, 0x00000000e5f00000, 0x00000000f5580000)
  object space 97280K, 53% used [0x00000000e0000000,0x00000000e331c498,0x00000000e5f00000)
 Metaspace       used 78142K, capacity 84474K, committed 84736K, reserved 1122304K
  class space    used 9451K, capacity 11503K, committed 11520K, reserved 1048576K
}
Event: 395.887 GC heap before
{Heap before GC invocations=27 (full 6):
 PSYoungGen      total 110080K, used 6886K [0x00000000f5580000, 0x00000000fdc00000, 0x0000000100000000)
  eden space 82432K, 0% used [0x00000000f5580000,0x00000000f5580000,0x00000000fa600000)
  from space 27648K, 24% used [0x00000000fa600000,0x00000000facb9ad0,0x00000000fc100000)
  to   space 27136K, 0% used [0x00000000fc180000,0x00000000fc180000,0x00000000fdc00000)
 ParOldGen       total 97280K, used 52337K [0x00000000e0000000, 0x00000000e5f00000, 0x00000000f5580000)
  object space 97280K, 53% used [0x00000000e0000000,0x00000000e331c498,0x00000000e5f00000)
 Metaspace       used 78142K, capacity 84474K, committed 84736K, reserved 1122304K
  class space    used 9451K, capacity 11503K, committed 11520K, reserved 1048576K
Event: 396.367 GC heap after
Heap after GC invocations=27 (full 6):
 PSYoungGen      total 110080K, used 0K [0x00000000f5580000, 0x00000000fdc00000, 0x0000000100000000)
  eden space 82432K, 0% used [0x00000000f5580000,0x00000000f5580000,0x00000000fa600000)
  from space 27648K, 0% used [0x00000000fa600000,0x00000000fa600000,0x00000000fc100000)
  to   space 27136K, 0% used [0x00000000fc180000,0x00000000fc180000,0x00000000fdc00000)
 ParOldGen       total 97280K, used 56589K [0x00000000e0000000, 0x00000000e5f00000, 0x00000000f5580000)
  object space 97280K, 58% used [0x00000000e0000000,0x00000000e3743468,0x00000000e5f00000)
 Metaspace       used 78142K, capacity 84474K, committed 84736K, reserved 1122304K
  class space    used 9451K, capacity 11503K, committed 11520K, reserved 1048576K
}
Event: 455.888 GC heap before
{Heap before GC invocations=28 (full 6):
 PSYoungGen      total 110080K, used 3939K [0x00000000f5580000, 0x00000000fdc00000, 0x0000000100000000)
  eden space 82432K, 4% used [0x00000000f5580000,0x00000000f5958f20,0x00000000fa600000)
  from space 27648K, 0% used [0x00000000fa600000,0x00000000fa600000,0x00000000fc100000)
  to   space 27136K, 0% used [0x00000000fc180000,0x00000000fc180000,0x00000000fdc00000)
 ParOldGen       total 97280K, used 56589K [0x00000000e0000000, 0x00000000e5f00000, 0x00000000f5580000)
  object space 97280K, 58% used [0x00000000e0000000,0x00000000e3743468,0x00000000e5f00000)
 Metaspace       used 78156K, capacity 84538K, committed 84736K, reserved 1122304K
  class space    used 9451K, capacity 11503K, committed 11520K, reserved 1048576K
Event: 455.892 GC heap after
Heap after GC invocations=28 (full 6):
 PSYoungGen      total 110080K, used 160K [0x00000000f5580000, 0x00000000fdd00000, 0x0000000100000000)
  eden space 82944K, 0% used [0x00000000f5580000,0x00000000f5580000,0x00000000fa680000)
  from space 27136K, 0% used [0x00000000fc180000,0x00000000fc1a8000,0x00000000fdc00000)
  to   space 27648K, 0% used [0x00000000fa680000,0x00000000fa680000,0x00000000fc180000)
 ParOldGen       total 97280K, used 56597K [0x00000000e0000000, 0x00000000e5f00000, 0x00000000f5580000)
  object space 97280K, 58% used [0x00000000e0000000,0x00000000e3745468,0x00000000e5f00000)
 Metaspace       used 78156K, capacity 84538K, committed 84736K, reserved 1122304K
  class space    used 9451K, capacity 11503K, committed 11520K, reserved 1048576K
}
Event: 455.892 GC heap before
{Heap before GC invocations=29 (full 7):
 PSYoungGen      total 110080K, used 160K [0x00000000f5580000, 0x00000000fdd00000, 0x0000000100000000)
  eden space 82944K, 0% used [0x00000000f5580000,0x00000000f5580000,0x00000000fa680000)
  from space 27136K, 0% used [0x00000000fc180000,0x00000000fc1a8000,0x00000000fdc00000)
  to   space 27648K, 0% used [0x00000000fa680000,0x00000000fa680000,0x00000000fc180000)
 ParOldGen       total 97280K, used 56597K [0x00000000e0000000, 0x00000000e5f00000, 0x00000000f5580000)
  object space 97280K, 58% used [0x00000000e0000000,0x00000000e3745468,0x00000000e5f00000)
 Metaspace       used 78156K, capacity 84538K, committed 84736K, reserved 1122304K
  class space    used 9451K, capacity 11503K, committed 11520K, reserved 1048576K
Event: 456.253 GC heap after
Heap after GC invocations=29 (full 7):
 PSYoungGen      total 110080K, used 0K [0x00000000f5580000, 0x00000000fdd00000, 0x0000000100000000)
  eden space 82944K, 0% used [0x00000000f5580000,0x00000000f5580000,0x00000000fa680000)
  from space 27136K, 0% used [0x00000000fc180000,0x00000000fc180000,0x00000000fdc00000)
  to   space 27648K, 0% used [0x00000000fa680000,0x00000000fa680000,0x00000000fc180000)
 ParOldGen       total 97280K, used 53598K [0x00000000e0000000, 0x00000000e5f00000, 0x00000000f5580000)
  object space 97280K, 55% used [0x00000000e0000000,0x00000000e3457ac0,0x00000000e5f00000)
 Metaspace       used 78156K, capacity 84538K, committed 84736K, reserved 1122304K
  class space    used 9451K, capacity 11503K, committed 11520K, reserved 1048576K
}

