# JRE version: Java(TM) SE Runtime Environment (8.0_45-b15) (build 1.8.0_45-b15)
# Java VM: Java HotSpot(TM) 64-Bit Server VM (25.45-b02 mixed mode windows-amd64 compressed oops)
Heap:
 PSYoungGen      total 82944K, used 23383K [0x00000000f5580000, 0x00000000fc180000, 0x0000000100000000)
  eden space 58368K, 29% used [0x00000000f5580000,0x00000000f668d038,0x00000000f8e80000)
  from space 24576K, 24% used [0x00000000fa980000,0x00000000faf48df0,0x00000000fc180000)
  to   space 26112K, 0% used [0x00000000f8e80000,0x00000000f8e80000,0x00000000fa800000)
 ParOldGen       total 103424K, used 52244K [0x00000000e0000000, 0x00000000e6500000, 0x00000000f5580000)
  object space 103424K, 50% used [0x00000000e0000000,0x00000000e3305358,0x00000000e6500000)
 Metaspace       used 84728K, capacity 91328K, committed 91520K, reserved 1128448K
  class space    used 10360K, capacity 12387K, committed 12416K, reserved 1048576K
GC Heap History (10 events):
Event: 162.705 GC heap before
{Heap before GC invocations=22 (full 4):
 PSYoungGen      total 88576K, used 19360K [0x00000000f5580000, 0x00000000fc880000, 0x0000000100000000)
  eden space 62464K, 0% used [0x00000000f5580000,0x00000000f5580000,0x00000000f9280000)
  from space 26112K, 74% used [0x00000000fad00000,0x00000000fbfe8308,0x00000000fc680000)
  to   space 27136K, 0% used [0x00000000f9280000,0x00000000f9280000,0x00000000fad00000)
 ParOldGen       total 103424K, used 39668K [0x00000000e0000000, 0x00000000e6500000, 0x00000000f5580000)
  object space 103424K, 38% used [0x00000000e0000000,0x00000000e26bd088,0x00000000e6500000)
 Metaspace       used 76489K, capacity 82526K, committed 82816K, reserved 1120256K
  class space    used 9346K, capacity 11308K, committed 11392K, reserved 1048576K
Event: 163.100 GC heap after
Heap after GC invocations=22 (full 4):
 PSYoungGen      total 88576K, used 0K [0x00000000f5580000, 0x00000000fc880000, 0x0000000100000000)
  eden space 62464K, 0% used [0x00000000f5580000,0x00000000f5580000,0x00000000f9280000)
  from space 26112K, 0% used [0x00000000fad00000,0x00000000fad00000,0x00000000fc680000)
  to   space 27136K, 0% used [0x00000000f9280000,0x00000000f9280000,0x00000000fad00000)
 ParOldGen       total 103424K, used 52212K [0x00000000e0000000, 0x00000000e6500000, 0x00000000f5580000)
  object space 103424K, 50% used [0x00000000e0000000,0x00000000e32fd358,0x00000000e6500000)
 Metaspace       used 76489K, capacity 82526K, committed 82816K, reserved 1120256K
  class space    used 9346K, capacity 11308K, committed 11392K, reserved 1048576K
}
Event: 231.887 GC heap before
{Heap before GC invocations=23 (full 4):
 PSYoungGen      total 88576K, used 62464K [0x00000000f5580000, 0x00000000fc880000, 0x0000000100000000)
  eden space 62464K, 100% used [0x00000000f5580000,0x00000000f9280000,0x00000000f9280000)
  from space 26112K, 0% used [0x00000000fad00000,0x00000000fad00000,0x00000000fc680000)
  to   space 27136K, 0% used [0x00000000f9280000,0x00000000f9280000,0x00000000fad00000)
 ParOldGen       total 103424K, used 52212K [0x00000000e0000000, 0x00000000e6500000, 0x00000000f5580000)
  object space 103424K, 50% used [0x00000000e0000000,0x00000000e32fd358,0x00000000e6500000)
 Metaspace       used 80050K, capacity 86362K, committed 86400K, reserved 1124352K
  class space    used 9867K, capacity 11902K, committed 11904K, reserved 1048576K
Event: 231.895 GC heap after
Heap after GC invocations=23 (full 4):
 PSYoungGen      total 89600K, used 5177K [0x00000000f5580000, 0x00000000fca00000, 0x0000000100000000)
  eden space 62464K, 0% used [0x00000000f5580000,0x00000000f5580000,0x00000000f9280000)
  from space 27136K, 19% used [0x00000000f9280000,0x00000000f978e5d0,0x00000000fad00000)
  to   space 27136K, 0% used [0x00000000faf80000,0x00000000faf80000,0x00000000fca00000)
 ParOldGen       total 103424K, used 52220K [0x00000000e0000000, 0x00000000e6500000, 0x00000000f5580000)
  object space 103424K, 50% used [0x00000000e0000000,0x00000000e32ff358,0x00000000e6500000)
 Metaspace       used 80050K, capacity 86362K, committed 86400K, reserved 1124352K
  class space    used 9867K, capacity 11902K, committed 11904K, reserved 1048576K
}
Event: 354.186 GC heap before
{Heap before GC invocations=24 (full 4):
 PSYoungGen      total 89600K, used 67641K [0x00000000f5580000, 0x00000000fca00000, 0x0000000100000000)
  eden space 62464K, 100% used [0x00000000f5580000,0x00000000f9280000,0x00000000f9280000)
  from space 27136K, 19% used [0x00000000f9280000,0x00000000f978e5d0,0x00000000fad00000)
  to   space 27136K, 0% used [0x00000000faf80000,0x00000000faf80000,0x00000000fca00000)
 ParOldGen       total 103424K, used 52220K [0x00000000e0000000, 0x00000000e6500000, 0x00000000f5580000)
  object space 103424K, 50% used [0x00000000e0000000,0x00000000e32ff358,0x00000000e6500000)
 Metaspace       used 83061K, capacity 89846K, committed 89856K, reserved 1126400K
  class space    used 10250K, capacity 12283K, committed 12288K, reserved 1048576K
Event: 354.194 GC heap after
Heap after GC invocations=24 (full 4):
 PSYoungGen      total 82944K, used 6945K [0x00000000f5580000, 0x00000000fc500000, 0x0000000100000000)
  eden space 60928K, 0% used [0x00000000f5580000,0x00000000f5580000,0x00000000f9100000)
  from space 22016K, 31% used [0x00000000faf80000,0x00000000fb6486d8,0x00000000fc500000)
  to   space 26624K, 0% used [0x00000000f9100000,0x00000000f9100000,0x00000000fab00000)
 ParOldGen       total 103424K, used 52228K [0x00000000e0000000, 0x00000000e6500000, 0x00000000f5580000)
  object space 103424K, 50% used [0x00000000e0000000,0x00000000e3301358,0x00000000e6500000)
 Metaspace       used 83061K, capacity 89846K, committed 89856K, reserved 1126400K
  class space    used 10250K, capacity 12283K, committed 12288K, reserved 1048576K
}
Event: 373.639 GC heap before
{Heap before GC invocations=25 (full 4):
 PSYoungGen      total 82944K, used 67873K [0x00000000f5580000, 0x00000000fc500000, 0x0000000100000000)
  eden space 60928K, 100% used [0x00000000f5580000,0x00000000f9100000,0x00000000f9100000)
  from space 22016K, 31% used [0x00000000faf80000,0x00000000fb6486d8,0x00000000fc500000)
  to   space 26624K, 0% used [0x00000000f9100000,0x00000000f9100000,0x00000000fab00000)
 ParOldGen       total 103424K, used 52228K [0x00000000e0000000, 0x00000000e6500000, 0x00000000f5580000)
  object space 103424K, 50% used [0x00000000e0000000,0x00000000e3301358,0x00000000e6500000)
 Metaspace       used 83395K, capacity 90116K, committed 90368K, reserved 1128448K
  class space    used 10257K, capacity 12287K, committed 12288K, reserved 1048576K
Event: 373.646 GC heap after
Heap after GC invocations=25 (full 4):
 PSYoungGen      total 66048K, used 6371K [0x00000000f5580000, 0x00000000fc380000, 0x0000000100000000)
  eden space 59392K, 0% used [0x00000000f5580000,0x00000000f5580000,0x00000000f8f80000)
  from space 6656K, 95% used [0x00000000f9100000,0x00000000f9738f00,0x00000000f9780000)
  to   space 26624K, 0% used [0x00000000fa980000,0x00000000fa980000,0x00000000fc380000)
 ParOldGen       total 103424K, used 52236K [0x00000000e0000000, 0x00000000e6500000, 0x00000000f5580000)
  object space 103424K, 50% used [0x00000000e0000000,0x00000000e3303358,0x00000000e6500000)
 Metaspace       used 83395K, capacity 90116K, committed 90368K, reserved 1128448K
  class space    used 10257K, capacity 12287K, committed 12288K, reserved 1048576K
}
Event: 559.844 GC heap before
{Heap before GC invocations=26 (full 4):
 PSYoungGen      total 66048K, used 65763K [0x00000000f5580000, 0x00000000fc380000, 0x0000000100000000)
  eden space 59392K, 100% used [0x00000000f5580000,0x00000000f8f80000,0x00000000f8f80000)
  from space 6656K, 95% used [0x00000000f9100000,0x00000000f9738f00,0x00000000f9780000)
  to   space 26624K, 0% used [0x00000000fa980000,0x00000000fa980000,0x00000000fc380000)
 ParOldGen       total 103424K, used 52236K [0x00000000e0000000, 0x00000000e6500000, 0x00000000f5580000)
  object space 103424K, 50% used [0x00000000e0000000,0x00000000e3303358,0x00000000e6500000)
 Metaspace       used 83936K, capacity 90586K, committed 90752K, reserved 1128448K
  class space    used 10273K, capacity 12354K, committed 12416K, reserved 1048576K
Event: 559.853 GC heap after
Heap after GC invocations=26 (full 4):
 PSYoungGen      total 82944K, used 5923K [0x00000000f5580000, 0x00000000fc180000, 0x0000000100000000)
  eden space 58368K, 0% used [0x00000000f5580000,0x00000000f5580000,0x00000000f8e80000)
  from space 24576K, 24% used [0x00000000fa980000,0x00000000faf48df0,0x00000000fc180000)
  to   space 26112K, 0% used [0x00000000f8e80000,0x00000000f8e80000,0x00000000fa800000)
 ParOldGen       total 103424K, used 52244K [0x00000000e0000000, 0x00000000e6500000, 0x00000000f5580000)
  object space 103424K, 50% used [0x00000000e0000000,0x00000000e3305358,0x00000000e6500000)
 Metaspace       used 83936K, capacity 90586K, committed 90752K, reserved 1128448K
  class space    used 10273K, capacity 12354K, committed 12416K, reserved 1048576K
}

