# JRE version: Java(TM) SE Runtime Environment (8.0_45-b15) (build 1.8.0_45-b15)
# Java VM: Java HotSpot(TM) 64-Bit Server VM (25.45-b02 mixed mode windows-amd64 compressed oops)
Heap:
 PSYoungGen      total 63488K, used 28698K [0x00000000f5580000, 0x00000000fc800000, 0x0000000100000000)
  eden space 62976K, 45% used [0x00000000f5580000,0x00000000f7186ba0,0x00000000f9300000)
  from space 512K, 0% used [0x00000000f9300000,0x00000000f9300000,0x00000000f9380000)
  to   space 27136K, 0% used [0x00000000fad80000,0x00000000fad80000,0x00000000fc800000)
 ParOldGen       total 104960K, used 40174K [0x00000000e0000000, 0x00000000e6680000, 0x00000000f5580000)
  object space 104960K, 38% used [0x00000000e0000000,0x00000000e273baa0,0x00000000e6680000)
 Metaspace       used 79519K, capacity 85434K, committed 85632K, reserved 1124352K
  class space    used 9632K, capacity 11585K, committed 11648K, reserved 1048576K
GC Heap History (10 events):
Event: 3313.344 GC heap before
{Heap before GC invocations=40 (full 11):
 PSYoungGen      total 64000K, used 544K [0x00000000f5580000, 0x00000000fcb00000, 0x0000000100000000)
  eden space 62976K, 0% used [0x00000000f5580000,0x00000000f5580000,0x00000000f9300000)
  from space 1024K, 53% used [0x00000000f9300000,0x00000000f9388000,0x00000000f9400000)
  to   space 28672K, 0% used [0x00000000faf00000,0x00000000faf00000,0x00000000fcb00000)
 ParOldGen       total 104960K, used 41917K [0x00000000e0000000, 0x00000000e6680000, 0x00000000f5580000)
  object space 104960K, 39% used [0x00000000e0000000,0x00000000e28ef470,0x00000000e6680000)
 Metaspace       used 78528K, capacity 84418K, committed 84736K, reserved 1122304K
  class space    used 9519K, capacity 11459K, committed 11520K, reserved 1048576K
Event: 3313.527 GC heap after
Heap after GC invocations=40 (full 11):
 PSYoungGen      total 64000K, used 0K [0x00000000f5580000, 0x00000000fcb00000, 0x0000000100000000)
  eden space 62976K, 0% used [0x00000000f5580000,0x00000000f5580000,0x00000000f9300000)
  from space 1024K, 0% used [0x00000000f9300000,0x00000000f9300000,0x00000000f9400000)
  to   space 28672K, 0% used [0x00000000faf00000,0x00000000faf00000,0x00000000fcb00000)
 ParOldGen       total 104960K, used 42056K [0x00000000e0000000, 0x00000000e6680000, 0x00000000f5580000)
  object space 104960K, 40% used [0x00000000e0000000,0x00000000e2912060,0x00000000e6680000)
 Metaspace       used 78528K, capacity 84418K, committed 84736K, reserved 1122304K
  class space    used 9519K, capacity 11459K, committed 11520K, reserved 1048576K
}
Event: 3373.333 GC heap before
{Heap before GC invocations=41 (full 11):
 PSYoungGen      total 64000K, used 3134K [0x00000000f5580000, 0x00000000fcb00000, 0x0000000100000000)
  eden space 62976K, 4% used [0x00000000f5580000,0x00000000f588f8c8,0x00000000f9300000)
  from space 1024K, 0% used [0x00000000f9300000,0x00000000f9300000,0x00000000f9400000)
  to   space 28672K, 0% used [0x00000000faf00000,0x00000000faf00000,0x00000000fcb00000)
 ParOldGen       total 104960K, used 42056K [0x00000000e0000000, 0x00000000e6680000, 0x00000000f5580000)
  object space 104960K, 40% used [0x00000000e0000000,0x00000000e2912060,0x00000000e6680000)
 Metaspace       used 78531K, capacity 84418K, committed 84736K, reserved 1122304K
  class space    used 9519K, capacity 11459K, committed 11520K, reserved 1048576K
Event: 3373.338 GC heap after
Heap after GC invocations=41 (full 11):
 PSYoungGen      total 90624K, used 192K [0x00000000f5580000, 0x00000000fca00000, 0x0000000100000000)
  eden space 62976K, 0% used [0x00000000f5580000,0x00000000f5580000,0x00000000f9300000)
  from space 27648K, 0% used [0x00000000faf00000,0x00000000faf30000,0x00000000fca00000)
  to   space 28160K, 0% used [0x00000000f9300000,0x00000000f9300000,0x00000000fae80000)
 ParOldGen       total 104960K, used 42056K [0x00000000e0000000, 0x00000000e6680000, 0x00000000f5580000)
  object space 104960K, 40% used [0x00000000e0000000,0x00000000e2912060,0x00000000e6680000)
 Metaspace       used 78531K, capacity 84418K, committed 84736K, reserved 1122304K
  class space    used 9519K, capacity 11459K, committed 11520K, reserved 1048576K
}
Event: 3373.338 GC heap before
{Heap before GC invocations=42 (full 12):
 PSYoungGen      total 90624K, used 192K [0x00000000f5580000, 0x00000000fca00000, 0x0000000100000000)
  eden space 62976K, 0% used [0x00000000f5580000,0x00000000f5580000,0x00000000f9300000)
  from space 27648K, 0% used [0x00000000faf00000,0x00000000faf30000,0x00000000fca00000)
  to   space 28160K, 0% used [0x00000000f9300000,0x00000000f9300000,0x00000000fae80000)
 ParOldGen       total 104960K, used 42056K [0x00000000e0000000, 0x00000000e6680000, 0x00000000f5580000)
  object space 104960K, 40% used [0x00000000e0000000,0x00000000e2912060,0x00000000e6680000)
 Metaspace       used 78531K, capacity 84418K, committed 84736K, reserved 1122304K
  class space    used 9519K, capacity 11459K, committed 11520K, reserved 1048576K
Event: 3373.641 GC heap after
Heap after GC invocations=42 (full 12):
 PSYoungGen      total 90624K, used 0K [0x00000000f5580000, 0x00000000fca00000, 0x0000000100000000)
  eden space 62976K, 0% used [0x00000000f5580000,0x00000000f5580000,0x00000000f9300000)
  from space 27648K, 0% used [0x00000000faf00000,0x00000000faf00000,0x00000000fca00000)
  to   space 28160K, 0% used [0x00000000f9300000,0x00000000f9300000,0x00000000fae80000)
 ParOldGen       total 104960K, used 40896K [0x00000000e0000000, 0x00000000e6680000, 0x00000000f5580000)
  object space 104960K, 38% used [0x00000000e0000000,0x00000000e27f0308,0x00000000e6680000)
 Metaspace       used 78531K, capacity 84418K, committed 84736K, reserved 1122304K
  class space    used 9519K, capacity 11459K, committed 11520K, reserved 1048576K
}
Event: 3433.344 GC heap before
{Heap before GC invocations=43 (full 12):
 PSYoungGen      total 90624K, used 3226K [0x00000000f5580000, 0x00000000fca00000, 0x0000000100000000)
  eden space 62976K, 5% used [0x00000000f5580000,0x00000000f58a6a58,0x00000000f9300000)
  from space 27648K, 0% used [0x00000000faf00000,0x00000000faf00000,0x00000000fca00000)
  to   space 28160K, 0% used [0x00000000f9300000,0x00000000f9300000,0x00000000fae80000)
 ParOldGen       total 104960K, used 40896K [0x00000000e0000000, 0x00000000e6680000, 0x00000000f5580000)
  object space 104960K, 38% used [0x00000000e0000000,0x00000000e27f0308,0x00000000e6680000)
 Metaspace       used 78533K, capacity 84418K, committed 84736K, reserved 1122304K
  class space    used 9519K, capacity 11459K, committed 11520K, reserved 1048576K
Event: 3433.347 GC heap after
Heap after GC invocations=43 (full 12):
 PSYoungGen      total 63488K, used 160K [0x00000000f5580000, 0x00000000fc800000, 0x0000000100000000)
  eden space 62976K, 0% used [0x00000000f5580000,0x00000000f5580000,0x00000000f9300000)
  from space 512K, 31% used [0x00000000f9300000,0x00000000f9328000,0x00000000f9380000)
  to   space 27136K, 0% used [0x00000000fad80000,0x00000000fad80000,0x00000000fc800000)
 ParOldGen       total 104960K, used 40896K [0x00000000e0000000, 0x00000000e6680000, 0x00000000f5580000)
  object space 104960K, 38% used [0x00000000e0000000,0x00000000e27f0308,0x00000000e6680000)
 Metaspace       used 78533K, capacity 84418K, committed 84736K, reserved 1122304K
  class space    used 9519K, capacity 11459K, committed 11520K, reserved 1048576K
}
Event: 3433.347 GC heap before
{Heap before GC invocations=44 (full 13):
 PSYoungGen      total 63488K, used 160K [0x00000000f5580000, 0x00000000fc800000, 0x0000000100000000)
  eden space 62976K, 0% used [0x00000000f5580000,0x00000000f5580000,0x00000000f9300000)
  from space 512K, 31% used [0x00000000f9300000,0x00000000f9328000,0x00000000f9380000)
  to   space 27136K, 0% used [0x00000000fad80000,0x00000000fad80000,0x00000000fc800000)
 ParOldGen       total 104960K, used 40896K [0x00000000e0000000, 0x00000000e6680000, 0x00000000f5580000)
  object space 104960K, 38% used [0x00000000e0000000,0x00000000e27f0308,0x00000000e6680000)
 Metaspace       used 78533K, capacity 84418K, committed 84736K, reserved 1122304K
  class space    used 9519K, capacity 11459K, committed 11520K, reserved 1048576K
Event: 3433.698 GC heap after
Heap after GC invocations=44 (full 13):
 PSYoungGen      total 63488K, used 0K [0x00000000f5580000, 0x00000000fc800000, 0x0000000100000000)
  eden space 62976K, 0% used [0x00000000f5580000,0x00000000f5580000,0x00000000f9300000)
  from space 512K, 0% used [0x00000000f9300000,0x00000000f9300000,0x00000000f9380000)
  to   space 27136K, 0% used [0x00000000fad80000,0x00000000fad80000,0x00000000fc800000)
 ParOldGen       total 104960K, used 40174K [0x00000000e0000000, 0x00000000e6680000, 0x00000000f5580000)
  object space 104960K, 38% used [0x00000000e0000000,0x00000000e273baa0,0x00000000e6680000)
 Metaspace       used 78520K, capacity 84394K, committed 84736K, reserved 1122304K
  class space    used 9517K, capacity 11455K, committed 11520K, reserved 1048576K
}

