# JRE version: Java(TM) SE Runtime Environment (8.0_45-b15) (build 1.8.0_45-b15)
# Java VM: Java HotSpot(TM) 64-Bit Server VM (25.45-b02 mixed mode windows-amd64 compressed oops)
Heap:
 PSYoungGen      total 153600K, used 92455K [0x00000000f5580000, 0x0000000100000000, 0x0000000100000000)
  eden space 132096K, 69% used [0x00000000f5580000,0x00000000fafc9d20,0x00000000fd680000)
  from space 21504K, 0% used [0x00000000feb00000,0x00000000feb00000,0x0000000100000000)
  to   space 20992K, 0% used [0x00000000fd680000,0x00000000fd680000,0x00000000feb00000)
 ParOldGen       total 93184K, used 60457K [0x00000000e0000000, 0x00000000e5b00000, 0x00000000f5580000)
  object space 93184K, 64% used [0x00000000e0000000,0x00000000e3b0a730,0x00000000e5b00000)
 Metaspace       used 91417K, capacity 98034K, committed 98304K, reserved 1134592K
  class space    used 11199K, capacity 13301K, committed 13312K, reserved 1048576K
GC Heap History (10 events):
Event: 399.880 GC heap before
{Heap before GC invocations=20 (full 4):
 PSYoungGen      total 148480K, used 26899K [0x00000000f5580000, 0x00000000fff00000, 0x0000000100000000)
  eden space 125440K, 11% used [0x00000000f5580000,0x00000000f63a6e68,0x00000000fd000000)
  from space 23040K, 53% used [0x00000000fd000000,0x00000000fdc1dfb0,0x00000000fe680000)
  to   space 22016K, 0% used [0x00000000fe980000,0x00000000fe980000,0x00000000fff00000)
 ParOldGen       total 93184K, used 50688K [0x00000000e0000000, 0x00000000e5b00000, 0x00000000f5580000)
  object space 93184K, 54% used [0x00000000e0000000,0x00000000e31803f0,0x00000000e5b00000)
 Metaspace       used 80807K, capacity 87212K, committed 87424K, reserved 1124352K
  class space    used 9827K, capacity 11820K, committed 11904K, reserved 1048576K
Event: 399.892 GC heap after
Heap after GC invocations=20 (full 4):
 PSYoungGen      total 149504K, used 10731K [0x00000000f5580000, 0x00000000ffd00000, 0x0000000100000000)
  eden space 129536K, 0% used [0x00000000f5580000,0x00000000f5580000,0x00000000fd400000)
  from space 19968K, 53% used [0x00000000fe980000,0x00000000ff3faf50,0x00000000ffd00000)
  to   space 20992K, 0% used [0x00000000fd400000,0x00000000fd400000,0x00000000fe880000)
 ParOldGen       total 93184K, used 50761K [0x00000000e0000000, 0x00000000e5b00000, 0x00000000f5580000)
  object space 93184K, 54% used [0x00000000e0000000,0x00000000e3192400,0x00000000e5b00000)
 Metaspace       used 80807K, capacity 87212K, committed 87424K, reserved 1124352K
  class space    used 9827K, capacity 11820K, committed 11904K, reserved 1048576K
}
Event: 399.892 GC heap before
{Heap before GC invocations=21 (full 5):
 PSYoungGen      total 149504K, used 10731K [0x00000000f5580000, 0x00000000ffd00000, 0x0000000100000000)
  eden space 129536K, 0% used [0x00000000f5580000,0x00000000f5580000,0x00000000fd400000)
  from space 19968K, 53% used [0x00000000fe980000,0x00000000ff3faf50,0x00000000ffd00000)
  to   space 20992K, 0% used [0x00000000fd400000,0x00000000fd400000,0x00000000fe880000)
 ParOldGen       total 93184K, used 50761K [0x00000000e0000000, 0x00000000e5b00000, 0x00000000f5580000)
  object space 93184K, 54% used [0x00000000e0000000,0x00000000e3192400,0x00000000e5b00000)
 Metaspace       used 80807K, capacity 87212K, committed 87424K, reserved 1124352K
  class space    used 9827K, capacity 11820K, committed 11904K, reserved 1048576K
Event: 400.507 GC heap after
Heap after GC invocations=21 (full 5):
 PSYoungGen      total 149504K, used 0K [0x00000000f5580000, 0x00000000ffd00000, 0x0000000100000000)
  eden space 129536K, 0% used [0x00000000f5580000,0x00000000f5580000,0x00000000fd400000)
  from space 19968K, 0% used [0x00000000fe980000,0x00000000fe980000,0x00000000ffd00000)
  to   space 20992K, 0% used [0x00000000fd400000,0x00000000fd400000,0x00000000fe880000)
 ParOldGen       total 93184K, used 59658K [0x00000000e0000000, 0x00000000e5b00000, 0x00000000f5580000)
  object space 93184K, 64% used [0x00000000e0000000,0x00000000e3a42890,0x00000000e5b00000)
 Metaspace       used 80807K, capacity 87212K, committed 87424K, reserved 1124352K
  class space    used 9827K, capacity 11820K, committed 11904K, reserved 1048576K
}
Event: 438.677 GC heap before
{Heap before GC invocations=22 (full 5):
 PSYoungGen      total 149504K, used 129536K [0x00000000f5580000, 0x00000000ffd00000, 0x0000000100000000)
  eden space 129536K, 100% used [0x00000000f5580000,0x00000000fd400000,0x00000000fd400000)
  from space 19968K, 0% used [0x00000000fe980000,0x00000000fe980000,0x00000000ffd00000)
  to   space 20992K, 0% used [0x00000000fd400000,0x00000000fd400000,0x00000000fe880000)
 ParOldGen       total 93184K, used 59658K [0x00000000e0000000, 0x00000000e5b00000, 0x00000000f5580000)
  object space 93184K, 64% used [0x00000000e0000000,0x00000000e3a42890,0x00000000e5b00000)
 Metaspace       used 82732K, capacity 89220K, committed 89472K, reserved 1126400K
  class space    used 10079K, capacity 12125K, committed 12160K, reserved 1048576K
Event: 438.686 GC heap after
Heap after GC invocations=22 (full 5):
 PSYoungGen      total 150528K, used 4916K [0x00000000f5580000, 0x0000000100000000, 0x0000000100000000)
  eden space 129536K, 0% used [0x00000000f5580000,0x00000000f5580000,0x00000000fd400000)
  from space 20992K, 23% used [0x00000000fd400000,0x00000000fd8cd280,0x00000000fe880000)
  to   space 21504K, 0% used [0x00000000feb00000,0x00000000feb00000,0x0000000100000000)
 ParOldGen       total 93184K, used 59666K [0x00000000e0000000, 0x00000000e5b00000, 0x00000000f5580000)
  object space 93184K, 64% used [0x00000000e0000000,0x00000000e3a44890,0x00000000e5b00000)
 Metaspace       used 82732K, capacity 89220K, committed 89472K, reserved 1126400K
  class space    used 10079K, capacity 12125K, committed 12160K, reserved 1048576K
}
Event: 466.051 GC heap before
{Heap before GC invocations=23 (full 5):
 PSYoungGen      total 150528K, used 86317K [0x00000000f5580000, 0x0000000100000000, 0x0000000100000000)
  eden space 129536K, 62% used [0x00000000f5580000,0x00000000fa4fe4d8,0x00000000fd400000)
  from space 20992K, 23% used [0x00000000fd400000,0x00000000fd8cd280,0x00000000fe880000)
  to   space 21504K, 0% used [0x00000000feb00000,0x00000000feb00000,0x0000000100000000)
 ParOldGen       total 93184K, used 59666K [0x00000000e0000000, 0x00000000e5b00000, 0x00000000f5580000)
  object space 93184K, 64% used [0x00000000e0000000,0x00000000e3a44890,0x00000000e5b00000)
 Metaspace       used 88225K, capacity 94930K, committed 95104K, reserved 1132544K
  class space    used 10777K, capacity 12906K, committed 12928K, reserved 1048576K
Event: 466.066 GC heap after
Heap after GC invocations=23 (full 5):
 PSYoungGen      total 153600K, used 12608K [0x00000000f5580000, 0x0000000100000000, 0x0000000100000000)
  eden space 132096K, 0% used [0x00000000f5580000,0x00000000f5580000,0x00000000fd680000)
  from space 21504K, 58% used [0x00000000feb00000,0x00000000ff750128,0x0000000100000000)
  to   space 20992K, 0% used [0x00000000fd680000,0x00000000fd680000,0x00000000feb00000)
 ParOldGen       total 93184K, used 59674K [0x00000000e0000000, 0x00000000e5b00000, 0x00000000f5580000)
  object space 93184K, 64% used [0x00000000e0000000,0x00000000e3a46890,0x00000000e5b00000)
 Metaspace       used 88225K, capacity 94930K, committed 95104K, reserved 1132544K
  class space    used 10777K, capacity 12906K, committed 12928K, reserved 1048576K
}
Event: 466.067 GC heap before
{Heap before GC invocations=24 (full 6):
 PSYoungGen      total 153600K, used 12608K [0x00000000f5580000, 0x0000000100000000, 0x0000000100000000)
  eden space 132096K, 0% used [0x00000000f5580000,0x00000000f5580000,0x00000000fd680000)
  from space 21504K, 58% used [0x00000000feb00000,0x00000000ff750128,0x0000000100000000)
  to   space 20992K, 0% used [0x00000000fd680000,0x00000000fd680000,0x00000000feb00000)
 ParOldGen       total 93184K, used 59674K [0x00000000e0000000, 0x00000000e5b00000, 0x00000000f5580000)
  object space 93184K, 64% used [0x00000000e0000000,0x00000000e3a46890,0x00000000e5b00000)
 Metaspace       used 88225K, capacity 94930K, committed 95104K, reserved 1132544K
  class space    used 10777K, capacity 12906K, committed 12928K, reserved 1048576K
Event: 466.421 GC heap after
Heap after GC invocations=24 (full 6):
 PSYoungGen      total 153600K, used 0K [0x00000000f5580000, 0x0000000100000000, 0x0000000100000000)
  eden space 132096K, 0% used [0x00000000f5580000,0x00000000f5580000,0x00000000fd680000)
  from space 21504K, 0% used [0x00000000feb00000,0x00000000feb00000,0x0000000100000000)
  to   space 20992K, 0% used [0x00000000fd680000,0x00000000fd680000,0x00000000feb00000)
 ParOldGen       total 93184K, used 60457K [0x00000000e0000000, 0x00000000e5b00000, 0x00000000f5580000)
  object space 93184K, 64% used [0x00000000e0000000,0x00000000e3b0a730,0x00000000e5b00000)
 Metaspace       used 88222K, capacity 94924K, committed 95104K, reserved 1132544K
  class space    used 10776K, capacity 12905K, committed 12928K, reserved 1048576K
}

