# JRE version: Java(TM) SE Runtime Environment (8.0_45-b15) (build 1.8.0_45-b15)
# Java VM: Java HotSpot(TM) 64-Bit Server VM (25.45-b02 mixed mode windows-amd64 compressed oops)
Heap:
 PSYoungGen      total 120320K, used 98669K [0x00000000f5580000, 0x00000000fe780000, 0x0000000100000000)
  eden space 99328K, 87% used [0x00000000f5580000,0x00000000faa025c8,0x00000000fb680000)
  from space 20992K, 57% used [0x00000000fd300000,0x00000000fded8ef8,0x00000000fe780000)
  to   space 25088K, 0% used [0x00000000fb680000,0x00000000fb680000,0x00000000fcf00000)
 ParOldGen       total 103936K, used 48375K [0x00000000e0000000, 0x00000000e6580000, 0x00000000f5580000)
  object space 103936K, 46% used [0x00000000e0000000,0x00000000e2f3dc10,0x00000000e6580000)
 Metaspace       used 85568K, capacity 91930K, committed 92288K, reserved 1128448K
  class space    used 10326K, capacity 12341K, committed 12416K, reserved 1048576K
GC Heap History (10 events):
Event: 206.897 GC heap before
{Heap before GC invocations=18 (full 4):
 PSYoungGen      total 126464K, used 17660K [0x00000000f5580000, 0x00000000fec80000, 0x0000000100000000)
  eden space 98304K, 0% used [0x00000000f5580000,0x00000000f5580000,0x00000000fb580000)
  from space 28160K, 62% used [0x00000000fd100000,0x00000000fe23f200,0x00000000fec80000)
  to   space 28160K, 0% used [0x00000000fb580000,0x00000000fb580000,0x00000000fd100000)
 ParOldGen       total 103936K, used 38479K [0x00000000e0000000, 0x00000000e6580000, 0x00000000f5580000)
  object space 103936K, 37% used [0x00000000e0000000,0x00000000e2593f40,0x00000000e6580000)
 Metaspace       used 70339K, capacity 75214K, committed 75392K, reserved 1114112K
  class space    used 8658K, capacity 10305K, committed 10368K, reserved 1048576K
Event: 207.234 GC heap after
Heap after GC invocations=18 (full 4):
 PSYoungGen      total 126464K, used 0K [0x00000000f5580000, 0x00000000fec80000, 0x0000000100000000)
  eden space 98304K, 0% used [0x00000000f5580000,0x00000000f5580000,0x00000000fb580000)
  from space 28160K, 0% used [0x00000000fd100000,0x00000000fd100000,0x00000000fec80000)
  to   space 28160K, 0% used [0x00000000fb580000,0x00000000fb580000,0x00000000fd100000)
 ParOldGen       total 103936K, used 48343K [0x00000000e0000000, 0x00000000e6580000, 0x00000000f5580000)
  object space 103936K, 46% used [0x00000000e0000000,0x00000000e2f35c10,0x00000000e6580000)
 Metaspace       used 70339K, capacity 75214K, committed 75392K, reserved 1114112K
  class space    used 8658K, capacity 10305K, committed 10368K, reserved 1048576K
}
Event: 259.742 GC heap before
{Heap before GC invocations=19 (full 4):
 PSYoungGen      total 126464K, used 98304K [0x00000000f5580000, 0x00000000fec80000, 0x0000000100000000)
  eden space 98304K, 100% used [0x00000000f5580000,0x00000000fb580000,0x00000000fb580000)
  from space 28160K, 0% used [0x00000000fd100000,0x00000000fd100000,0x00000000fec80000)
  to   space 28160K, 0% used [0x00000000fb580000,0x00000000fb580000,0x00000000fd100000)
 ParOldGen       total 103936K, used 48343K [0x00000000e0000000, 0x00000000e6580000, 0x00000000f5580000)
  object space 103936K, 46% used [0x00000000e0000000,0x00000000e2f35c10,0x00000000e6580000)
 Metaspace       used 80556K, capacity 86814K, committed 87040K, reserved 1124352K
  class space    used 9899K, capacity 11910K, committed 12032K, reserved 1048576K
Event: 259.763 GC heap after
Heap after GC invocations=19 (full 4):
 PSYoungGen      total 126464K, used 16083K [0x00000000f5580000, 0x00000000ff400000, 0x0000000100000000)
  eden space 98304K, 0% used [0x00000000f5580000,0x00000000f5580000,0x00000000fb580000)
  from space 28160K, 57% used [0x00000000fb580000,0x00000000fc534e08,0x00000000fd100000)
  to   space 27648K, 0% used [0x00000000fd900000,0x00000000fd900000,0x00000000ff400000)
 ParOldGen       total 103936K, used 48351K [0x00000000e0000000, 0x00000000e6580000, 0x00000000f5580000)
  object space 103936K, 46% used [0x00000000e0000000,0x00000000e2f37c10,0x00000000e6580000)
 Metaspace       used 80556K, capacity 86814K, committed 87040K, reserved 1124352K
  class space    used 9899K, capacity 11910K, committed 12032K, reserved 1048576K
}
Event: 424.181 GC heap before
{Heap before GC invocations=20 (full 4):
 PSYoungGen      total 126464K, used 114387K [0x00000000f5580000, 0x00000000ff400000, 0x0000000100000000)
  eden space 98304K, 100% used [0x00000000f5580000,0x00000000fb580000,0x00000000fb580000)
  from space 28160K, 57% used [0x00000000fb580000,0x00000000fc534e08,0x00000000fd100000)
  to   space 27648K, 0% used [0x00000000fd900000,0x00000000fd900000,0x00000000ff400000)
 ParOldGen       total 103936K, used 48351K [0x00000000e0000000, 0x00000000e6580000, 0x00000000f5580000)
  object space 103936K, 46% used [0x00000000e0000000,0x00000000e2f37c10,0x00000000e6580000)
 Metaspace       used 82219K, capacity 88678K, committed 88960K, reserved 1126400K
  class space    used 10058K, capacity 12041K, committed 12160K, reserved 1048576K
Event: 424.200 GC heap after
Heap after GC invocations=20 (full 4):
 PSYoungGen      total 129536K, used 10800K [0x00000000f5580000, 0x00000000ff080000, 0x0000000100000000)
  eden space 105472K, 0% used [0x00000000f5580000,0x00000000f5580000,0x00000000fbc80000)
  from space 24064K, 44% used [0x00000000fd900000,0x00000000fe38c330,0x00000000ff080000)
  to   space 26624K, 0% used [0x00000000fbc80000,0x00000000fbc80000,0x00000000fd680000)
 ParOldGen       total 103936K, used 48359K [0x00000000e0000000, 0x00000000e6580000, 0x00000000f5580000)
  object space 103936K, 46% used [0x00000000e0000000,0x00000000e2f39c10,0x00000000e6580000)
 Metaspace       used 82219K, capacity 88678K, committed 88960K, reserved 1126400K
  class space    used 10058K, capacity 12041K, committed 12160K, reserved 1048576K
}
Event: 468.304 GC heap before
{Heap before GC invocations=21 (full 4):
 PSYoungGen      total 129536K, used 116272K [0x00000000f5580000, 0x00000000ff080000, 0x0000000100000000)
  eden space 105472K, 100% used [0x00000000f5580000,0x00000000fbc80000,0x00000000fbc80000)
  from space 24064K, 44% used [0x00000000fd900000,0x00000000fe38c330,0x00000000ff080000)
  to   space 26624K, 0% used [0x00000000fbc80000,0x00000000fbc80000,0x00000000fd680000)
 ParOldGen       total 103936K, used 48359K [0x00000000e0000000, 0x00000000e6580000, 0x00000000f5580000)
  object space 103936K, 46% used [0x00000000e0000000,0x00000000e2f39c10,0x00000000e6580000)
 Metaspace       used 83543K, capacity 89812K, committed 90112K, reserved 1126400K
  class space    used 10175K, capacity 12202K, committed 12288K, reserved 1048576K
Event: 468.317 GC heap after
Heap after GC invocations=21 (full 4):
 PSYoungGen      total 114688K, used 12224K [0x00000000f5580000, 0x00000000fec80000, 0x0000000100000000)
  eden space 102400K, 0% used [0x00000000f5580000,0x00000000f5580000,0x00000000fb980000)
  from space 12288K, 99% used [0x00000000fbc80000,0x00000000fc870268,0x00000000fc880000)
  to   space 26112K, 0% used [0x00000000fd300000,0x00000000fd300000,0x00000000fec80000)
 ParOldGen       total 103936K, used 48367K [0x00000000e0000000, 0x00000000e6580000, 0x00000000f5580000)
  object space 103936K, 46% used [0x00000000e0000000,0x00000000e2f3bc10,0x00000000e6580000)
 Metaspace       used 83543K, capacity 89812K, committed 90112K, reserved 1126400K
  class space    used 10175K, capacity 12202K, committed 12288K, reserved 1048576K
}
Event: 552.976 GC heap before
{Heap before GC invocations=22 (full 4):
 PSYoungGen      total 114688K, used 114624K [0x00000000f5580000, 0x00000000fec80000, 0x0000000100000000)
  eden space 102400K, 100% used [0x00000000f5580000,0x00000000fb980000,0x00000000fb980000)
  from space 12288K, 99% used [0x00000000fbc80000,0x00000000fc870268,0x00000000fc880000)
  to   space 26112K, 0% used [0x00000000fd300000,0x00000000fd300000,0x00000000fec80000)
 ParOldGen       total 103936K, used 48367K [0x00000000e0000000, 0x00000000e6580000, 0x00000000f5580000)
  object space 103936K, 46% used [0x00000000e0000000,0x00000000e2f3bc10,0x00000000e6580000)
 Metaspace       used 84334K, capacity 90788K, committed 91136K, reserved 1128448K
  class space    used 10210K, capacity 12242K, committed 12288K, reserved 1048576K
Event: 552.989 GC heap after
Heap after GC invocations=22 (full 4):
 PSYoungGen      total 120320K, used 12131K [0x00000000f5580000, 0x00000000fe780000, 0x0000000100000000)
  eden space 99328K, 0% used [0x00000000f5580000,0x00000000f5580000,0x00000000fb680000)
  from space 20992K, 57% used [0x00000000fd300000,0x00000000fded8ef8,0x00000000fe780000)
  to   space 25088K, 0% used [0x00000000fb680000,0x00000000fb680000,0x00000000fcf00000)
 ParOldGen       total 103936K, used 48375K [0x00000000e0000000, 0x00000000e6580000, 0x00000000f5580000)
  object space 103936K, 46% used [0x00000000e0000000,0x00000000e2f3dc10,0x00000000e6580000)
 Metaspace       used 84334K, capacity 90788K, committed 91136K, reserved 1128448K
  class space    used 10210K, capacity 12242K, committed 12288K, reserved 1048576K
}

