# JRE version: Java(TM) SE Runtime Environment (8.0_45-b15) (build 1.8.0_45-b15)
# Java VM: Java HotSpot(TM) 64-Bit Server VM (25.45-b02 mixed mode windows-amd64 compressed oops)
Heap:
 PSYoungGen      total 41984K, used 22347K [0x00000000f5580000, 0x00000000f8a00000, 0x0000000100000000)
  eden space 30208K, 61% used [0x00000000f5580000,0x00000000f67b9e08,0x00000000f7300000)
  from space 11776K, 31% used [0x00000000f7e80000,0x00000000f8218eb8,0x00000000f8a00000)
  to   space 11776K, 0% used [0x00000000f7300000,0x00000000f7300000,0x00000000f7e80000)
 ParOldGen       total 107008K, used 59511K [0x00000000e0000000, 0x00000000e6880000, 0x00000000f5580000)
  object space 107008K, 55% used [0x00000000e0000000,0x00000000e3a1df78,0x00000000e6880000)
 Metaspace       used 91465K, capacity 97672K, committed 97920K, reserved 1134592K
  class space    used 10635K, capacity 12658K, committed 12672K, reserved 1048576K
GC Heap History (10 events):
Event: 8391.275 GC heap before
{Heap before GC invocations=78 (full 4):
 PSYoungGen      total 36864K, used 36403K [0x00000000f5580000, 0x00000000f8e00000, 0x0000000100000000)
  eden space 30208K, 100% used [0x00000000f5580000,0x00000000f7300000,0x00000000f7300000)
  from space 6656K, 93% used [0x00000000f7300000,0x00000000f790cfb8,0x00000000f7980000)
  to   space 13824K, 0% used [0x00000000f8080000,0x00000000f8080000,0x00000000f8e00000)
 ParOldGen       total 107008K, used 59119K [0x00000000e0000000, 0x00000000e6880000, 0x00000000f5580000)
  object space 107008K, 55% used [0x00000000e0000000,0x00000000e39bbf78,0x00000000e6880000)
 Metaspace       used 90863K, capacity 97142K, committed 97408K, reserved 1134592K
  class space    used 10572K, capacity 12591K, committed 12672K, reserved 1048576K
Event: 8391.283 GC heap after
Heap after GC invocations=78 (full 4):
 PSYoungGen      total 43008K, used 6147K [0x00000000f5580000, 0x00000000f8d00000, 0x0000000100000000)
  eden space 30208K, 0% used [0x00000000f5580000,0x00000000f5580000,0x00000000f7300000)
  from space 12800K, 48% used [0x00000000f8080000,0x00000000f8680fa8,0x00000000f8d00000)
  to   space 13312K, 0% used [0x00000000f7300000,0x00000000f7300000,0x00000000f8000000)
 ParOldGen       total 107008K, used 59183K [0x00000000e0000000, 0x00000000e6880000, 0x00000000f5580000)
  object space 107008K, 55% used [0x00000000e0000000,0x00000000e39cbf78,0x00000000e6880000)
 Metaspace       used 90863K, capacity 97142K, committed 97408K, reserved 1134592K
  class space    used 10572K, capacity 12591K, committed 12672K, reserved 1048576K
}
Event: 8709.193 GC heap before
{Heap before GC invocations=79 (full 4):
 PSYoungGen      total 43008K, used 36355K [0x00000000f5580000, 0x00000000f8d00000, 0x0000000100000000)
  eden space 30208K, 100% used [0x00000000f5580000,0x00000000f7300000,0x00000000f7300000)
  from space 12800K, 48% used [0x00000000f8080000,0x00000000f8680fa8,0x00000000f8d00000)
  to   space 13312K, 0% used [0x00000000f7300000,0x00000000f7300000,0x00000000f8000000)
 ParOldGen       total 107008K, used 59183K [0x00000000e0000000, 0x00000000e6880000, 0x00000000f5580000)
  object space 107008K, 55% used [0x00000000e0000000,0x00000000e39cbf78,0x00000000e6880000)
 Metaspace       used 90877K, capacity 97142K, committed 97408K, reserved 1134592K
  class space    used 10572K, capacity 12591K, committed 12672K, reserved 1048576K
Event: 8709.201 GC heap after
Heap after GC invocations=79 (full 4):
 PSYoungGen      total 36864K, used 6179K [0x00000000f5580000, 0x00000000f8c00000, 0x0000000100000000)
  eden space 30208K, 0% used [0x00000000f5580000,0x00000000f5580000,0x00000000f7300000)
  from space 6656K, 92% used [0x00000000f7300000,0x00000000f7908fc8,0x00000000f7980000)
  to   space 12800K, 0% used [0x00000000f7f80000,0x00000000f7f80000,0x00000000f8c00000)
 ParOldGen       total 107008K, used 59223K [0x00000000e0000000, 0x00000000e6880000, 0x00000000f5580000)
  object space 107008K, 55% used [0x00000000e0000000,0x00000000e39d5f78,0x00000000e6880000)
 Metaspace       used 90877K, capacity 97142K, committed 97408K, reserved 1134592K
  class space    used 10572K, capacity 12591K, committed 12672K, reserved 1048576K
}
Event: 9145.453 GC heap before
{Heap before GC invocations=80 (full 4):
 PSYoungGen      total 36864K, used 36387K [0x00000000f5580000, 0x00000000f8c00000, 0x0000000100000000)
  eden space 30208K, 100% used [0x00000000f5580000,0x00000000f7300000,0x00000000f7300000)
  from space 6656K, 92% used [0x00000000f7300000,0x00000000f7908fc8,0x00000000f7980000)
  to   space 12800K, 0% used [0x00000000f7f80000,0x00000000f7f80000,0x00000000f8c00000)
 ParOldGen       total 107008K, used 59223K [0x00000000e0000000, 0x00000000e6880000, 0x00000000f5580000)
  object space 107008K, 55% used [0x00000000e0000000,0x00000000e39d5f78,0x00000000e6880000)
 Metaspace       used 90877K, capacity 97142K, committed 97408K, reserved 1134592K
  class space    used 10572K, capacity 12591K, committed 12672K, reserved 1048576K
Event: 9145.466 GC heap after
Heap after GC invocations=80 (full 4):
 PSYoungGen      total 41984K, used 6099K [0x00000000f5580000, 0x00000000f8b00000, 0x0000000100000000)
  eden space 30208K, 0% used [0x00000000f5580000,0x00000000f5580000,0x00000000f7300000)
  from space 11776K, 51% used [0x00000000f7f80000,0x00000000f8574fb8,0x00000000f8b00000)
  to   space 12288K, 0% used [0x00000000f7300000,0x00000000f7300000,0x00000000f7f00000)
 ParOldGen       total 107008K, used 59287K [0x00000000e0000000, 0x00000000e6880000, 0x00000000f5580000)
  object space 107008K, 55% used [0x00000000e0000000,0x00000000e39e5f78,0x00000000e6880000)
 Metaspace       used 90877K, capacity 97142K, committed 97408K, reserved 1134592K
  class space    used 10572K, capacity 12591K, committed 12672K, reserved 1048576K
}
Event: 9504.665 GC heap before
{Heap before GC invocations=81 (full 4):
 PSYoungGen      total 41984K, used 36307K [0x00000000f5580000, 0x00000000f8b00000, 0x0000000100000000)
  eden space 30208K, 100% used [0x00000000f5580000,0x00000000f7300000,0x00000000f7300000)
  from space 11776K, 51% used [0x00000000f7f80000,0x00000000f8574fb8,0x00000000f8b00000)
  to   space 12288K, 0% used [0x00000000f7300000,0x00000000f7300000,0x00000000f7f00000)
 ParOldGen       total 107008K, used 59287K [0x00000000e0000000, 0x00000000e6880000, 0x00000000f5580000)
  object space 107008K, 55% used [0x00000000e0000000,0x00000000e39e5f78,0x00000000e6880000)
 Metaspace       used 90879K, capacity 97142K, committed 97408K, reserved 1134592K
  class space    used 10572K, capacity 12591K, committed 12672K, reserved 1048576K
Event: 9504.674 GC heap after
Heap after GC invocations=81 (full 4):
 PSYoungGen      total 36352K, used 6003K [0x00000000f5580000, 0x00000000f8a00000, 0x0000000100000000)
  eden space 30208K, 0% used [0x00000000f5580000,0x00000000f5580000,0x00000000f7300000)
  from space 6144K, 97% used [0x00000000f7300000,0x00000000f78dcfb8,0x00000000f7900000)
  to   space 11776K, 0% used [0x00000000f7e80000,0x00000000f7e80000,0x00000000f8a00000)
 ParOldGen       total 107008K, used 59351K [0x00000000e0000000, 0x00000000e6880000, 0x00000000f5580000)
  object space 107008K, 55% used [0x00000000e0000000,0x00000000e39f5f78,0x00000000e6880000)
 Metaspace       used 90879K, capacity 97142K, committed 97408K, reserved 1134592K
  class space    used 10572K, capacity 12591K, committed 12672K, reserved 1048576K
}
Event: 9506.951 GC heap before
{Heap before GC invocations=82 (full 4):
 PSYoungGen      total 36352K, used 36211K [0x00000000f5580000, 0x00000000f8a00000, 0x0000000100000000)
  eden space 30208K, 100% used [0x00000000f5580000,0x00000000f7300000,0x00000000f7300000)
  from space 6144K, 97% used [0x00000000f7300000,0x00000000f78dcfb8,0x00000000f7900000)
  to   space 11776K, 0% used [0x00000000f7e80000,0x00000000f7e80000,0x00000000f8a00000)
 ParOldGen       total 107008K, used 59351K [0x00000000e0000000, 0x00000000e6880000, 0x00000000f5580000)
  object space 107008K, 55% used [0x00000000e0000000,0x00000000e39f5f78,0x00000000e6880000)
 Metaspace       used 91090K, capacity 97282K, committed 97408K, reserved 1134592K
  class space    used 10596K, capacity 12593K, committed 12672K, reserved 1048576K
Event: 9506.967 GC heap after
Heap after GC invocations=82 (full 4):
 PSYoungGen      total 41984K, used 3683K [0x00000000f5580000, 0x00000000f8a00000, 0x0000000100000000)
  eden space 30208K, 0% used [0x00000000f5580000,0x00000000f5580000,0x00000000f7300000)
  from space 11776K, 31% used [0x00000000f7e80000,0x00000000f8218eb8,0x00000000f8a00000)
  to   space 11776K, 0% used [0x00000000f7300000,0x00000000f7300000,0x00000000f7e80000)
 ParOldGen       total 107008K, used 59511K [0x00000000e0000000, 0x00000000e6880000, 0x00000000f5580000)
  object space 107008K, 55% used [0x00000000e0000000,0x00000000e3a1df78,0x00000000e6880000)
 Metaspace       used 91090K, capacity 97282K, committed 97408K, reserved 1134592K
  class space    used 10596K, capacity 12593K, committed 12672K, reserved 1048576K
}

