# JRE version: Java(TM) SE Runtime Environment (8.0_45-b15) (build 1.8.0_45-b15)
# Java VM: Java HotSpot(TM) 64-Bit Server VM (25.45-b02 mixed mode windows-amd64 compressed oops)
Heap:
 PSYoungGen      total 94720K, used 42818K [0x00000000f5580000, 0x00000000fcd80000, 0x0000000100000000)
  eden space 66048K, 53% used [0x00000000f5580000,0x00000000f7831190,0x00000000f9600000)
  from space 28672K, 25% used [0x00000000f9600000,0x00000000f9d1f9f0,0x00000000fb200000)
  to   space 27136K, 0% used [0x00000000fb300000,0x00000000fb300000,0x00000000fcd80000)
 ParOldGen       total 110080K, used 52783K [0x00000000e0000000, 0x00000000e6b80000, 0x00000000f5580000)
  object space 110080K, 47% used [0x00000000e0000000,0x00000000e338bc08,0x00000000e6b80000)
 Metaspace       used 82020K, capacity 88832K, committed 89216K, reserved 1126400K
  class space    used 10029K, capacity 12064K, committed 12160K, reserved 1048576K
GC Heap History (10 events):
Event: 218.534 GC heap before
{Heap before GC invocations=26 (full 6):
 PSYoungGen      total 92160K, used 160K [0x00000000f5580000, 0x00000000fcd80000, 0x0000000100000000)
  eden space 62976K, 0% used [0x00000000f5580000,0x00000000f5580000,0x00000000f9300000)
  from space 29184K, 0% used [0x00000000fb000000,0x00000000fb028000,0x00000000fcc80000)
  to   space 29696K, 0% used [0x00000000f9300000,0x00000000f9300000,0x00000000fb000000)
 ParOldGen       total 110080K, used 51781K [0x00000000e0000000, 0x00000000e6b80000, 0x00000000f5580000)
  object space 110080K, 47% used [0x00000000e0000000,0x00000000e3291648,0x00000000e6b80000)
 Metaspace       used 76360K, capacity 82600K, committed 82816K, reserved 1120256K
  class space    used 9341K, capacity 11370K, committed 11392K, reserved 1048576K
Event: 218.711 GC heap after
Heap after GC invocations=26 (full 6):
 PSYoungGen      total 92160K, used 0K [0x00000000f5580000, 0x00000000fcd80000, 0x0000000100000000)
  eden space 62976K, 0% used [0x00000000f5580000,0x00000000f5580000,0x00000000f9300000)
  from space 29184K, 0% used [0x00000000fb000000,0x00000000fb000000,0x00000000fcc80000)
  to   space 29696K, 0% used [0x00000000f9300000,0x00000000f9300000,0x00000000fb000000)
 ParOldGen       total 110080K, used 51747K [0x00000000e0000000, 0x00000000e6b80000, 0x00000000f5580000)
  object space 110080K, 47% used [0x00000000e0000000,0x00000000e3288ed8,0x00000000e6b80000)
 Metaspace       used 76360K, capacity 82600K, committed 82816K, reserved 1120256K
  class space    used 9341K, capacity 11370K, committed 11392K, reserved 1048576K
}
Event: 276.451 GC heap before
{Heap before GC invocations=27 (full 6):
 PSYoungGen      total 92160K, used 62976K [0x00000000f5580000, 0x00000000fcd80000, 0x0000000100000000)
  eden space 62976K, 100% used [0x00000000f5580000,0x00000000f9300000,0x00000000f9300000)
  from space 29184K, 0% used [0x00000000fb000000,0x00000000fb000000,0x00000000fcc80000)
  to   space 29696K, 0% used [0x00000000f9300000,0x00000000f9300000,0x00000000fb000000)
 ParOldGen       total 110080K, used 51747K [0x00000000e0000000, 0x00000000e6b80000, 0x00000000f5580000)
  object space 110080K, 47% used [0x00000000e0000000,0x00000000e3288ed8,0x00000000e6b80000)
 Metaspace       used 77670K, capacity 84014K, committed 84224K, reserved 1122304K
  class space    used 9478K, capacity 11491K, committed 11520K, reserved 1048576K
Event: 276.457 GC heap after
Heap after GC invocations=27 (full 6):
 PSYoungGen      total 92672K, used 3796K [0x00000000f5580000, 0x00000000fcf00000, 0x0000000100000000)
  eden space 62976K, 0% used [0x00000000f5580000,0x00000000f5580000,0x00000000f9300000)
  from space 29696K, 12% used [0x00000000f9300000,0x00000000f96b5270,0x00000000fb000000)
  to   space 29184K, 0% used [0x00000000fb280000,0x00000000fb280000,0x00000000fcf00000)
 ParOldGen       total 110080K, used 51755K [0x00000000e0000000, 0x00000000e6b80000, 0x00000000f5580000)
  object space 110080K, 47% used [0x00000000e0000000,0x00000000e328aed8,0x00000000e6b80000)
 Metaspace       used 77670K, capacity 84014K, committed 84224K, reserved 1122304K
  class space    used 9478K, capacity 11491K, committed 11520K, reserved 1048576K
}
Event: 287.656 GC heap before
{Heap before GC invocations=28 (full 6):
 PSYoungGen      total 92672K, used 15729K [0x00000000f5580000, 0x00000000fcf00000, 0x0000000100000000)
  eden space 62976K, 18% used [0x00000000f5580000,0x00000000f6127428,0x00000000f9300000)
  from space 29696K, 12% used [0x00000000f9300000,0x00000000f96b5270,0x00000000fb000000)
  to   space 29184K, 0% used [0x00000000fb280000,0x00000000fb280000,0x00000000fcf00000)
 ParOldGen       total 110080K, used 51755K [0x00000000e0000000, 0x00000000e6b80000, 0x00000000f5580000)
  object space 110080K, 47% used [0x00000000e0000000,0x00000000e328aed8,0x00000000e6b80000)
 Metaspace       used 77806K, capacity 84080K, committed 84224K, reserved 1122304K
  class space    used 9487K, capacity 11493K, committed 11520K, reserved 1048576K
Event: 287.660 GC heap after
Heap after GC invocations=28 (full 6):
 PSYoungGen      total 94208K, used 2896K [0x00000000f5580000, 0x00000000fce00000, 0x0000000100000000)
  eden space 66048K, 0% used [0x00000000f5580000,0x00000000f5580000,0x00000000f9600000)
  from space 28160K, 10% used [0x00000000fb280000,0x00000000fb554140,0x00000000fce00000)
  to   space 28672K, 0% used [0x00000000f9600000,0x00000000f9600000,0x00000000fb200000)
 ParOldGen       total 110080K, used 51763K [0x00000000e0000000, 0x00000000e6b80000, 0x00000000f5580000)
  object space 110080K, 47% used [0x00000000e0000000,0x00000000e328ced8,0x00000000e6b80000)
 Metaspace       used 77806K, capacity 84080K, committed 84224K, reserved 1122304K
  class space    used 9487K, capacity 11493K, committed 11520K, reserved 1048576K
}
Event: 287.660 GC heap before
{Heap before GC invocations=29 (full 7):
 PSYoungGen      total 94208K, used 2896K [0x00000000f5580000, 0x00000000fce00000, 0x0000000100000000)
  eden space 66048K, 0% used [0x00000000f5580000,0x00000000f5580000,0x00000000f9600000)
  from space 28160K, 10% used [0x00000000fb280000,0x00000000fb554140,0x00000000fce00000)
  to   space 28672K, 0% used [0x00000000f9600000,0x00000000f9600000,0x00000000fb200000)
 ParOldGen       total 110080K, used 51763K [0x00000000e0000000, 0x00000000e6b80000, 0x00000000f5580000)
  object space 110080K, 47% used [0x00000000e0000000,0x00000000e328ced8,0x00000000e6b80000)
 Metaspace       used 77806K, capacity 84080K, committed 84224K, reserved 1122304K
  class space    used 9487K, capacity 11493K, committed 11520K, reserved 1048576K
Event: 287.969 GC heap after
Heap after GC invocations=29 (full 7):
 PSYoungGen      total 94208K, used 0K [0x00000000f5580000, 0x00000000fce00000, 0x0000000100000000)
  eden space 66048K, 0% used [0x00000000f5580000,0x00000000f5580000,0x00000000f9600000)
  from space 28160K, 0% used [0x00000000fb280000,0x00000000fb280000,0x00000000fce00000)
  to   space 28672K, 0% used [0x00000000f9600000,0x00000000f9600000,0x00000000fb200000)
 ParOldGen       total 110080K, used 52775K [0x00000000e0000000, 0x00000000e6b80000, 0x00000000f5580000)
  object space 110080K, 47% used [0x00000000e0000000,0x00000000e3389c08,0x00000000e6b80000)
 Metaspace       used 77806K, capacity 84080K, committed 84224K, reserved 1122304K
  class space    used 9487K, capacity 11493K, committed 11520K, reserved 1048576K
}
Event: 309.309 GC heap before
{Heap before GC invocations=30 (full 7):
 PSYoungGen      total 94208K, used 66048K [0x00000000f5580000, 0x00000000fce00000, 0x0000000100000000)
  eden space 66048K, 100% used [0x00000000f5580000,0x00000000f9600000,0x00000000f9600000)
  from space 28160K, 0% used [0x00000000fb280000,0x00000000fb280000,0x00000000fce00000)
  to   space 28672K, 0% used [0x00000000f9600000,0x00000000f9600000,0x00000000fb200000)
 ParOldGen       total 110080K, used 52775K [0x00000000e0000000, 0x00000000e6b80000, 0x00000000f5580000)
  object space 110080K, 47% used [0x00000000e0000000,0x00000000e3389c08,0x00000000e6b80000)
 Metaspace       used 81052K, capacity 87838K, committed 88064K, reserved 1126400K
  class space    used 9933K, capacity 11995K, committed 12032K, reserved 1048576K
Event: 309.324 GC heap after
Heap after GC invocations=30 (full 7):
 PSYoungGen      total 94720K, used 7294K [0x00000000f5580000, 0x00000000fcd80000, 0x0000000100000000)
  eden space 66048K, 0% used [0x00000000f5580000,0x00000000f5580000,0x00000000f9600000)
  from space 28672K, 25% used [0x00000000f9600000,0x00000000f9d1f9f0,0x00000000fb200000)
  to   space 27136K, 0% used [0x00000000fb300000,0x00000000fb300000,0x00000000fcd80000)
 ParOldGen       total 110080K, used 52783K [0x00000000e0000000, 0x00000000e6b80000, 0x00000000f5580000)
  object space 110080K, 47% used [0x00000000e0000000,0x00000000e338bc08,0x00000000e6b80000)
 Metaspace       used 81052K, capacity 87838K, committed 88064K, reserved 1126400K
  class space    used 9933K, capacity 11995K, committed 12032K, reserved 1048576K
}

