# JRE version: Java(TM) SE Runtime Environment (8.0_45-b15) (build 1.8.0_45-b15)
# Java VM: Java HotSpot(TM) 64-Bit Server VM (25.45-b02 mixed mode windows-amd64 compressed oops)
Heap:
 PSYoungGen      total 114688K, used 67255K [0x00000000f5580000, 0x00000000fd900000, 0x0000000100000000)
  eden space 94720K, 71% used [0x00000000f5580000,0x00000000f972dd98,0x00000000fb200000)
  from space 19968K, 0% used [0x00000000fb200000,0x00000000fb200000,0x00000000fc580000)
  to   space 19968K, 0% used [0x00000000fc580000,0x00000000fc580000,0x00000000fd900000)
 ParOldGen       total 110592K, used 52907K [0x00000000e0000000, 0x00000000e6c00000, 0x00000000f5580000)
  object space 110592K, 47% used [0x00000000e0000000,0x00000000e33aae60,0x00000000e6c00000)
 Metaspace       used 91084K, capacity 97710K, committed 97920K, reserved 1134592K
  class space    used 10986K, capacity 13072K, committed 13184K, reserved 1048576K
GC Heap History (10 events):
Event: 703.470 GC heap before
{Heap before GC invocations=42 (full 9):
 PSYoungGen      total 110592K, used 90624K [0x00000000f5580000, 0x00000000fd600000, 0x0000000100000000)
  eden space 90624K, 100% used [0x00000000f5580000,0x00000000fae00000,0x00000000fae00000)
  from space 19968K, 0% used [0x00000000fc280000,0x00000000fc280000,0x00000000fd600000)
  to   space 20480K, 0% used [0x00000000fae00000,0x00000000fae00000,0x00000000fc200000)
 ParOldGen       total 110592K, used 53778K [0x00000000e0000000, 0x00000000e6c00000, 0x00000000f5580000)
  object space 110592K, 48% used [0x00000000e0000000,0x00000000e3484ba8,0x00000000e6c00000)
 Metaspace       used 90107K, capacity 96896K, committed 97024K, reserved 1132544K
  class space    used 10895K, capacity 12972K, committed 13056K, reserved 1048576K
Event: 703.477 GC heap after
Heap after GC invocations=42 (full 9):
 PSYoungGen      total 111104K, used 3984K [0x00000000f5580000, 0x00000000fd900000, 0x0000000100000000)
  eden space 90624K, 0% used [0x00000000f5580000,0x00000000f5580000,0x00000000fae00000)
  from space 20480K, 19% used [0x00000000fae00000,0x00000000fb1e41c0,0x00000000fc200000)
  to   space 19968K, 0% used [0x00000000fc580000,0x00000000fc580000,0x00000000fd900000)
 ParOldGen       total 110592K, used 53786K [0x00000000e0000000, 0x00000000e6c00000, 0x00000000f5580000)
  object space 110592K, 48% used [0x00000000e0000000,0x00000000e3486ba8,0x00000000e6c00000)
 Metaspace       used 90107K, capacity 96896K, committed 97024K, reserved 1132544K
  class space    used 10895K, capacity 12972K, committed 13056K, reserved 1048576K
}
Event: 733.316 GC heap before
{Heap before GC invocations=43 (full 9):
 PSYoungGen      total 111104K, used 45627K [0x00000000f5580000, 0x00000000fd900000, 0x0000000100000000)
  eden space 90624K, 45% used [0x00000000f5580000,0x00000000f7e2ad90,0x00000000fae00000)
  from space 20480K, 19% used [0x00000000fae00000,0x00000000fb1e41c0,0x00000000fc200000)
  to   space 19968K, 0% used [0x00000000fc580000,0x00000000fc580000,0x00000000fd900000)
 ParOldGen       total 110592K, used 53786K [0x00000000e0000000, 0x00000000e6c00000, 0x00000000f5580000)
  object space 110592K, 48% used [0x00000000e0000000,0x00000000e3486ba8,0x00000000e6c00000)
 Metaspace       used 90295K, capacity 97026K, committed 97280K, reserved 1134592K
  class space    used 10906K, capacity 12974K, committed 13056K, reserved 1048576K
Event: 733.324 GC heap after
Heap after GC invocations=43 (full 9):
 PSYoungGen      total 114688K, used 3152K [0x00000000f5580000, 0x00000000fd900000, 0x0000000100000000)
  eden space 94720K, 0% used [0x00000000f5580000,0x00000000f5580000,0x00000000fb200000)
  from space 19968K, 15% used [0x00000000fc580000,0x00000000fc894010,0x00000000fd900000)
  to   space 19968K, 0% used [0x00000000fb200000,0x00000000fb200000,0x00000000fc580000)
 ParOldGen       total 110592K, used 53794K [0x00000000e0000000, 0x00000000e6c00000, 0x00000000f5580000)
  object space 110592K, 48% used [0x00000000e0000000,0x00000000e3488ba8,0x00000000e6c00000)
 Metaspace       used 90295K, capacity 97026K, committed 97280K, reserved 1134592K
  class space    used 10906K, capacity 12974K, committed 13056K, reserved 1048576K
}
Event: 733.324 GC heap before
{Heap before GC invocations=44 (full 10):
 PSYoungGen      total 114688K, used 3152K [0x00000000f5580000, 0x00000000fd900000, 0x0000000100000000)
  eden space 94720K, 0% used [0x00000000f5580000,0x00000000f5580000,0x00000000fb200000)
  from space 19968K, 15% used [0x00000000fc580000,0x00000000fc894010,0x00000000fd900000)
  to   space 19968K, 0% used [0x00000000fb200000,0x00000000fb200000,0x00000000fc580000)
 ParOldGen       total 110592K, used 53794K [0x00000000e0000000, 0x00000000e6c00000, 0x00000000f5580000)
  object space 110592K, 48% used [0x00000000e0000000,0x00000000e3488ba8,0x00000000e6c00000)
 Metaspace       used 90295K, capacity 97026K, committed 97280K, reserved 1134592K
  class space    used 10906K, capacity 12974K, committed 13056K, reserved 1048576K
Event: 733.772 GC heap after
Heap after GC invocations=44 (full 10):
 PSYoungGen      total 114688K, used 0K [0x00000000f5580000, 0x00000000fd900000, 0x0000000100000000)
  eden space 94720K, 0% used [0x00000000f5580000,0x00000000f5580000,0x00000000fb200000)
  from space 19968K, 0% used [0x00000000fc580000,0x00000000fc580000,0x00000000fd900000)
  to   space 19968K, 0% used [0x00000000fb200000,0x00000000fb200000,0x00000000fc580000)
 ParOldGen       total 110592K, used 53244K [0x00000000e0000000, 0x00000000e6c00000, 0x00000000f5580000)
  object space 110592K, 48% used [0x00000000e0000000,0x00000000e33ff2c8,0x00000000e6c00000)
 Metaspace       used 90295K, capacity 97026K, committed 97280K, reserved 1134592K
  class space    used 10906K, capacity 12974K, committed 13056K, reserved 1048576K
}
Event: 793.332 GC heap before
{Heap before GC invocations=45 (full 10):
 PSYoungGen      total 114688K, used 3750K [0x00000000f5580000, 0x00000000fd900000, 0x0000000100000000)
  eden space 94720K, 3% used [0x00000000f5580000,0x00000000f5929af8,0x00000000fb200000)
  from space 19968K, 0% used [0x00000000fc580000,0x00000000fc580000,0x00000000fd900000)
  to   space 19968K, 0% used [0x00000000fb200000,0x00000000fb200000,0x00000000fc580000)
 ParOldGen       total 110592K, used 53244K [0x00000000e0000000, 0x00000000e6c00000, 0x00000000f5580000)
  object space 110592K, 48% used [0x00000000e0000000,0x00000000e33ff2c8,0x00000000e6c00000)
 Metaspace       used 90299K, capacity 97090K, committed 97280K, reserved 1134592K
  class space    used 10906K, capacity 12974K, committed 13056K, reserved 1048576K
Event: 793.335 GC heap after
Heap after GC invocations=45 (full 10):
 PSYoungGen      total 114688K, used 160K [0x00000000f5580000, 0x00000000fd900000, 0x0000000100000000)
  eden space 94720K, 0% used [0x00000000f5580000,0x00000000f5580000,0x00000000fb200000)
  from space 19968K, 0% used [0x00000000fb200000,0x00000000fb228000,0x00000000fc580000)
  to   space 19968K, 0% used [0x00000000fc580000,0x00000000fc580000,0x00000000fd900000)
 ParOldGen       total 110592K, used 53244K [0x00000000e0000000, 0x00000000e6c00000, 0x00000000f5580000)
  object space 110592K, 48% used [0x00000000e0000000,0x00000000e33ff2c8,0x00000000e6c00000)
 Metaspace       used 90299K, capacity 97090K, committed 97280K, reserved 1134592K
  class space    used 10906K, capacity 12974K, committed 13056K, reserved 1048576K
}
Event: 793.335 GC heap before
{Heap before GC invocations=46 (full 11):
 PSYoungGen      total 114688K, used 160K [0x00000000f5580000, 0x00000000fd900000, 0x0000000100000000)
  eden space 94720K, 0% used [0x00000000f5580000,0x00000000f5580000,0x00000000fb200000)
  from space 19968K, 0% used [0x00000000fb200000,0x00000000fb228000,0x00000000fc580000)
  to   space 19968K, 0% used [0x00000000fc580000,0x00000000fc580000,0x00000000fd900000)
 ParOldGen       total 110592K, used 53244K [0x00000000e0000000, 0x00000000e6c00000, 0x00000000f5580000)
  object space 110592K, 48% used [0x00000000e0000000,0x00000000e33ff2c8,0x00000000e6c00000)
 Metaspace       used 90299K, capacity 97090K, committed 97280K, reserved 1134592K
  class space    used 10906K, capacity 12974K, committed 13056K, reserved 1048576K
Event: 793.549 GC heap after
Heap after GC invocations=46 (full 11):
 PSYoungGen      total 114688K, used 0K [0x00000000f5580000, 0x00000000fd900000, 0x0000000100000000)
  eden space 94720K, 0% used [0x00000000f5580000,0x00000000f5580000,0x00000000fb200000)
  from space 19968K, 0% used [0x00000000fb200000,0x00000000fb200000,0x00000000fc580000)
  to   space 19968K, 0% used [0x00000000fc580000,0x00000000fc580000,0x00000000fd900000)
 ParOldGen       total 110592K, used 52907K [0x00000000e0000000, 0x00000000e6c00000, 0x00000000f5580000)
  object space 110592K, 47% used [0x00000000e0000000,0x00000000e33aae60,0x00000000e6c00000)
 Metaspace       used 90299K, capacity 97090K, committed 97280K, reserved 1134592K
  class space    used 10906K, capacity 12974K, committed 13056K, reserved 1048576K
}

