# JRE version: Java(TM) SE Runtime Environment (8.0_45-b15) (build 1.8.0_45-b15)
# Java VM: Java HotSpot(TM) 64-Bit Server VM (25.45-b02 mixed mode windows-amd64 compressed oops)
Heap:
 PSYoungGen      total 101376K, used 76576K [0x00000000f5580000, 0x00000000fde00000, 0x0000000100000000)
  eden space 65024K, 78% used [0x00000000f5580000,0x00000000f8732810,0x00000000f9500000)
  from space 36352K, 70% used [0x00000000fba00000,0x00000000fd315a30,0x00000000fdd80000)
  to   space 37376K, 0% used [0x00000000f9500000,0x00000000f9500000,0x00000000fb980000)
 ParOldGen       total 99328K, used 43229K [0x00000000e0000000, 0x00000000e6100000, 0x00000000f5580000)
  object space 99328K, 43% used [0x00000000e0000000,0x00000000e2a377f8,0x00000000e6100000)
 Metaspace       used 84896K, capacity 91284K, committed 91520K, reserved 1128448K
  class space    used 10252K, capacity 12306K, committed 12416K, reserved 1048576K
GC Heap History (10 events):
Event: 360.364 GC heap before
{Heap before GC invocations=21 (full 3):
 PSYoungGen      total 100864K, used 97673K [0x00000000f5580000, 0x00000000fdc80000, 0x0000000100000000)
  eden space 74240K, 100% used [0x00000000f5580000,0x00000000f9e00000,0x00000000f9e00000)
  from space 26624K, 88% used [0x00000000f9e00000,0x00000000fb4e2428,0x00000000fb800000)
  to   space 29184K, 0% used [0x00000000fc000000,0x00000000fc000000,0x00000000fdc80000)
 ParOldGen       total 99328K, used 43189K [0x00000000e0000000, 0x00000000e6100000, 0x00000000f5580000)
  object space 99328K, 43% used [0x00000000e0000000,0x00000000e2a2d7f8,0x00000000e6100000)
 Metaspace       used 81807K, capacity 88110K, committed 88192K, reserved 1126400K
  class space    used 10057K, capacity 12134K, committed 12160K, reserved 1048576K
Event: 360.386 GC heap after
Heap after GC invocations=21 (full 3):
 PSYoungGen      total 98816K, used 24997K [0x00000000f5580000, 0x00000000fda00000, 0x0000000100000000)
  eden space 72192K, 0% used [0x00000000f5580000,0x00000000f5580000,0x00000000f9c00000)
  from space 26624K, 93% used [0x00000000fc000000,0x00000000fd8696d8,0x00000000fda00000)
  to   space 31744K, 0% used [0x00000000f9c00000,0x00000000f9c00000,0x00000000fbb00000)
 ParOldGen       total 99328K, used 43197K [0x00000000e0000000, 0x00000000e6100000, 0x00000000f5580000)
  object space 99328K, 43% used [0x00000000e0000000,0x00000000e2a2f7f8,0x00000000e6100000)
 Metaspace       used 81807K, capacity 88110K, committed 88192K, reserved 1126400K
  class space    used 10057K, capacity 12134K, committed 12160K, reserved 1048576K
}
Event: 388.871 GC heap before
{Heap before GC invocations=22 (full 3):
 PSYoungGen      total 98816K, used 97189K [0x00000000f5580000, 0x00000000fda00000, 0x0000000100000000)
  eden space 72192K, 100% used [0x00000000f5580000,0x00000000f9c00000,0x00000000f9c00000)
  from space 26624K, 93% used [0x00000000fc000000,0x00000000fd8696d8,0x00000000fda00000)
  to   space 31744K, 0% used [0x00000000f9c00000,0x00000000f9c00000,0x00000000fbb00000)
 ParOldGen       total 99328K, used 43197K [0x00000000e0000000, 0x00000000e6100000, 0x00000000f5580000)
  object space 99328K, 43% used [0x00000000e0000000,0x00000000e2a2f7f8,0x00000000e6100000)
 Metaspace       used 82466K, capacity 88924K, committed 89088K, reserved 1126400K
  class space    used 10094K, capacity 12170K, committed 12288K, reserved 1048576K
Event: 388.891 GC heap after
Heap after GC invocations=22 (full 3):
 PSYoungGen      total 101888K, used 25559K [0x00000000f5580000, 0x00000000fdc00000, 0x0000000100000000)
  eden space 70144K, 0% used [0x00000000f5580000,0x00000000f5580000,0x00000000f9a00000)
  from space 31744K, 80% used [0x00000000f9c00000,0x00000000fb4f5d90,0x00000000fbb00000)
  to   space 33792K, 0% used [0x00000000fbb00000,0x00000000fbb00000,0x00000000fdc00000)
 ParOldGen       total 99328K, used 43205K [0x00000000e0000000, 0x00000000e6100000, 0x00000000f5580000)
  object space 99328K, 43% used [0x00000000e0000000,0x00000000e2a317f8,0x00000000e6100000)
 Metaspace       used 82466K, capacity 88924K, committed 89088K, reserved 1126400K
  class space    used 10094K, capacity 12170K, committed 12288K, reserved 1048576K
}
Event: 416.936 GC heap before
{Heap before GC invocations=23 (full 3):
 PSYoungGen      total 101888K, used 95703K [0x00000000f5580000, 0x00000000fdc00000, 0x0000000100000000)
  eden space 70144K, 100% used [0x00000000f5580000,0x00000000f9a00000,0x00000000f9a00000)
  from space 31744K, 80% used [0x00000000f9c00000,0x00000000fb4f5d90,0x00000000fbb00000)
  to   space 33792K, 0% used [0x00000000fbb00000,0x00000000fbb00000,0x00000000fdc00000)
 ParOldGen       total 99328K, used 43205K [0x00000000e0000000, 0x00000000e6100000, 0x00000000f5580000)
  object space 99328K, 43% used [0x00000000e0000000,0x00000000e2a317f8,0x00000000e6100000)
 Metaspace       used 82856K, capacity 89342K, committed 89600K, reserved 1126400K
  class space    used 10099K, capacity 12175K, committed 12288K, reserved 1048576K
Event: 416.957 GC heap after
Heap after GC invocations=23 (full 3):
 PSYoungGen      total 101888K, used 25593K [0x00000000f5580000, 0x00000000fde80000, 0x0000000100000000)
  eden space 68096K, 0% used [0x00000000f5580000,0x00000000f5580000,0x00000000f9800000)
  from space 33792K, 75% used [0x00000000fbb00000,0x00000000fd3fe590,0x00000000fdc00000)
  to   space 35840K, 0% used [0x00000000f9800000,0x00000000f9800000,0x00000000fbb00000)
 ParOldGen       total 99328K, used 43213K [0x00000000e0000000, 0x00000000e6100000, 0x00000000f5580000)
  object space 99328K, 43% used [0x00000000e0000000,0x00000000e2a337f8,0x00000000e6100000)
 Metaspace       used 82856K, capacity 89342K, committed 89600K, reserved 1126400K
  class space    used 10099K, capacity 12175K, committed 12288K, reserved 1048576K
}
Event: 475.100 GC heap before
{Heap before GC invocations=24 (full 3):
 PSYoungGen      total 101888K, used 93689K [0x00000000f5580000, 0x00000000fde80000, 0x0000000100000000)
  eden space 68096K, 100% used [0x00000000f5580000,0x00000000f9800000,0x00000000f9800000)
  from space 33792K, 75% used [0x00000000fbb00000,0x00000000fd3fe590,0x00000000fdc00000)
  to   space 35840K, 0% used [0x00000000f9800000,0x00000000f9800000,0x00000000fbb00000)
 ParOldGen       total 99328K, used 43213K [0x00000000e0000000, 0x00000000e6100000, 0x00000000f5580000)
  object space 99328K, 43% used [0x00000000e0000000,0x00000000e2a337f8,0x00000000e6100000)
 Metaspace       used 83487K, capacity 89982K, committed 90112K, reserved 1126400K
  class space    used 10146K, capacity 12239K, committed 12288K, reserved 1048576K
Event: 475.120 GC heap after
Heap after GC invocations=24 (full 3):
 PSYoungGen      total 91648K, used 24807K [0x00000000f5580000, 0x00000000fdd80000, 0x0000000100000000)
  eden space 66560K, 0% used [0x00000000f5580000,0x00000000f5580000,0x00000000f9680000)
  from space 25088K, 98% used [0x00000000f9800000,0x00000000fb039d50,0x00000000fb080000)
  to   space 36352K, 0% used [0x00000000fba00000,0x00000000fba00000,0x00000000fdd80000)
 ParOldGen       total 99328K, used 43221K [0x00000000e0000000, 0x00000000e6100000, 0x00000000f5580000)
  object space 99328K, 43% used [0x00000000e0000000,0x00000000e2a357f8,0x00000000e6100000)
 Metaspace       used 83487K, capacity 89982K, committed 90112K, reserved 1126400K
  class space    used 10146K, capacity 12239K, committed 12288K, reserved 1048576K
}
Event: 501.529 GC heap before
{Heap before GC invocations=25 (full 3):
 PSYoungGen      total 91648K, used 91367K [0x00000000f5580000, 0x00000000fdd80000, 0x0000000100000000)
  eden space 66560K, 100% used [0x00000000f5580000,0x00000000f9680000,0x00000000f9680000)
  from space 25088K, 98% used [0x00000000f9800000,0x00000000fb039d50,0x00000000fb080000)
  to   space 36352K, 0% used [0x00000000fba00000,0x00000000fba00000,0x00000000fdd80000)
 ParOldGen       total 99328K, used 43221K [0x00000000e0000000, 0x00000000e6100000, 0x00000000f5580000)
  object space 99328K, 43% used [0x00000000e0000000,0x00000000e2a357f8,0x00000000e6100000)
 Metaspace       used 83762K, capacity 90174K, committed 90368K, reserved 1128448K
  class space    used 10151K, capacity 12239K, committed 12288K, reserved 1048576K
Event: 501.550 GC heap after
Heap after GC invocations=25 (full 3):
 PSYoungGen      total 101376K, used 25686K [0x00000000f5580000, 0x00000000fde00000, 0x0000000100000000)
  eden space 65024K, 0% used [0x00000000f5580000,0x00000000f5580000,0x00000000f9500000)
  from space 36352K, 70% used [0x00000000fba00000,0x00000000fd315a30,0x00000000fdd80000)
  to   space 37376K, 0% used [0x00000000f9500000,0x00000000f9500000,0x00000000fb980000)
 ParOldGen       total 99328K, used 43229K [0x00000000e0000000, 0x00000000e6100000, 0x00000000f5580000)
  object space 99328K, 43% used [0x00000000e0000000,0x00000000e2a377f8,0x00000000e6100000)
 Metaspace       used 83762K, capacity 90174K, committed 90368K, reserved 1128448K
  class space    used 10151K, capacity 12239K, committed 12288K, reserved 1048576K
}

