# JRE version: Java(TM) SE Runtime Environment (8.0_45-b15) (build 1.8.0_45-b15)
# Java VM: Java HotSpot(TM) 64-Bit Server VM (25.45-b02 mixed mode windows-amd64 compressed oops)
Heap:
 PSYoungGen      total 47616K, used 6570K [0x00000000f5580000, 0x00000000f9800000, 0x0000000100000000)
  eden space 41472K, 1% used [0x00000000f5580000,0x00000000f562ac10,0x00000000f7e00000)
  from space 6144K, 95% used [0x00000000f7e80000,0x00000000f843fe30,0x00000000f8480000)
  to   space 13312K, 0% used [0x00000000f8b00000,0x00000000f8b00000,0x00000000f9800000)
 ParOldGen       total 109056K, used 73426K [0x00000000e0000000, 0x00000000e6a80000, 0x00000000f5580000)
  object space 109056K, 67% used [0x00000000e0000000,0x00000000e47b4b18,0x00000000e6a80000)
 Metaspace       used 103833K, capacity 111406K, committed 111616K, reserved 1146880K
  class space    used 12247K, capacity 14478K, committed 14592K, reserved 1048576K
GC Heap History (10 events):
Event: 4191.032 GC heap before
{Heap before GC invocations=115 (full 20):
 PSYoungGen      total 56320K, used 54212K [0x00000000f5580000, 0x00000000f9a80000, 0x0000000100000000)
  eden space 44032K, 100% used [0x00000000f5580000,0x00000000f8080000,0x00000000f8080000)
  from space 12288K, 82% used [0x00000000f8e80000,0x00000000f9871110,0x00000000f9a80000)
  to   space 13312K, 0% used [0x00000000f8080000,0x00000000f8080000,0x00000000f8d80000)
 ParOldGen       total 109056K, used 70413K [0x00000000e0000000, 0x00000000e6a80000, 0x00000000f5580000)
  object space 109056K, 64% used [0x00000000e0000000,0x00000000e44c3470,0x00000000e6a80000)
 Metaspace       used 103087K, capacity 110604K, committed 110720K, reserved 1144832K
  class space    used 12182K, capacity 14435K, committed 14464K, reserved 1048576K
Event: 4191.041 GC heap after
Heap after GC invocations=115 (full 20):
 PSYoungGen      total 53760K, used 9926K [0x00000000f5580000, 0x00000000f9a00000, 0x0000000100000000)
  eden space 43520K, 0% used [0x00000000f5580000,0x00000000f5580000,0x00000000f8000000)
  from space 10240K, 96% used [0x00000000f8080000,0x00000000f8a31840,0x00000000f8a80000)
  to   space 13312K, 0% used [0x00000000f8d00000,0x00000000f8d00000,0x00000000f9a00000)
 ParOldGen       total 109056K, used 70555K [0x00000000e0000000, 0x00000000e6a80000, 0x00000000f5580000)
  object space 109056K, 64% used [0x00000000e0000000,0x00000000e44e6d70,0x00000000e6a80000)
 Metaspace       used 103087K, capacity 110604K, committed 110720K, reserved 1144832K
  class space    used 12182K, capacity 14435K, committed 14464K, reserved 1048576K
}
Event: 4442.156 GC heap before
{Heap before GC invocations=116 (full 20):
 PSYoungGen      total 53760K, used 53446K [0x00000000f5580000, 0x00000000f9a00000, 0x0000000100000000)
  eden space 43520K, 100% used [0x00000000f5580000,0x00000000f8000000,0x00000000f8000000)
  from space 10240K, 96% used [0x00000000f8080000,0x00000000f8a31840,0x00000000f8a80000)
  to   space 13312K, 0% used [0x00000000f8d00000,0x00000000f8d00000,0x00000000f9a00000)
 ParOldGen       total 109056K, used 70555K [0x00000000e0000000, 0x00000000e6a80000, 0x00000000f5580000)
  object space 109056K, 64% used [0x00000000e0000000,0x00000000e44e6d70,0x00000000e6a80000)
 Metaspace       used 103131K, capacity 110710K, committed 110976K, reserved 1146880K
  class space    used 12186K, capacity 14442K, committed 14464K, reserved 1048576K
Event: 4442.165 GC heap after
Heap after GC invocations=116 (full 20):
 PSYoungGen      total 54784K, used 9234K [0x00000000f5580000, 0x00000000f9880000, 0x0000000100000000)
  eden space 43008K, 0% used [0x00000000f5580000,0x00000000f5580000,0x00000000f7f80000)
  from space 11776K, 78% used [0x00000000f8d00000,0x00000000f9604ac8,0x00000000f9880000)
  to   space 12800K, 0% used [0x00000000f7f80000,0x00000000f7f80000,0x00000000f8c00000)
 ParOldGen       total 109056K, used 70707K [0x00000000e0000000, 0x00000000e6a80000, 0x00000000f5580000)
  object space 109056K, 64% used [0x00000000e0000000,0x00000000e450cd70,0x00000000e6a80000)
 Metaspace       used 103131K, capacity 110710K, committed 110976K, reserved 1146880K
  class space    used 12186K, capacity 14442K, committed 14464K, reserved 1048576K
}
Event: 4454.975 GC heap before
{Heap before GC invocations=117 (full 20):
 PSYoungGen      total 54784K, used 52242K [0x00000000f5580000, 0x00000000f9880000, 0x0000000100000000)
  eden space 43008K, 100% used [0x00000000f5580000,0x00000000f7f80000,0x00000000f7f80000)
  from space 11776K, 78% used [0x00000000f8d00000,0x00000000f9604ac8,0x00000000f9880000)
  to   space 12800K, 0% used [0x00000000f7f80000,0x00000000f7f80000,0x00000000f8c00000)
 ParOldGen       total 109056K, used 70707K [0x00000000e0000000, 0x00000000e6a80000, 0x00000000f5580000)
  object space 109056K, 64% used [0x00000000e0000000,0x00000000e450cd70,0x00000000e6a80000)
 Metaspace       used 103210K, capacity 110716K, committed 110976K, reserved 1146880K
  class space    used 12190K, capacity 14443K, committed 14464K, reserved 1048576K
Event: 4454.986 GC heap after
Heap after GC invocations=117 (full 20):
 PSYoungGen      total 55296K, used 7009K [0x00000000f5580000, 0x00000000f9900000, 0x0000000100000000)
  eden space 42496K, 0% used [0x00000000f5580000,0x00000000f5580000,0x00000000f7f00000)
  from space 12800K, 54% used [0x00000000f7f80000,0x00000000f86586a0,0x00000000f8c00000)
  to   space 13312K, 0% used [0x00000000f8c00000,0x00000000f8c00000,0x00000000f9900000)
 ParOldGen       total 109056K, used 73338K [0x00000000e0000000, 0x00000000e6a80000, 0x00000000f5580000)
  object space 109056K, 67% used [0x00000000e0000000,0x00000000e479eb18,0x00000000e6a80000)
 Metaspace       used 103210K, capacity 110716K, committed 110976K, reserved 1146880K
  class space    used 12190K, capacity 14443K, committed 14464K, reserved 1048576K
}
Event: 4475.385 GC heap before
{Heap before GC invocations=118 (full 20):
 PSYoungGen      total 55296K, used 49505K [0x00000000f5580000, 0x00000000f9900000, 0x0000000100000000)
  eden space 42496K, 100% used [0x00000000f5580000,0x00000000f7f00000,0x00000000f7f00000)
  from space 12800K, 54% used [0x00000000f7f80000,0x00000000f86586a0,0x00000000f8c00000)
  to   space 13312K, 0% used [0x00000000f8c00000,0x00000000f8c00000,0x00000000f9900000)
 ParOldGen       total 109056K, used 73338K [0x00000000e0000000, 0x00000000e6a80000, 0x00000000f5580000)
  object space 109056K, 67% used [0x00000000e0000000,0x00000000e479eb18,0x00000000e6a80000)
 Metaspace       used 103384K, capacity 110844K, committed 110976K, reserved 1146880K
  class space    used 12203K, capacity 14443K, committed 14464K, reserved 1048576K
Event: 4475.394 GC heap after
Heap after GC invocations=118 (full 20):
 PSYoungGen      total 54784K, used 7491K [0x00000000f5580000, 0x00000000f9880000, 0x0000000100000000)
  eden space 41984K, 0% used [0x00000000f5580000,0x00000000f5580000,0x00000000f7e80000)
  from space 12800K, 58% used [0x00000000f8c00000,0x00000000f9350fc8,0x00000000f9880000)
  to   space 13312K, 0% used [0x00000000f7e80000,0x00000000f7e80000,0x00000000f8b80000)
 ParOldGen       total 109056K, used 73386K [0x00000000e0000000, 0x00000000e6a80000, 0x00000000f5580000)
  object space 109056K, 67% used [0x00000000e0000000,0x00000000e47aab18,0x00000000e6a80000)
 Metaspace       used 103384K, capacity 110844K, committed 110976K, reserved 1146880K
  class space    used 12203K, capacity 14443K, committed 14464K, reserved 1048576K
}
Event: 4478.289 GC heap before
{Heap before GC invocations=119 (full 20):
 PSYoungGen      total 54784K, used 49475K [0x00000000f5580000, 0x00000000f9880000, 0x0000000100000000)
  eden space 41984K, 100% used [0x00000000f5580000,0x00000000f7e80000,0x00000000f7e80000)
  from space 12800K, 58% used [0x00000000f8c00000,0x00000000f9350fc8,0x00000000f9880000)
  to   space 13312K, 0% used [0x00000000f7e80000,0x00000000f7e80000,0x00000000f8b80000)
 ParOldGen       total 109056K, used 73386K [0x00000000e0000000, 0x00000000e6a80000, 0x00000000f5580000)
  object space 109056K, 67% used [0x00000000e0000000,0x00000000e47aab18,0x00000000e6a80000)
 Metaspace       used 103825K, capacity 111342K, committed 111616K, reserved 1146880K
  class space    used 12246K, capacity 14478K, committed 14592K, reserved 1048576K
Event: 4478.300 GC heap after
Heap after GC invocations=119 (full 20):
 PSYoungGen      total 47616K, used 5887K [0x00000000f5580000, 0x00000000f9800000, 0x0000000100000000)
  eden space 41472K, 0% used [0x00000000f5580000,0x00000000f5580000,0x00000000f7e00000)
  from space 6144K, 95% used [0x00000000f7e80000,0x00000000f843fe30,0x00000000f8480000)
  to   space 13312K, 0% used [0x00000000f8b00000,0x00000000f8b00000,0x00000000f9800000)
 ParOldGen       total 109056K, used 73426K [0x00000000e0000000, 0x00000000e6a80000, 0x00000000f5580000)
  object space 109056K, 67% used [0x00000000e0000000,0x00000000e47b4b18,0x00000000e6a80000)
 Metaspace       used 103825K, capacity 111342K, committed 111616K, reserved 1146880K
  class space    used 12246K, capacity 14478K, committed 14592K, reserved 1048576K
}

