# JRE version: Java(TM) SE Runtime Environment (8.0_45-b15) (build 1.8.0_45-b15)
# Java VM: Java HotSpot(TM) 64-Bit Server VM (25.45-b02 mixed mode windows-amd64 compressed oops)
Heap:
 PSYoungGen      total 19968K, used 3374K [0x00000000f5580000, 0x00000000f6e00000, 0x0000000100000000)
  eden space 14848K, 1% used [0x00000000f5580000,0x00000000f55c7fa0,0x00000000f6400000)
  from space 5120K, 60% used [0x00000000f6400000,0x00000000f6703938,0x00000000f6900000)
  to   space 5120K, 0% used [0x00000000f6900000,0x00000000f6900000,0x00000000f6e00000)
 ParOldGen       total 111616K, used 103742K [0x00000000e0000000, 0x00000000e6d00000, 0x00000000f5580000)
  object space 111616K, 92% used [0x00000000e0000000,0x00000000e654fba8,0x00000000e6d00000)
 Metaspace       used 106027K, capacity 113062K, committed 113408K, reserved 1148928K
  class space    used 12292K, capacity 14498K, committed 14592K, reserved 1048576K
GC Heap History (10 events):
Event: 7508.132 GC heap before
{Heap before GC invocations=361 (full 14):
 PSYoungGen      total 19456K, used 18247K [0x00000000f5580000, 0x00000000f6c80000, 0x0000000100000000)
  eden space 15360K, 99% used [0x00000000f5580000,0x00000000f647df00,0x00000000f6480000)
  from space 4096K, 70% used [0x00000000f6880000,0x00000000f6b53e30,0x00000000f6c80000)
  to   space 4096K, 0% used [0x00000000f6480000,0x00000000f6480000,0x00000000f6880000)
 ParOldGen       total 111616K, used 103622K [0x00000000e0000000, 0x00000000e6d00000, 0x00000000f5580000)
  object space 111616K, 92% used [0x00000000e0000000,0x00000000e6531b88,0x00000000e6d00000)
 Metaspace       used 105468K, capacity 112660K, committed 112768K, reserved 1146880K
  class space    used 12230K, capacity 14431K, committed 14464K, reserved 1048576K
Event: 7508.138 GC heap after
Heap after GC invocations=361 (full 14):
 PSYoungGen      total 19456K, used 4079K [0x00000000f5580000, 0x00000000f6d80000, 0x0000000100000000)
  eden space 15360K, 0% used [0x00000000f5580000,0x00000000f5580000,0x00000000f6480000)
  from space 4096K, 99% used [0x00000000f6480000,0x00000000f687bf80,0x00000000f6880000)
  to   space 4608K, 0% used [0x00000000f6900000,0x00000000f6900000,0x00000000f6d80000)
 ParOldGen       total 111616K, used 103678K [0x00000000e0000000, 0x00000000e6d00000, 0x00000000f5580000)
  object space 111616K, 92% used [0x00000000e0000000,0x00000000e653fba8,0x00000000e6d00000)
 Metaspace       used 105468K, capacity 112660K, committed 112768K, reserved 1146880K
  class space    used 12230K, capacity 14431K, committed 14464K, reserved 1048576K
}
Event: 7515.724 GC heap before
{Heap before GC invocations=362 (full 14):
 PSYoungGen      total 19456K, used 19439K [0x00000000f5580000, 0x00000000f6d80000, 0x0000000100000000)
  eden space 15360K, 100% used [0x00000000f5580000,0x00000000f6480000,0x00000000f6480000)
  from space 4096K, 99% used [0x00000000f6480000,0x00000000f687bf80,0x00000000f6880000)
  to   space 4608K, 0% used [0x00000000f6900000,0x00000000f6900000,0x00000000f6d80000)
 ParOldGen       total 111616K, used 103678K [0x00000000e0000000, 0x00000000e6d00000, 0x00000000f5580000)
  object space 111616K, 92% used [0x00000000e0000000,0x00000000e653fba8,0x00000000e6d00000)
 Metaspace       used 105576K, capacity 112724K, committed 113024K, reserved 1148928K
  class space    used 12245K, capacity 14431K, committed 14464K, reserved 1048576K
Event: 7515.730 GC heap after
Heap after GC invocations=362 (full 14):
 PSYoungGen      total 19456K, used 3599K [0x00000000f5580000, 0x00000000f6e80000, 0x0000000100000000)
  eden space 14848K, 0% used [0x00000000f5580000,0x00000000f5580000,0x00000000f6400000)
  from space 4608K, 78% used [0x00000000f6900000,0x00000000f6c83f60,0x00000000f6d80000)
  to   space 5120K, 0% used [0x00000000f6400000,0x00000000f6400000,0x00000000f6900000)
 ParOldGen       total 111616K, used 103702K [0x00000000e0000000, 0x00000000e6d00000, 0x00000000f5580000)
  object space 111616K, 92% used [0x00000000e0000000,0x00000000e6545ba8,0x00000000e6d00000)
 Metaspace       used 105576K, capacity 112724K, committed 113024K, reserved 1148928K
  class space    used 12245K, capacity 14431K, committed 14464K, reserved 1048576K
}
Event: 7516.627 GC heap before
{Heap before GC invocations=363 (full 14):
 PSYoungGen      total 19456K, used 18447K [0x00000000f5580000, 0x00000000f6e80000, 0x0000000100000000)
  eden space 14848K, 100% used [0x00000000f5580000,0x00000000f6400000,0x00000000f6400000)
  from space 4608K, 78% used [0x00000000f6900000,0x00000000f6c83f60,0x00000000f6d80000)
  to   space 5120K, 0% used [0x00000000f6400000,0x00000000f6400000,0x00000000f6900000)
 ParOldGen       total 111616K, used 103702K [0x00000000e0000000, 0x00000000e6d00000, 0x00000000f5580000)
  object space 111616K, 92% used [0x00000000e0000000,0x00000000e6545ba8,0x00000000e6d00000)
 Metaspace       used 105613K, capacity 112736K, committed 113024K, reserved 1148928K
  class space    used 12250K, capacity 14433K, committed 14464K, reserved 1048576K
Event: 7516.633 GC heap after
Heap after GC invocations=363 (full 14):
 PSYoungGen      total 19968K, used 3311K [0x00000000f5580000, 0x00000000f6e00000, 0x0000000100000000)
  eden space 14848K, 0% used [0x00000000f5580000,0x00000000f5580000,0x00000000f6400000)
  from space 5120K, 64% used [0x00000000f6400000,0x00000000f673bf60,0x00000000f6900000)
  to   space 5120K, 0% used [0x00000000f6900000,0x00000000f6900000,0x00000000f6e00000)
 ParOldGen       total 111616K, used 103702K [0x00000000e0000000, 0x00000000e6d00000, 0x00000000f5580000)
  object space 111616K, 92% used [0x00000000e0000000,0x00000000e6545ba8,0x00000000e6d00000)
 Metaspace       used 105613K, capacity 112736K, committed 113024K, reserved 1148928K
  class space    used 12250K, capacity 14433K, committed 14464K, reserved 1048576K
}
Event: 7516.866 GC heap before
{Heap before GC invocations=364 (full 14):
 PSYoungGen      total 19968K, used 18159K [0x00000000f5580000, 0x00000000f6e00000, 0x0000000100000000)
  eden space 14848K, 100% used [0x00000000f5580000,0x00000000f6400000,0x00000000f6400000)
  from space 5120K, 64% used [0x00000000f6400000,0x00000000f673bf60,0x00000000f6900000)
  to   space 5120K, 0% used [0x00000000f6900000,0x00000000f6900000,0x00000000f6e00000)
 ParOldGen       total 111616K, used 103702K [0x00000000e0000000, 0x00000000e6d00000, 0x00000000f5580000)
  object space 111616K, 92% used [0x00000000e0000000,0x00000000e6545ba8,0x00000000e6d00000)
 Metaspace       used 105629K, capacity 112736K, committed 113024K, reserved 1148928K
  class space    used 12250K, capacity 14433K, committed 14464K, reserved 1048576K
Event: 7516.873 GC heap after
Heap after GC invocations=364 (full 14):
 PSYoungGen      total 19968K, used 2063K [0x00000000f5580000, 0x00000000f6e00000, 0x0000000100000000)
  eden space 14848K, 0% used [0x00000000f5580000,0x00000000f5580000,0x00000000f6400000)
  from space 5120K, 40% used [0x00000000f6900000,0x00000000f6b03e30,0x00000000f6e00000)
  to   space 5120K, 0% used [0x00000000f6400000,0x00000000f6400000,0x00000000f6900000)
 ParOldGen       total 111616K, used 103726K [0x00000000e0000000, 0x00000000e6d00000, 0x00000000f5580000)
  object space 111616K, 92% used [0x00000000e0000000,0x00000000e654bba8,0x00000000e6d00000)
 Metaspace       used 105629K, capacity 112736K, committed 113024K, reserved 1148928K
  class space    used 12250K, capacity 14433K, committed 14464K, reserved 1048576K
}
Event: 7518.957 GC heap before
{Heap before GC invocations=365 (full 14):
 PSYoungGen      total 19968K, used 16911K [0x00000000f5580000, 0x00000000f6e00000, 0x0000000100000000)
  eden space 14848K, 100% used [0x00000000f5580000,0x00000000f6400000,0x00000000f6400000)
  from space 5120K, 40% used [0x00000000f6900000,0x00000000f6b03e30,0x00000000f6e00000)
  to   space 5120K, 0% used [0x00000000f6400000,0x00000000f6400000,0x00000000f6900000)
 ParOldGen       total 111616K, used 103726K [0x00000000e0000000, 0x00000000e6d00000, 0x00000000f5580000)
  object space 111616K, 92% used [0x00000000e0000000,0x00000000e654bba8,0x00000000e6d00000)
 Metaspace       used 106019K, capacity 113062K, committed 113408K, reserved 1148928K
  class space    used 12291K, capacity 14498K, committed 14592K, reserved 1048576K
Event: 7518.963 GC heap after
Heap after GC invocations=365 (full 14):
 PSYoungGen      total 19968K, used 3086K [0x00000000f5580000, 0x00000000f6e00000, 0x0000000100000000)
  eden space 14848K, 0% used [0x00000000f5580000,0x00000000f5580000,0x00000000f6400000)
  from space 5120K, 60% used [0x00000000f6400000,0x00000000f6703938,0x00000000f6900000)
  to   space 5120K, 0% used [0x00000000f6900000,0x00000000f6900000,0x00000000f6e00000)
 ParOldGen       total 111616K, used 103742K [0x00000000e0000000, 0x00000000e6d00000, 0x00000000f5580000)
  object space 111616K, 92% used [0x00000000e0000000,0x00000000e654fba8,0x00000000e6d00000)
 Metaspace       used 106019K, capacity 113062K, committed 113408K, reserved 1148928K
  class space    used 12291K, capacity 14498K, committed 14592K, reserved 1048576K
}

