# JRE version: Java(TM) SE Runtime Environment (8.0_45-b15) (build 1.8.0_45-b15)
# Java VM: Java HotSpot(TM) 64-Bit Server VM (25.45-b02 mixed mode windows-amd64 compressed oops)
Heap:
 PSYoungGen      total 82944K, used 81142K [0x00000000f5580000, 0x00000000fbd80000, 0x0000000100000000)
  eden space 71680K, 97% used [0x00000000f5580000,0x00000000f99d3b48,0x00000000f9b80000)
  from space 11264K, 99% used [0x00000000f9d00000,0x00000000fa7e9e30,0x00000000fa800000)
  to   space 17408K, 0% used [0x00000000fac80000,0x00000000fac80000,0x00000000fbd80000)
 ParOldGen       total 107520K, used 51461K [0x00000000e0000000, 0x00000000e6900000, 0x00000000f5580000)
  object space 107520K, 47% used [0x00000000e0000000,0x00000000e3241420,0x00000000e6900000)
 Metaspace       used 96582K, capacity 103582K, committed 103808K, reserved 1138688K
  class space    used 11774K, capacity 13911K, committed 13952K, reserved 1048576K
GC Heap History (10 events):
Event: 935.130 GC heap before
{Heap before GC invocations=48 (full 13):
 PSYoungGen      total 88576K, used 70144K [0x00000000f5580000, 0x00000000fc000000, 0x0000000100000000)
  eden space 70144K, 100% used [0x00000000f5580000,0x00000000f9a00000,0x00000000f9a00000)
  from space 18432K, 0% used [0x00000000fae00000,0x00000000fae00000,0x00000000fc000000)
  to   space 19456K, 0% used [0x00000000f9a00000,0x00000000f9a00000,0x00000000fad00000)
 ParOldGen       total 107520K, used 51421K [0x00000000e0000000, 0x00000000e6900000, 0x00000000f5580000)
  object space 107520K, 47% used [0x00000000e0000000,0x00000000e3237420,0x00000000e6900000)
 Metaspace       used 89590K, capacity 96214K, committed 96384K, reserved 1132544K
  class space    used 10901K, capacity 13063K, committed 13184K, reserved 1048576K
Event: 935.138 GC heap after
Heap after GC invocations=48 (full 13):
 PSYoungGen      total 89600K, used 5937K [0x00000000f5580000, 0x00000000fc100000, 0x0000000100000000)
  eden space 70144K, 0% used [0x00000000f5580000,0x00000000f5580000,0x00000000f9a00000)
  from space 19456K, 30% used [0x00000000f9a00000,0x00000000f9fcc6a8,0x00000000fad00000)
  to   space 18944K, 0% used [0x00000000fae80000,0x00000000fae80000,0x00000000fc100000)
 ParOldGen       total 107520K, used 51429K [0x00000000e0000000, 0x00000000e6900000, 0x00000000f5580000)
  object space 107520K, 47% used [0x00000000e0000000,0x00000000e3239420,0x00000000e6900000)
 Metaspace       used 89590K, capacity 96214K, committed 96384K, reserved 1132544K
  class space    used 10901K, capacity 13063K, committed 13184K, reserved 1048576K
}
Event: 998.898 GC heap before
{Heap before GC invocations=49 (full 13):
 PSYoungGen      total 89600K, used 76081K [0x00000000f5580000, 0x00000000fc100000, 0x0000000100000000)
  eden space 70144K, 100% used [0x00000000f5580000,0x00000000f9a00000,0x00000000f9a00000)
  from space 19456K, 30% used [0x00000000f9a00000,0x00000000f9fcc6a8,0x00000000fad00000)
  to   space 18944K, 0% used [0x00000000fae80000,0x00000000fae80000,0x00000000fc100000)
 ParOldGen       total 107520K, used 51429K [0x00000000e0000000, 0x00000000e6900000, 0x00000000f5580000)
  object space 107520K, 47% used [0x00000000e0000000,0x00000000e3239420,0x00000000e6900000)
 Metaspace       used 91980K, capacity 98554K, committed 98688K, reserved 1134592K
  class space    used 11241K, capacity 13393K, committed 13440K, reserved 1048576K
Event: 998.908 GC heap after
Heap after GC invocations=49 (full 13):
 PSYoungGen      total 88064K, used 7922K [0x00000000f5580000, 0x00000000fbe80000, 0x0000000100000000)
  eden space 71680K, 0% used [0x00000000f5580000,0x00000000f5580000,0x00000000f9b80000)
  from space 16384K, 48% used [0x00000000fae80000,0x00000000fb63c948,0x00000000fbe80000)
  to   space 17920K, 0% used [0x00000000f9b80000,0x00000000f9b80000,0x00000000fad00000)
 ParOldGen       total 107520K, used 51437K [0x00000000e0000000, 0x00000000e6900000, 0x00000000f5580000)
  object space 107520K, 47% used [0x00000000e0000000,0x00000000e323b420,0x00000000e6900000)
 Metaspace       used 91980K, capacity 98554K, committed 98688K, reserved 1134592K
  class space    used 11241K, capacity 13393K, committed 13440K, reserved 1048576K
}
Event: 1010.852 GC heap before
{Heap before GC invocations=50 (full 13):
 PSYoungGen      total 88064K, used 79602K [0x00000000f5580000, 0x00000000fbe80000, 0x0000000100000000)
  eden space 71680K, 100% used [0x00000000f5580000,0x00000000f9b80000,0x00000000f9b80000)
  from space 16384K, 48% used [0x00000000fae80000,0x00000000fb63c948,0x00000000fbe80000)
  to   space 17920K, 0% used [0x00000000f9b80000,0x00000000f9b80000,0x00000000fad00000)
 ParOldGen       total 107520K, used 51437K [0x00000000e0000000, 0x00000000e6900000, 0x00000000f5580000)
  object space 107520K, 47% used [0x00000000e0000000,0x00000000e323b420,0x00000000e6900000)
 Metaspace       used 94373K, capacity 100922K, committed 101120K, reserved 1136640K
  class space    used 11590K, capacity 13713K, committed 13824K, reserved 1048576K
Event: 1010.905 GC heap after
Heap after GC invocations=50 (full 13):
 PSYoungGen      total 89600K, used 8720K [0x00000000f5580000, 0x00000000fbf00000, 0x0000000100000000)
  eden space 71680K, 0% used [0x00000000f5580000,0x00000000f5580000,0x00000000f9b80000)
  from space 17920K, 48% used [0x00000000f9b80000,0x00000000fa4043b8,0x00000000fad00000)
  to   space 17408K, 0% used [0x00000000fae00000,0x00000000fae00000,0x00000000fbf00000)
 ParOldGen       total 107520K, used 51445K [0x00000000e0000000, 0x00000000e6900000, 0x00000000f5580000)
  object space 107520K, 47% used [0x00000000e0000000,0x00000000e323d420,0x00000000e6900000)
 Metaspace       used 94373K, capacity 100922K, committed 101120K, reserved 1136640K
  class space    used 11590K, capacity 13713K, committed 13824K, reserved 1048576K
}
Event: 1074.306 GC heap before
{Heap before GC invocations=51 (full 13):
 PSYoungGen      total 89600K, used 80400K [0x00000000f5580000, 0x00000000fbf00000, 0x0000000100000000)
  eden space 71680K, 100% used [0x00000000f5580000,0x00000000f9b80000,0x00000000f9b80000)
  from space 17920K, 48% used [0x00000000f9b80000,0x00000000fa4043b8,0x00000000fad00000)
  to   space 17408K, 0% used [0x00000000fae00000,0x00000000fae00000,0x00000000fbf00000)
 ParOldGen       total 107520K, used 51445K [0x00000000e0000000, 0x00000000e6900000, 0x00000000f5580000)
  object space 107520K, 47% used [0x00000000e0000000,0x00000000e323d420,0x00000000e6900000)
 Metaspace       used 95369K, capacity 102252K, committed 102400K, reserved 1138688K
  class space    used 11684K, capacity 13748K, committed 13824K, reserved 1048576K
Event: 1074.317 GC heap after
Heap after GC invocations=51 (full 13):
 PSYoungGen      total 90624K, used 9708K [0x00000000f5580000, 0x00000000fbf00000, 0x0000000100000000)
  eden space 73216K, 0% used [0x00000000f5580000,0x00000000f5580000,0x00000000f9d00000)
  from space 17408K, 55% used [0x00000000fae00000,0x00000000fb77b068,0x00000000fbf00000)
  to   space 17408K, 0% used [0x00000000f9d00000,0x00000000f9d00000,0x00000000fae00000)
 ParOldGen       total 107520K, used 51453K [0x00000000e0000000, 0x00000000e6900000, 0x00000000f5580000)
  object space 107520K, 47% used [0x00000000e0000000,0x00000000e323f420,0x00000000e6900000)
 Metaspace       used 95369K, capacity 102252K, committed 102400K, reserved 1138688K
  class space    used 11684K, capacity 13748K, committed 13824K, reserved 1048576K
}
Event: 1097.550 GC heap before
{Heap before GC invocations=52 (full 13):
 PSYoungGen      total 90624K, used 82924K [0x00000000f5580000, 0x00000000fbf00000, 0x0000000100000000)
  eden space 73216K, 100% used [0x00000000f5580000,0x00000000f9d00000,0x00000000f9d00000)
  from space 17408K, 55% used [0x00000000fae00000,0x00000000fb77b068,0x00000000fbf00000)
  to   space 17408K, 0% used [0x00000000f9d00000,0x00000000f9d00000,0x00000000fae00000)
 ParOldGen       total 107520K, used 51453K [0x00000000e0000000, 0x00000000e6900000, 0x00000000f5580000)
  object space 107520K, 47% used [0x00000000e0000000,0x00000000e323f420,0x00000000e6900000)
 Metaspace       used 95840K, capacity 102700K, committed 102912K, reserved 1138688K
  class space    used 11706K, capacity 13812K, committed 13824K, reserved 1048576K
Event: 1097.562 GC heap after
Heap after GC invocations=52 (full 13):
 PSYoungGen      total 82944K, used 11175K [0x00000000f5580000, 0x00000000fbd80000, 0x0000000100000000)
  eden space 71680K, 0% used [0x00000000f5580000,0x00000000f5580000,0x00000000f9b80000)
  from space 11264K, 99% used [0x00000000f9d00000,0x00000000fa7e9e30,0x00000000fa800000)
  to   space 17408K, 0% used [0x00000000fac80000,0x00000000fac80000,0x00000000fbd80000)
 ParOldGen       total 107520K, used 51461K [0x00000000e0000000, 0x00000000e6900000, 0x00000000f5580000)
  object space 107520K, 47% used [0x00000000e0000000,0x00000000e3241420,0x00000000e6900000)
 Metaspace       used 95840K, capacity 102700K, committed 102912K, reserved 1138688K
  class space    used 11706K, capacity 13812K, committed 13824K, reserved 1048576K
}

