# JRE version: Java(TM) SE Runtime Environment (8.0_45-b15) (build 1.8.0_45-b15)
# Java VM: Java HotSpot(TM) 64-Bit Server VM (25.45-b02 mixed mode windows-amd64 compressed oops)
Heap:
 PSYoungGen      total 102912K, used 13387K [0x00000000f5580000, 0x00000000fd900000, 0x0000000100000000)
  eden space 70656K, 8% used [0x00000000f5580000,0x00000000f5b734a8,0x00000000f9a80000)
  from space 32256K, 22% used [0x00000000f9a80000,0x00000000fa19f7a8,0x00000000fba00000)
  to   space 31744K, 0% used [0x00000000fba00000,0x00000000fba00000,0x00000000fd900000)
 ParOldGen       total 157184K, used 63758K [0x00000000e0000000, 0x00000000e9980000, 0x00000000f5580000)
  object space 157184K, 40% used [0x00000000e0000000,0x00000000e3e43b20,0x00000000e9980000)
 Metaspace       used 98748K, capacity 105576K, committed 105728K, reserved 1140736K
  class space    used 11920K, capacity 14073K, committed 14080K, reserved 1048576K
GC Heap History (10 events):
Event: 961.770 GC heap before
{Heap before GC invocations=39 (full 4):
 PSYoungGen      total 106496K, used 82447K [0x00000000f5580000, 0x00000000fe580000, 0x0000000100000000)
  eden space 69632K, 100% used [0x00000000f5580000,0x00000000f9980000,0x00000000f9980000)
  from space 36864K, 34% used [0x00000000fc180000,0x00000000fce03da8,0x00000000fe580000)
  to   space 38912K, 0% used [0x00000000f9980000,0x00000000f9980000,0x00000000fbf80000)
 ParOldGen       total 157184K, used 63718K [0x00000000e0000000, 0x00000000e9980000, 0x00000000f5580000)
  object space 157184K, 40% used [0x00000000e0000000,0x00000000e3e39b20,0x00000000e9980000)
 Metaspace       used 97747K, capacity 104880K, committed 105216K, reserved 1140736K
  class space    used 11861K, capacity 14037K, committed 14080K, reserved 1048576K
Event: 961.783 GC heap after
Heap after GC invocations=39 (full 4):
 PSYoungGen      total 82432K, used 12368K [0x00000000f5580000, 0x00000000fe380000, 0x0000000100000000)
  eden space 69632K, 0% used [0x00000000f5580000,0x00000000f5580000,0x00000000f9980000)
  from space 12800K, 96% used [0x00000000f9980000,0x00000000fa5942c0,0x00000000fa600000)
  to   space 37376K, 0% used [0x00000000fbf00000,0x00000000fbf00000,0x00000000fe380000)
 ParOldGen       total 157184K, used 63726K [0x00000000e0000000, 0x00000000e9980000, 0x00000000f5580000)
  object space 157184K, 40% used [0x00000000e0000000,0x00000000e3e3bb20,0x00000000e9980000)
 Metaspace       used 97747K, capacity 104880K, committed 105216K, reserved 1140736K
  class space    used 11861K, capacity 14037K, committed 14080K, reserved 1048576K
}
Event: 1322.754 GC heap before
{Heap before GC invocations=40 (full 4):
 PSYoungGen      total 82432K, used 82000K [0x00000000f5580000, 0x00000000fe380000, 0x0000000100000000)
  eden space 69632K, 100% used [0x00000000f5580000,0x00000000f9980000,0x00000000f9980000)
  from space 12800K, 96% used [0x00000000f9980000,0x00000000fa5942c0,0x00000000fa600000)
  to   space 37376K, 0% used [0x00000000fbf00000,0x00000000fbf00000,0x00000000fe380000)
 ParOldGen       total 157184K, used 63726K [0x00000000e0000000, 0x00000000e9980000, 0x00000000f5580000)
  object space 157184K, 40% used [0x00000000e0000000,0x00000000e3e3bb20,0x00000000e9980000)
 Metaspace       used 97894K, capacity 104944K, committed 105216K, reserved 1140736K
  class space    used 11862K, capacity 14037K, committed 14080K, reserved 1048576K
Event: 1322.786 GC heap after
Heap after GC invocations=40 (full 4):
 PSYoungGen      total 102912K, used 13027K [0x00000000f5580000, 0x00000000fdf00000, 0x0000000100000000)
  eden space 70144K, 0% used [0x00000000f5580000,0x00000000f5580000,0x00000000f9a00000)
  from space 32768K, 39% used [0x00000000fbf00000,0x00000000fcbb8f28,0x00000000fdf00000)
  to   space 35328K, 0% used [0x00000000f9a00000,0x00000000f9a00000,0x00000000fbc80000)
 ParOldGen       total 157184K, used 63734K [0x00000000e0000000, 0x00000000e9980000, 0x00000000f5580000)
  object space 157184K, 40% used [0x00000000e0000000,0x00000000e3e3db20,0x00000000e9980000)
 Metaspace       used 97894K, capacity 104944K, committed 105216K, reserved 1140736K
  class space    used 11862K, capacity 14037K, committed 14080K, reserved 1048576K
}
Event: 1384.779 GC heap before
{Heap before GC invocations=41 (full 4):
 PSYoungGen      total 102912K, used 83171K [0x00000000f5580000, 0x00000000fdf00000, 0x0000000100000000)
  eden space 70144K, 100% used [0x00000000f5580000,0x00000000f9a00000,0x00000000f9a00000)
  from space 32768K, 39% used [0x00000000fbf00000,0x00000000fcbb8f28,0x00000000fdf00000)
  to   space 35328K, 0% used [0x00000000f9a00000,0x00000000f9a00000,0x00000000fbc80000)
 ParOldGen       total 157184K, used 63734K [0x00000000e0000000, 0x00000000e9980000, 0x00000000f5580000)
  object space 157184K, 40% used [0x00000000e0000000,0x00000000e3e3db20,0x00000000e9980000)
 Metaspace       used 98007K, capacity 104956K, committed 105216K, reserved 1140736K
  class space    used 11863K, capacity 14039K, committed 14080K, reserved 1048576K
Event: 1384.793 GC heap after
Heap after GC invocations=41 (full 4):
 PSYoungGen      total 82944K, used 12749K [0x00000000f5580000, 0x00000000fdc80000, 0x0000000100000000)
  eden space 70144K, 0% used [0x00000000f5580000,0x00000000f5580000,0x00000000f9a00000)
  from space 12800K, 99% used [0x00000000f9a00000,0x00000000fa673618,0x00000000fa680000)
  to   space 33792K, 0% used [0x00000000fbb80000,0x00000000fbb80000,0x00000000fdc80000)
 ParOldGen       total 157184K, used 63742K [0x00000000e0000000, 0x00000000e9980000, 0x00000000f5580000)
  object space 157184K, 40% used [0x00000000e0000000,0x00000000e3e3fb20,0x00000000e9980000)
 Metaspace       used 98007K, capacity 104956K, committed 105216K, reserved 1140736K
  class space    used 11863K, capacity 14039K, committed 14080K, reserved 1048576K
}
Event: 1854.978 GC heap before
{Heap before GC invocations=42 (full 4):
 PSYoungGen      total 82944K, used 82893K [0x00000000f5580000, 0x00000000fdc80000, 0x0000000100000000)
  eden space 70144K, 100% used [0x00000000f5580000,0x00000000f9a00000,0x00000000f9a00000)
  from space 12800K, 99% used [0x00000000f9a00000,0x00000000fa673618,0x00000000fa680000)
  to   space 33792K, 0% used [0x00000000fbb80000,0x00000000fbb80000,0x00000000fdc80000)
 ParOldGen       total 157184K, used 63742K [0x00000000e0000000, 0x00000000e9980000, 0x00000000f5580000)
  object space 157184K, 40% used [0x00000000e0000000,0x00000000e3e3fb20,0x00000000e9980000)
 Metaspace       used 98133K, capacity 105148K, committed 105472K, reserved 1140736K
  class space    used 11863K, capacity 14039K, committed 14080K, reserved 1048576K
Event: 1855.074 GC heap after
Heap after GC invocations=42 (full 4):
 PSYoungGen      total 101376K, used 13193K [0x00000000f5580000, 0x00000000fd980000, 0x0000000100000000)
  eden space 70656K, 0% used [0x00000000f5580000,0x00000000f5580000,0x00000000f9a80000)
  from space 30720K, 42% used [0x00000000fbb80000,0x00000000fc8626f8,0x00000000fd980000)
  to   space 32256K, 0% used [0x00000000f9a80000,0x00000000f9a80000,0x00000000fba00000)
 ParOldGen       total 157184K, used 63750K [0x00000000e0000000, 0x00000000e9980000, 0x00000000f5580000)
  object space 157184K, 40% used [0x00000000e0000000,0x00000000e3e41b20,0x00000000e9980000)
 Metaspace       used 98133K, capacity 105148K, committed 105472K, reserved 1140736K
  class space    used 11863K, capacity 14039K, committed 14080K, reserved 1048576K
}
Event: 2152.781 GC heap before
{Heap before GC invocations=43 (full 4):
 PSYoungGen      total 101376K, used 83849K [0x00000000f5580000, 0x00000000fd980000, 0x0000000100000000)
  eden space 70656K, 100% used [0x00000000f5580000,0x00000000f9a80000,0x00000000f9a80000)
  from space 30720K, 42% used [0x00000000fbb80000,0x00000000fc8626f8,0x00000000fd980000)
  to   space 32256K, 0% used [0x00000000f9a80000,0x00000000f9a80000,0x00000000fba00000)
 ParOldGen       total 157184K, used 63750K [0x00000000e0000000, 0x00000000e9980000, 0x00000000f5580000)
  object space 157184K, 40% used [0x00000000e0000000,0x00000000e3e41b20,0x00000000e9980000)
 Metaspace       used 98465K, capacity 105384K, committed 105472K, reserved 1140736K
  class space    used 11892K, capacity 14073K, committed 14080K, reserved 1048576K
Event: 2152.801 GC heap after
Heap after GC invocations=43 (full 4):
 PSYoungGen      total 102912K, used 7293K [0x00000000f5580000, 0x00000000fd900000, 0x0000000100000000)
  eden space 70656K, 0% used [0x00000000f5580000,0x00000000f5580000,0x00000000f9a80000)
  from space 32256K, 22% used [0x00000000f9a80000,0x00000000fa19f7a8,0x00000000fba00000)
  to   space 31744K, 0% used [0x00000000fba00000,0x00000000fba00000,0x00000000fd900000)
 ParOldGen       total 157184K, used 63758K [0x00000000e0000000, 0x00000000e9980000, 0x00000000f5580000)
  object space 157184K, 40% used [0x00000000e0000000,0x00000000e3e43b20,0x00000000e9980000)
 Metaspace       used 98465K, capacity 105384K, committed 105472K, reserved 1140736K
  class space    used 11892K, capacity 14073K, committed 14080K, reserved 1048576K
}

