# JRE version: Java(TM) SE Runtime Environment (8.0_45-b15) (build 1.8.0_45-b15)
# Java VM: Java HotSpot(TM) 64-Bit Server VM (25.45-b02 mixed mode windows-amd64 compressed oops)
Heap:
 PSYoungGen      total 116224K, used 99835K [0x00000000f5580000, 0x00000000fe880000, 0x0000000100000000)
  eden space 89600K, 97% used [0x00000000f5580000,0x00000000fab1cd28,0x00000000fad00000)
  from space 26624K, 45% used [0x00000000fad00000,0x00000000fb8e2238,0x00000000fc700000)
  to   space 26624K, 0% used [0x00000000fce80000,0x00000000fce80000,0x00000000fe880000)
 ParOldGen       total 103424K, used 43543K [0x00000000e0000000, 0x00000000e6500000, 0x00000000f5580000)
  object space 103424K, 42% used [0x00000000e0000000,0x00000000e2a85f18,0x00000000e6500000)
 Metaspace       used 91459K, capacity 98122K, committed 98432K, reserved 1134592K
  class space    used 11228K, capacity 13364K, committed 13440K, reserved 1048576K
GC Heap History (10 events):
Event: 2863.789 GC heap before
{Heap before GC invocations=51 (full 15):
 PSYoungGen      total 81920K, used 3680K [0x00000000f5580000, 0x00000000fdd00000, 0x0000000100000000)
  eden space 81408K, 4% used [0x00000000f5580000,0x00000000f59182c8,0x00000000fa500000)
  from space 512K, 0% used [0x00000000fa500000,0x00000000fa500000,0x00000000fa580000)
  to   space 28672K, 0% used [0x00000000fc100000,0x00000000fc100000,0x00000000fdd00000)
 ParOldGen       total 103424K, used 43519K [0x00000000e0000000, 0x00000000e6500000, 0x00000000f5580000)
  object space 103424K, 42% used [0x00000000e0000000,0x00000000e2a7ffb8,0x00000000e6500000)
 Metaspace       used 81644K, capacity 88116K, committed 88448K, reserved 1126400K
  class space    used 10034K, capacity 12132K, committed 12160K, reserved 1048576K
Event: 2863.792 GC heap after
Heap after GC invocations=51 (full 15):
 PSYoungGen      total 107008K, used 192K [0x00000000f5580000, 0x00000000fda00000, 0x0000000100000000)
  eden space 81408K, 0% used [0x00000000f5580000,0x00000000f5580000,0x00000000fa500000)
  from space 25600K, 0% used [0x00000000fc100000,0x00000000fc130000,0x00000000fda00000)
  to   space 27136K, 0% used [0x00000000fa500000,0x00000000fa500000,0x00000000fbf80000)
 ParOldGen       total 103424K, used 43519K [0x00000000e0000000, 0x00000000e6500000, 0x00000000f5580000)
  object space 103424K, 42% used [0x00000000e0000000,0x00000000e2a7ffb8,0x00000000e6500000)
 Metaspace       used 81644K, capacity 88116K, committed 88448K, reserved 1126400K
  class space    used 10034K, capacity 12132K, committed 12160K, reserved 1048576K
}
Event: 2863.792 GC heap before
{Heap before GC invocations=52 (full 16):
 PSYoungGen      total 107008K, used 192K [0x00000000f5580000, 0x00000000fda00000, 0x0000000100000000)
  eden space 81408K, 0% used [0x00000000f5580000,0x00000000f5580000,0x00000000fa500000)
  from space 25600K, 0% used [0x00000000fc100000,0x00000000fc130000,0x00000000fda00000)
  to   space 27136K, 0% used [0x00000000fa500000,0x00000000fa500000,0x00000000fbf80000)
 ParOldGen       total 103424K, used 43519K [0x00000000e0000000, 0x00000000e6500000, 0x00000000f5580000)
  object space 103424K, 42% used [0x00000000e0000000,0x00000000e2a7ffb8,0x00000000e6500000)
 Metaspace       used 81644K, capacity 88116K, committed 88448K, reserved 1126400K
  class space    used 10034K, capacity 12132K, committed 12160K, reserved 1048576K
Event: 2863.937 GC heap after
Heap after GC invocations=52 (full 16):
 PSYoungGen      total 107008K, used 0K [0x00000000f5580000, 0x00000000fda00000, 0x0000000100000000)
  eden space 81408K, 0% used [0x00000000f5580000,0x00000000f5580000,0x00000000fa500000)
  from space 25600K, 0% used [0x00000000fc100000,0x00000000fc100000,0x00000000fda00000)
  to   space 27136K, 0% used [0x00000000fa500000,0x00000000fa500000,0x00000000fbf80000)
 ParOldGen       total 103424K, used 43519K [0x00000000e0000000, 0x00000000e6500000, 0x00000000f5580000)
  object space 103424K, 42% used [0x00000000e0000000,0x00000000e2a7ff18,0x00000000e6500000)
 Metaspace       used 81644K, capacity 88116K, committed 88448K, reserved 1126400K
  class space    used 10034K, capacity 12132K, committed 12160K, reserved 1048576K
}
Event: 2913.855 GC heap before
{Heap before GC invocations=53 (full 16):
 PSYoungGen      total 107008K, used 81408K [0x00000000f5580000, 0x00000000fda00000, 0x0000000100000000)
  eden space 81408K, 100% used [0x00000000f5580000,0x00000000fa500000,0x00000000fa500000)
  from space 25600K, 0% used [0x00000000fc100000,0x00000000fc100000,0x00000000fda00000)
  to   space 27136K, 0% used [0x00000000fa500000,0x00000000fa500000,0x00000000fbf80000)
 ParOldGen       total 103424K, used 43519K [0x00000000e0000000, 0x00000000e6500000, 0x00000000f5580000)
  object space 103424K, 42% used [0x00000000e0000000,0x00000000e2a7ff18,0x00000000e6500000)
 Metaspace       used 82672K, capacity 89044K, committed 89344K, reserved 1126400K
  class space    used 10136K, capacity 12228K, committed 12288K, reserved 1048576K
Event: 2913.861 GC heap after
Heap after GC invocations=53 (full 16):
 PSYoungGen      total 108544K, used 7042K [0x00000000f5580000, 0x00000000fe380000, 0x0000000100000000)
  eden space 81408K, 0% used [0x00000000f5580000,0x00000000f5580000,0x00000000fa500000)
  from space 27136K, 25% used [0x00000000fa500000,0x00000000fabe08d0,0x00000000fbf80000)
  to   space 25600K, 0% used [0x00000000fca80000,0x00000000fca80000,0x00000000fe380000)
 ParOldGen       total 103424K, used 43527K [0x00000000e0000000, 0x00000000e6500000, 0x00000000f5580000)
  object space 103424K, 42% used [0x00000000e0000000,0x00000000e2a81f18,0x00000000e6500000)
 Metaspace       used 82672K, capacity 89044K, committed 89344K, reserved 1126400K
  class space    used 10136K, capacity 12228K, committed 12288K, reserved 1048576K
}
Event: 2932.141 GC heap before
{Heap before GC invocations=54 (full 16):
 PSYoungGen      total 108544K, used 88450K [0x00000000f5580000, 0x00000000fe380000, 0x0000000100000000)
  eden space 81408K, 100% used [0x00000000f5580000,0x00000000fa500000,0x00000000fa500000)
  from space 27136K, 25% used [0x00000000fa500000,0x00000000fabe08d0,0x00000000fbf80000)
  to   space 25600K, 0% used [0x00000000fca80000,0x00000000fca80000,0x00000000fe380000)
 ParOldGen       total 103424K, used 43527K [0x00000000e0000000, 0x00000000e6500000, 0x00000000f5580000)
  object space 103424K, 42% used [0x00000000e0000000,0x00000000e2a81f18,0x00000000e6500000)
 Metaspace       used 87684K, capacity 94356K, committed 94720K, reserved 1130496K
  class space    used 10773K, capacity 12928K, committed 13056K, reserved 1048576K
Event: 2932.160 GC heap after
Heap after GC invocations=54 (full 16):
 PSYoungGen      total 112640K, used 12578K [0x00000000f5580000, 0x00000000fe100000, 0x0000000100000000)
  eden space 89600K, 0% used [0x00000000f5580000,0x00000000f5580000,0x00000000fad00000)
  from space 23040K, 54% used [0x00000000fca80000,0x00000000fd6c8bf0,0x00000000fe100000)
  to   space 26624K, 0% used [0x00000000fad00000,0x00000000fad00000,0x00000000fc700000)
 ParOldGen       total 103424K, used 43535K [0x00000000e0000000, 0x00000000e6500000, 0x00000000f5580000)
  object space 103424K, 42% used [0x00000000e0000000,0x00000000e2a83f18,0x00000000e6500000)
 Metaspace       used 87684K, capacity 94356K, committed 94720K, reserved 1130496K
  class space    used 10773K, capacity 12928K, committed 13056K, reserved 1048576K
}
Event: 2962.227 GC heap before
{Heap before GC invocations=55 (full 16):
 PSYoungGen      total 112640K, used 102157K [0x00000000f5580000, 0x00000000fe100000, 0x0000000100000000)
  eden space 89600K, 99% used [0x00000000f5580000,0x00000000facfaa40,0x00000000fad00000)
  from space 23040K, 54% used [0x00000000fca80000,0x00000000fd6c8bf0,0x00000000fe100000)
  to   space 26624K, 0% used [0x00000000fad00000,0x00000000fad00000,0x00000000fc700000)
 ParOldGen       total 103424K, used 43535K [0x00000000e0000000, 0x00000000e6500000, 0x00000000f5580000)
  object space 103424K, 42% used [0x00000000e0000000,0x00000000e2a83f18,0x00000000e6500000)
 Metaspace       used 90270K, capacity 97034K, committed 97280K, reserved 1132544K
  class space    used 11111K, capacity 13261K, committed 13312K, reserved 1048576K
Event: 2962.238 GC heap after
Heap after GC invocations=55 (full 16):
 PSYoungGen      total 116224K, used 12168K [0x00000000f5580000, 0x00000000fe880000, 0x0000000100000000)
  eden space 89600K, 0% used [0x00000000f5580000,0x00000000f5580000,0x00000000fad00000)
  from space 26624K, 45% used [0x00000000fad00000,0x00000000fb8e2238,0x00000000fc700000)
  to   space 26624K, 0% used [0x00000000fce80000,0x00000000fce80000,0x00000000fe880000)
 ParOldGen       total 103424K, used 43543K [0x00000000e0000000, 0x00000000e6500000, 0x00000000f5580000)
  object space 103424K, 42% used [0x00000000e0000000,0x00000000e2a85f18,0x00000000e6500000)
 Metaspace       used 90270K, capacity 97034K, committed 97280K, reserved 1132544K
  class space    used 11111K, capacity 13261K, committed 13312K, reserved 1048576K
}

