# JRE version: Java(TM) SE Runtime Environment (8.0_45-b15) (build 1.8.0_45-b15)
# Java VM: Java HotSpot(TM) 64-Bit Server VM (25.45-b02 mixed mode windows-amd64 compressed oops)
Heap:
 PSYoungGen      total 32768K, used 10704K [0x00000000f5580000, 0x00000000f7b00000, 0x0000000100000000)
  eden space 27136K, 33% used [0x00000000f5580000,0x00000000f5e67fa0,0x00000000f7000000)
  from space 5632K, 28% used [0x00000000f7580000,0x00000000f770c440,0x00000000f7b00000)
  to   space 5632K, 0% used [0x00000000f7000000,0x00000000f7000000,0x00000000f7580000)
 ParOldGen       total 108544K, used 85516K [0x00000000e0000000, 0x00000000e6a00000, 0x00000000f5580000)
  object space 108544K, 78% used [0x00000000e0000000,0x00000000e5383350,0x00000000e6a00000)
 Metaspace       used 95307K, capacity 102220K, committed 102656K, reserved 1138688K
  class space    used 11128K, capacity 13206K, committed 13312K, reserved 1048576K
GC Heap History (10 events):
Event: 2590.428 GC heap before
{Heap before GC invocations=158 (full 4):
 PSYoungGen      total 32768K, used 31153K [0x00000000f5580000, 0x00000000f7b00000, 0x0000000100000000)
  eden space 27136K, 100% used [0x00000000f5580000,0x00000000f7000000,0x00000000f7000000)
  from space 5632K, 71% used [0x00000000f7000000,0x00000000f73ec460,0x00000000f7580000)
  to   space 5632K, 0% used [0x00000000f7580000,0x00000000f7580000,0x00000000f7b00000)
 ParOldGen       total 108544K, used 84814K [0x00000000e0000000, 0x00000000e6a00000, 0x00000000f5580000)
  object space 108544K, 78% used [0x00000000e0000000,0x00000000e52d3bd0,0x00000000e6a00000)
 Metaspace       used 94766K, capacity 101504K, committed 101888K, reserved 1138688K
  class space    used 11076K, capacity 13204K, committed 13312K, reserved 1048576K
Event: 2590.432 GC heap after
Heap after GC invocations=158 (full 4):
 PSYoungGen      total 32768K, used 3009K [0x00000000f5580000, 0x00000000f7b00000, 0x0000000100000000)
  eden space 27136K, 0% used [0x00000000f5580000,0x00000000f5580000,0x00000000f7000000)
  from space 5632K, 53% used [0x00000000f7580000,0x00000000f7870450,0x00000000f7b00000)
  to   space 5632K, 0% used [0x00000000f7000000,0x00000000f7000000,0x00000000f7580000)
 ParOldGen       total 108544K, used 84846K [0x00000000e0000000, 0x00000000e6a00000, 0x00000000f5580000)
  object space 108544K, 78% used [0x00000000e0000000,0x00000000e52dbbd0,0x00000000e6a00000)
 Metaspace       used 94766K, capacity 101504K, committed 101888K, reserved 1138688K
  class space    used 11076K, capacity 13204K, committed 13312K, reserved 1048576K
}
Event: 2602.998 GC heap before
{Heap before GC invocations=159 (full 4):
 PSYoungGen      total 32768K, used 30145K [0x00000000f5580000, 0x00000000f7b00000, 0x0000000100000000)
  eden space 27136K, 100% used [0x00000000f5580000,0x00000000f7000000,0x00000000f7000000)
  from space 5632K, 53% used [0x00000000f7580000,0x00000000f7870450,0x00000000f7b00000)
  to   space 5632K, 0% used [0x00000000f7000000,0x00000000f7000000,0x00000000f7580000)
 ParOldGen       total 108544K, used 84846K [0x00000000e0000000, 0x00000000e6a00000, 0x00000000f5580000)
  object space 108544K, 78% used [0x00000000e0000000,0x00000000e52dbbd0,0x00000000e6a00000)
 Metaspace       used 94783K, capacity 101504K, committed 101888K, reserved 1138688K
  class space    used 11076K, capacity 13204K, committed 13312K, reserved 1048576K
Event: 2603.004 GC heap after
Heap after GC invocations=159 (full 4):
 PSYoungGen      total 32768K, used 3009K [0x00000000f5580000, 0x00000000f7b00000, 0x0000000100000000)
  eden space 27136K, 0% used [0x00000000f5580000,0x00000000f5580000,0x00000000f7000000)
  from space 5632K, 53% used [0x00000000f7000000,0x00000000f72f0430,0x00000000f7580000)
  to   space 5632K, 0% used [0x00000000f7580000,0x00000000f7580000,0x00000000f7b00000)
 ParOldGen       total 108544K, used 85067K [0x00000000e0000000, 0x00000000e6a00000, 0x00000000f5580000)
  object space 108544K, 78% used [0x00000000e0000000,0x00000000e5312c50,0x00000000e6a00000)
 Metaspace       used 94783K, capacity 101504K, committed 101888K, reserved 1138688K
  class space    used 11076K, capacity 13204K, committed 13312K, reserved 1048576K
}
Event: 2611.656 GC heap before
{Heap before GC invocations=160 (full 4):
 PSYoungGen      total 32768K, used 30145K [0x00000000f5580000, 0x00000000f7b00000, 0x0000000100000000)
  eden space 27136K, 100% used [0x00000000f5580000,0x00000000f7000000,0x00000000f7000000)
  from space 5632K, 53% used [0x00000000f7000000,0x00000000f72f0430,0x00000000f7580000)
  to   space 5632K, 0% used [0x00000000f7580000,0x00000000f7580000,0x00000000f7b00000)
 ParOldGen       total 108544K, used 85067K [0x00000000e0000000, 0x00000000e6a00000, 0x00000000f5580000)
  object space 108544K, 78% used [0x00000000e0000000,0x00000000e5312c50,0x00000000e6a00000)
 Metaspace       used 94787K, capacity 101504K, committed 101888K, reserved 1138688K
  class space    used 11076K, capacity 13204K, committed 13312K, reserved 1048576K
Event: 2611.661 GC heap after
Heap after GC invocations=160 (full 4):
 PSYoungGen      total 32768K, used 2385K [0x00000000f5580000, 0x00000000f7b00000, 0x0000000100000000)
  eden space 27136K, 0% used [0x00000000f5580000,0x00000000f5580000,0x00000000f7000000)
  from space 5632K, 42% used [0x00000000f7580000,0x00000000f77d4440,0x00000000f7b00000)
  to   space 5632K, 0% used [0x00000000f7000000,0x00000000f7000000,0x00000000f7580000)
 ParOldGen       total 108544K, used 85091K [0x00000000e0000000, 0x00000000e6a00000, 0x00000000f5580000)
  object space 108544K, 78% used [0x00000000e0000000,0x00000000e5318c50,0x00000000e6a00000)
 Metaspace       used 94787K, capacity 101504K, committed 101888K, reserved 1138688K
  class space    used 11076K, capacity 13204K, committed 13312K, reserved 1048576K
}
Event: 2626.924 GC heap before
{Heap before GC invocations=161 (full 4):
 PSYoungGen      total 32768K, used 29521K [0x00000000f5580000, 0x00000000f7b00000, 0x0000000100000000)
  eden space 27136K, 100% used [0x00000000f5580000,0x00000000f7000000,0x00000000f7000000)
  from space 5632K, 42% used [0x00000000f7580000,0x00000000f77d4440,0x00000000f7b00000)
  to   space 5632K, 0% used [0x00000000f7000000,0x00000000f7000000,0x00000000f7580000)
 ParOldGen       total 108544K, used 85091K [0x00000000e0000000, 0x00000000e6a00000, 0x00000000f5580000)
  object space 108544K, 78% used [0x00000000e0000000,0x00000000e5318c50,0x00000000e6a00000)
 Metaspace       used 94822K, capacity 101504K, committed 101888K, reserved 1138688K
  class space    used 11082K, capacity 13204K, committed 13312K, reserved 1048576K
Event: 2626.935 GC heap after
Heap after GC invocations=161 (full 4):
 PSYoungGen      total 32768K, used 3409K [0x00000000f5580000, 0x00000000f7b00000, 0x0000000100000000)
  eden space 27136K, 0% used [0x00000000f5580000,0x00000000f5580000,0x00000000f7000000)
  from space 5632K, 60% used [0x00000000f7000000,0x00000000f7354550,0x00000000f7580000)
  to   space 5632K, 0% used [0x00000000f7580000,0x00000000f7580000,0x00000000f7b00000)
 ParOldGen       total 108544K, used 85484K [0x00000000e0000000, 0x00000000e6a00000, 0x00000000f5580000)
  object space 108544K, 78% used [0x00000000e0000000,0x00000000e537b350,0x00000000e6a00000)
 Metaspace       used 94822K, capacity 101504K, committed 101888K, reserved 1138688K
  class space    used 11082K, capacity 13204K, committed 13312K, reserved 1048576K
}
Event: 2628.169 GC heap before
{Heap before GC invocations=162 (full 4):
 PSYoungGen      total 32768K, used 30545K [0x00000000f5580000, 0x00000000f7b00000, 0x0000000100000000)
  eden space 27136K, 100% used [0x00000000f5580000,0x00000000f7000000,0x00000000f7000000)
  from space 5632K, 60% used [0x00000000f7000000,0x00000000f7354550,0x00000000f7580000)
  to   space 5632K, 0% used [0x00000000f7580000,0x00000000f7580000,0x00000000f7b00000)
 ParOldGen       total 108544K, used 85484K [0x00000000e0000000, 0x00000000e6a00000, 0x00000000f5580000)
  object space 108544K, 78% used [0x00000000e0000000,0x00000000e537b350,0x00000000e6a00000)
 Metaspace       used 94949K, capacity 101772K, committed 102144K, reserved 1138688K
  class space    used 11093K, capacity 13206K, committed 13312K, reserved 1048576K
Event: 2628.177 GC heap after
Heap after GC invocations=162 (full 4):
 PSYoungGen      total 32768K, used 1585K [0x00000000f5580000, 0x00000000f7b00000, 0x0000000100000000)
  eden space 27136K, 0% used [0x00000000f5580000,0x00000000f5580000,0x00000000f7000000)
  from space 5632K, 28% used [0x00000000f7580000,0x00000000f770c440,0x00000000f7b00000)
  to   space 5632K, 0% used [0x00000000f7000000,0x00000000f7000000,0x00000000f7580000)
 ParOldGen       total 108544K, used 85516K [0x00000000e0000000, 0x00000000e6a00000, 0x00000000f5580000)
  object space 108544K, 78% used [0x00000000e0000000,0x00000000e5383350,0x00000000e6a00000)
 Metaspace       used 94949K, capacity 101772K, committed 102144K, reserved 1138688K
  class space    used 11093K, capacity 13206K, committed 13312K, reserved 1048576K
}

