# JRE version: Java(TM) SE Runtime Environment (8.0_45-b15) (build 1.8.0_45-b15)
# Java VM: Java HotSpot(TM) 64-Bit Server VM (25.45-b02 mixed mode windows-amd64 compressed oops)
Heap:
 PSYoungGen      total 87552K, used 48061K [0x00000000f5580000, 0x00000000fc100000, 0x0000000100000000)
  eden space 66048K, 72% used [0x00000000f5580000,0x00000000f846f790,0x00000000f9600000)
  from space 21504K, 0% used [0x00000000fac00000,0x00000000fac00000,0x00000000fc100000)
  to   space 22016K, 0% used [0x00000000f9600000,0x00000000f9600000,0x00000000fab80000)
 ParOldGen       total 105984K, used 46748K [0x00000000e0000000, 0x00000000e6780000, 0x00000000f5580000)
  object space 105984K, 44% used [0x00000000e0000000,0x00000000e2da7018,0x00000000e6780000)
 Metaspace       used 83611K, capacity 90080K, committed 90240K, reserved 1128448K
  class space    used 10094K, capacity 12155K, committed 12160K, reserved 1048576K
GC Heap History (10 events):
Event: 466.161 GC heap before
{Heap before GC invocations=31 (full 7):
 PSYoungGen      total 69120K, used 64512K [0x00000000f5580000, 0x00000000fc380000, 0x0000000100000000)
  eden space 64512K, 100% used [0x00000000f5580000,0x00000000f9480000,0x00000000f9480000)
  from space 4608K, 0% used [0x00000000f9480000,0x00000000f9480000,0x00000000f9900000)
  to   space 24064K, 0% used [0x00000000fac00000,0x00000000fac00000,0x00000000fc380000)
 ParOldGen       total 105984K, used 54990K [0x00000000e0000000, 0x00000000e6780000, 0x00000000f5580000)
  object space 105984K, 51% used [0x00000000e0000000,0x00000000e35b38e8,0x00000000e6780000)
 Metaspace       used 81989K, capacity 88454K, committed 88704K, reserved 1126400K
  class space    used 9955K, capacity 12080K, committed 12160K, reserved 1048576K
Event: 466.167 GC heap after
Heap after GC invocations=31 (full 7):
 PSYoungGen      total 89088K, used 4189K [0x00000000f5580000, 0x00000000fc300000, 0x0000000100000000)
  eden space 65536K, 0% used [0x00000000f5580000,0x00000000f5580000,0x00000000f9580000)
  from space 23552K, 17% used [0x00000000fac00000,0x00000000fb017550,0x00000000fc300000)
  to   space 23040K, 0% used [0x00000000f9580000,0x00000000f9580000,0x00000000fac00000)
 ParOldGen       total 105984K, used 54998K [0x00000000e0000000, 0x00000000e6780000, 0x00000000f5580000)
  object space 105984K, 51% used [0x00000000e0000000,0x00000000e35b58e8,0x00000000e6780000)
 Metaspace       used 81989K, capacity 88454K, committed 88704K, reserved 1126400K
  class space    used 9955K, capacity 12080K, committed 12160K, reserved 1048576K
}
Event: 501.114 GC heap before
{Heap before GC invocations=32 (full 7):
 PSYoungGen      total 89088K, used 27476K [0x00000000f5580000, 0x00000000fc300000, 0x0000000100000000)
  eden space 65536K, 35% used [0x00000000f5580000,0x00000000f6c3dd68,0x00000000f9580000)
  from space 23552K, 17% used [0x00000000fac00000,0x00000000fb017550,0x00000000fc300000)
  to   space 23040K, 0% used [0x00000000f9580000,0x00000000f9580000,0x00000000fac00000)
 ParOldGen       total 105984K, used 54998K [0x00000000e0000000, 0x00000000e6780000, 0x00000000f5580000)
  object space 105984K, 51% used [0x00000000e0000000,0x00000000e35b58e8,0x00000000e6780000)
 Metaspace       used 82187K, capacity 88454K, committed 88704K, reserved 1126400K
  class space    used 9963K, capacity 12080K, committed 12160K, reserved 1048576K
Event: 501.119 GC heap after
Heap after GC invocations=32 (full 7):
 PSYoungGen      total 88576K, used 2597K [0x00000000f5580000, 0x00000000fc200000, 0x0000000100000000)
  eden space 65536K, 0% used [0x00000000f5580000,0x00000000f5580000,0x00000000f9580000)
  from space 23040K, 11% used [0x00000000f9580000,0x00000000f9809568,0x00000000fac00000)
  to   space 22528K, 0% used [0x00000000fac00000,0x00000000fac00000,0x00000000fc200000)
 ParOldGen       total 105984K, used 55006K [0x00000000e0000000, 0x00000000e6780000, 0x00000000f5580000)
  object space 105984K, 51% used [0x00000000e0000000,0x00000000e35b78e8,0x00000000e6780000)
 Metaspace       used 82187K, capacity 88454K, committed 88704K, reserved 1126400K
  class space    used 9963K, capacity 12080K, committed 12160K, reserved 1048576K
}
Event: 501.119 GC heap before
{Heap before GC invocations=33 (full 8):
 PSYoungGen      total 88576K, used 2597K [0x00000000f5580000, 0x00000000fc200000, 0x0000000100000000)
  eden space 65536K, 0% used [0x00000000f5580000,0x00000000f5580000,0x00000000f9580000)
  from space 23040K, 11% used [0x00000000f9580000,0x00000000f9809568,0x00000000fac00000)
  to   space 22528K, 0% used [0x00000000fac00000,0x00000000fac00000,0x00000000fc200000)
 ParOldGen       total 105984K, used 55006K [0x00000000e0000000, 0x00000000e6780000, 0x00000000f5580000)
  object space 105984K, 51% used [0x00000000e0000000,0x00000000e35b78e8,0x00000000e6780000)
 Metaspace       used 82187K, capacity 88454K, committed 88704K, reserved 1126400K
  class space    used 9963K, capacity 12080K, committed 12160K, reserved 1048576K
Event: 501.477 GC heap after
Heap after GC invocations=33 (full 8):
 PSYoungGen      total 88576K, used 0K [0x00000000f5580000, 0x00000000fc200000, 0x0000000100000000)
  eden space 65536K, 0% used [0x00000000f5580000,0x00000000f5580000,0x00000000f9580000)
  from space 23040K, 0% used [0x00000000f9580000,0x00000000f9580000,0x00000000fac00000)
  to   space 22528K, 0% used [0x00000000fac00000,0x00000000fac00000,0x00000000fc200000)
 ParOldGen       total 105984K, used 46916K [0x00000000e0000000, 0x00000000e6780000, 0x00000000f5580000)
  object space 105984K, 44% used [0x00000000e0000000,0x00000000e2dd1280,0x00000000e6780000)
 Metaspace       used 82168K, capacity 88424K, committed 88704K, reserved 1126400K
  class space    used 9960K, capacity 12075K, committed 12160K, reserved 1048576K
}
Event: 561.380 GC heap before
{Heap before GC invocations=34 (full 8):
 PSYoungGen      total 88576K, used 52560K [0x00000000f5580000, 0x00000000fc200000, 0x0000000100000000)
  eden space 65536K, 80% used [0x00000000f5580000,0x00000000f88d4160,0x00000000f9580000)
  from space 23040K, 0% used [0x00000000f9580000,0x00000000f9580000,0x00000000fac00000)
  to   space 22528K, 0% used [0x00000000fac00000,0x00000000fac00000,0x00000000fc200000)
 ParOldGen       total 105984K, used 46916K [0x00000000e0000000, 0x00000000e6780000, 0x00000000f5580000)
  object space 105984K, 44% used [0x00000000e0000000,0x00000000e2dd1280,0x00000000e6780000)
 Metaspace       used 82536K, capacity 88868K, committed 88960K, reserved 1126400K
  class space    used 9984K, capacity 12119K, committed 12160K, reserved 1048576K
Event: 561.383 GC heap after
Heap after GC invocations=34 (full 8):
 PSYoungGen      total 87552K, used 2096K [0x00000000f5580000, 0x00000000fc100000, 0x0000000100000000)
  eden space 66048K, 0% used [0x00000000f5580000,0x00000000f5580000,0x00000000f9600000)
  from space 21504K, 9% used [0x00000000fac00000,0x00000000fae0c120,0x00000000fc100000)
  to   space 22016K, 0% used [0x00000000f9600000,0x00000000f9600000,0x00000000fab80000)
 ParOldGen       total 105984K, used 46916K [0x00000000e0000000, 0x00000000e6780000, 0x00000000f5580000)
  object space 105984K, 44% used [0x00000000e0000000,0x00000000e2dd1280,0x00000000e6780000)
 Metaspace       used 82536K, capacity 88868K, committed 88960K, reserved 1126400K
  class space    used 9984K, capacity 12119K, committed 12160K, reserved 1048576K
}
Event: 561.384 GC heap before
{Heap before GC invocations=35 (full 9):
 PSYoungGen      total 87552K, used 2096K [0x00000000f5580000, 0x00000000fc100000, 0x0000000100000000)
  eden space 66048K, 0% used [0x00000000f5580000,0x00000000f5580000,0x00000000f9600000)
  from space 21504K, 9% used [0x00000000fac00000,0x00000000fae0c120,0x00000000fc100000)
  to   space 22016K, 0% used [0x00000000f9600000,0x00000000f9600000,0x00000000fab80000)
 ParOldGen       total 105984K, used 46916K [0x00000000e0000000, 0x00000000e6780000, 0x00000000f5580000)
  object space 105984K, 44% used [0x00000000e0000000,0x00000000e2dd1280,0x00000000e6780000)
 Metaspace       used 82536K, capacity 88868K, committed 88960K, reserved 1126400K
  class space    used 9984K, capacity 12119K, committed 12160K, reserved 1048576K
Event: 561.741 GC heap after
Heap after GC invocations=35 (full 9):
 PSYoungGen      total 87552K, used 0K [0x00000000f5580000, 0x00000000fc100000, 0x0000000100000000)
  eden space 66048K, 0% used [0x00000000f5580000,0x00000000f5580000,0x00000000f9600000)
  from space 21504K, 0% used [0x00000000fac00000,0x00000000fac00000,0x00000000fc100000)
  to   space 22016K, 0% used [0x00000000f9600000,0x00000000f9600000,0x00000000fab80000)
 ParOldGen       total 105984K, used 46748K [0x00000000e0000000, 0x00000000e6780000, 0x00000000f5580000)
  object space 105984K, 44% used [0x00000000e0000000,0x00000000e2da7018,0x00000000e6780000)
 Metaspace       used 82536K, capacity 88868K, committed 88960K, reserved 1126400K
  class space    used 9984K, capacity 12119K, committed 12160K, reserved 1048576K
}

