# JRE version: Java(TM) SE Runtime Environment (8.0_45-b15) (build 1.8.0_45-b15)
# Java VM: Java HotSpot(TM) 64-Bit Server VM (25.45-b02 mixed mode windows-amd64 compressed oops)
Heap:
 PSYoungGen      total 83968K, used 4160K [0x00000000f5580000, 0x00000000fc900000, 0x0000000100000000)
  eden space 60928K, 1% used [0x00000000f5580000,0x00000000f56a38e0,0x00000000f9100000)
  from space 23040K, 12% used [0x00000000f9100000,0x00000000f93ec780,0x00000000fa780000)
  to   space 23552K, 0% used [0x00000000fb200000,0x00000000fb200000,0x00000000fc900000)
 ParOldGen       total 104960K, used 51772K [0x00000000e0000000, 0x00000000e6680000, 0x00000000f5580000)
  object space 104960K, 49% used [0x00000000e0000000,0x00000000e328f2e8,0x00000000e6680000)
 Metaspace       used 76492K, capacity 83032K, committed 83200K, reserved 1120256K
  class space    used 9468K, capacity 11492K, committed 11520K, reserved 1048576K
GC Heap History (10 events):
Event: 12.653 GC heap before
{Heap before GC invocations=17 (full 3):
 PSYoungGen      total 61440K, used 52210K [0x00000000f5580000, 0x00000000fac80000, 0x0000000100000000)
  eden space 42496K, 100% used [0x00000000f5580000,0x00000000f7f00000,0x00000000f7f00000)
  from space 18944K, 51% used [0x00000000f7f00000,0x00000000f887cb58,0x00000000f9180000)
  to   space 18432K, 0% used [0x00000000f9a80000,0x00000000f9a80000,0x00000000fac80000)
 ParOldGen       total 104960K, used 34963K [0x00000000e0000000, 0x00000000e6680000, 0x00000000f5580000)
  object space 104960K, 33% used [0x00000000e0000000,0x00000000e2224f40,0x00000000e6680000)
 Metaspace       used 66018K, capacity 71618K, committed 71808K, reserved 1112064K
  class space    used 8169K, capacity 9795K, committed 9856K, reserved 1048576K
Event: 12.675 GC heap after
Heap after GC invocations=17 (full 3):
 PSYoungGen      total 70656K, used 13240K [0x00000000f5580000, 0x00000000fad00000, 0x0000000100000000)
  eden space 52224K, 0% used [0x00000000f5580000,0x00000000f5580000,0x00000000f8880000)
  from space 18432K, 71% used [0x00000000f9a80000,0x00000000fa76e138,0x00000000fac80000)
  to   space 18432K, 0% used [0x00000000f8880000,0x00000000f8880000,0x00000000f9a80000)
 ParOldGen       total 104960K, used 34971K [0x00000000e0000000, 0x00000000e6680000, 0x00000000f5580000)
  object space 104960K, 33% used [0x00000000e0000000,0x00000000e2226f40,0x00000000e6680000)
 Metaspace       used 66018K, capacity 71618K, committed 71808K, reserved 1112064K
  class space    used 8169K, capacity 9795K, committed 9856K, reserved 1048576K
}
Event: 66.308 GC heap before
{Heap before GC invocations=18 (full 3):
 PSYoungGen      total 70656K, used 65464K [0x00000000f5580000, 0x00000000fad00000, 0x0000000100000000)
  eden space 52224K, 100% used [0x00000000f5580000,0x00000000f8880000,0x00000000f8880000)
  from space 18432K, 71% used [0x00000000f9a80000,0x00000000fa76e138,0x00000000fac80000)
  to   space 18432K, 0% used [0x00000000f8880000,0x00000000f8880000,0x00000000f9a80000)
 ParOldGen       total 104960K, used 34971K [0x00000000e0000000, 0x00000000e6680000, 0x00000000f5580000)
  object space 104960K, 33% used [0x00000000e0000000,0x00000000e2226f40,0x00000000e6680000)
 Metaspace       used 72341K, capacity 78570K, committed 78720K, reserved 1116160K
  class space    used 9006K, capacity 11034K, committed 11136K, reserved 1048576K
Event: 66.346 GC heap after
Heap after GC invocations=18 (full 3):
 PSYoungGen      total 70656K, used 18413K [0x00000000f5580000, 0x00000000fbc00000, 0x0000000100000000)
  eden space 52224K, 0% used [0x00000000f5580000,0x00000000f5580000,0x00000000f8880000)
  from space 18432K, 99% used [0x00000000f8880000,0x00000000f9a7b7c8,0x00000000f9a80000)
  to   space 20992K, 0% used [0x00000000fa780000,0x00000000fa780000,0x00000000fbc00000)
 ParOldGen       total 104960K, used 35910K [0x00000000e0000000, 0x00000000e6680000, 0x00000000f5580000)
  object space 104960K, 34% used [0x00000000e0000000,0x00000000e2311ad8,0x00000000e6680000)
 Metaspace       used 72341K, capacity 78570K, committed 78720K, reserved 1116160K
  class space    used 9006K, capacity 11034K, committed 11136K, reserved 1048576K
}
Event: 80.878 GC heap before
{Heap before GC invocations=19 (full 3):
 PSYoungGen      total 70656K, used 64446K [0x00000000f5580000, 0x00000000fbc00000, 0x0000000100000000)
  eden space 52224K, 88% used [0x00000000f5580000,0x00000000f8274430,0x00000000f8880000)
  from space 18432K, 99% used [0x00000000f8880000,0x00000000f9a7b7c8,0x00000000f9a80000)
  to   space 20992K, 0% used [0x00000000fa780000,0x00000000fa780000,0x00000000fbc00000)
 ParOldGen       total 104960K, used 35910K [0x00000000e0000000, 0x00000000e6680000, 0x00000000f5580000)
  object space 104960K, 34% used [0x00000000e0000000,0x00000000e2311ad8,0x00000000e6680000)
 Metaspace       used 74668K, capacity 80774K, committed 81024K, reserved 1118208K
  class space    used 9290K, capacity 11360K, committed 11392K, reserved 1048576K
Event: 80.897 GC heap after
Heap after GC invocations=19 (full 3):
 PSYoungGen      total 81920K, used 18926K [0x00000000f5580000, 0x00000000fc000000, 0x0000000100000000)
  eden space 60928K, 0% used [0x00000000f5580000,0x00000000f5580000,0x00000000f9100000)
  from space 20992K, 90% used [0x00000000fa780000,0x00000000fb9fbb30,0x00000000fbc00000)
  to   space 23040K, 0% used [0x00000000f9100000,0x00000000f9100000,0x00000000fa780000)
 ParOldGen       total 104960K, used 35918K [0x00000000e0000000, 0x00000000e6680000, 0x00000000f5580000)
  object space 104960K, 34% used [0x00000000e0000000,0x00000000e2313ad8,0x00000000e6680000)
 Metaspace       used 74668K, capacity 80774K, committed 81024K, reserved 1118208K
  class space    used 9290K, capacity 11360K, committed 11392K, reserved 1048576K
}
Event: 80.897 GC heap before
{Heap before GC invocations=20 (full 4):
 PSYoungGen      total 81920K, used 18926K [0x00000000f5580000, 0x00000000fc000000, 0x0000000100000000)
  eden space 60928K, 0% used [0x00000000f5580000,0x00000000f5580000,0x00000000f9100000)
  from space 20992K, 90% used [0x00000000fa780000,0x00000000fb9fbb30,0x00000000fbc00000)
  to   space 23040K, 0% used [0x00000000f9100000,0x00000000f9100000,0x00000000fa780000)
 ParOldGen       total 104960K, used 35918K [0x00000000e0000000, 0x00000000e6680000, 0x00000000f5580000)
  object space 104960K, 34% used [0x00000000e0000000,0x00000000e2313ad8,0x00000000e6680000)
 Metaspace       used 74668K, capacity 80774K, committed 81024K, reserved 1118208K
  class space    used 9290K, capacity 11360K, committed 11392K, reserved 1048576K
Event: 81.277 GC heap after
Heap after GC invocations=20 (full 4):
 PSYoungGen      total 81920K, used 0K [0x00000000f5580000, 0x00000000fc000000, 0x0000000100000000)
  eden space 60928K, 0% used [0x00000000f5580000,0x00000000f5580000,0x00000000f9100000)
  from space 20992K, 0% used [0x00000000fa780000,0x00000000fa780000,0x00000000fbc00000)
  to   space 23040K, 0% used [0x00000000f9100000,0x00000000f9100000,0x00000000fa780000)
 ParOldGen       total 104960K, used 51764K [0x00000000e0000000, 0x00000000e6680000, 0x00000000f5580000)
  object space 104960K, 49% used [0x00000000e0000000,0x00000000e328d2e8,0x00000000e6680000)
 Metaspace       used 74668K, capacity 80774K, committed 81024K, reserved 1118208K
  class space    used 9290K, capacity 11360K, committed 11392K, reserved 1048576K
}
Event: 139.712 GC heap before
{Heap before GC invocations=21 (full 4):
 PSYoungGen      total 81920K, used 60928K [0x00000000f5580000, 0x00000000fc000000, 0x0000000100000000)
  eden space 60928K, 100% used [0x00000000f5580000,0x00000000f9100000,0x00000000f9100000)
  from space 20992K, 0% used [0x00000000fa780000,0x00000000fa780000,0x00000000fbc00000)
  to   space 23040K, 0% used [0x00000000f9100000,0x00000000f9100000,0x00000000fa780000)
 ParOldGen       total 104960K, used 51764K [0x00000000e0000000, 0x00000000e6680000, 0x00000000f5580000)
  object space 104960K, 49% used [0x00000000e0000000,0x00000000e328d2e8,0x00000000e6680000)
 Metaspace       used 76484K, capacity 83032K, committed 83200K, reserved 1120256K
  class space    used 9466K, capacity 11492K, committed 11520K, reserved 1048576K
Event: 139.718 GC heap after
Heap after GC invocations=21 (full 4):
 PSYoungGen      total 83968K, used 2993K [0x00000000f5580000, 0x00000000fc900000, 0x0000000100000000)
  eden space 60928K, 0% used [0x00000000f5580000,0x00000000f5580000,0x00000000f9100000)
  from space 23040K, 12% used [0x00000000f9100000,0x00000000f93ec780,0x00000000fa780000)
  to   space 23552K, 0% used [0x00000000fb200000,0x00000000fb200000,0x00000000fc900000)
 ParOldGen       total 104960K, used 51772K [0x00000000e0000000, 0x00000000e6680000, 0x00000000f5580000)
  object space 104960K, 49% used [0x00000000e0000000,0x00000000e328f2e8,0x00000000e6680000)
 Metaspace       used 76484K, capacity 83032K, committed 83200K, reserved 1120256K
  class space    used 9466K, capacity 11492K, committed 11520K, reserved 1048576K
}

