# JRE version: Java(TM) SE Runtime Environment (8.0_45-b15) (build 1.8.0_45-b15)
# Java VM: Java HotSpot(TM) 64-Bit Server VM (25.45-b02 mixed mode windows-amd64 compressed oops)
Heap:
 PSYoungGen      total 73728K, used 34762K [0x00000000f5580000, 0x00000000fb600000, 0x0000000100000000)
  eden space 51712K, 50% used [0x00000000f5580000,0x00000000f6eead70,0x00000000f8800000)
  from space 22016K, 39% used [0x00000000fa080000,0x00000000fa907cc8,0x00000000fb600000)
  to   space 23552K, 0% used [0x00000000f8800000,0x00000000f8800000,0x00000000f9f00000)
 ParOldGen       total 108032K, used 55672K [0x00000000e0000000, 0x00000000e6980000, 0x00000000f5580000)
  object space 108032K, 51% used [0x00000000e0000000,0x00000000e365e1e0,0x00000000e6980000)
 Metaspace       used 87488K, capacity 94034K, committed 94336K, reserved 1130496K
  class space    used 10646K, capacity 12655K, committed 12672K, reserved 1048576K
GC Heap History (10 events):
Event: 554.037 GC heap before
{Heap before GC invocations=26 (full 4):
 PSYoungGen      total 64000K, used 63947K [0x00000000f5580000, 0x00000000fc300000, 0x0000000100000000)
  eden space 56832K, 100% used [0x00000000f5580000,0x00000000f8d00000,0x00000000f8d00000)
  from space 7168K, 99% used [0x00000000f8e00000,0x00000000f94f2f50,0x00000000f9500000)
  to   space 27648K, 0% used [0x00000000fa800000,0x00000000fa800000,0x00000000fc300000)
 ParOldGen       total 108032K, used 55632K [0x00000000e0000000, 0x00000000e6980000, 0x00000000f5580000)
  object space 108032K, 51% used [0x00000000e0000000,0x00000000e36541e0,0x00000000e6980000)
 Metaspace       used 85239K, capacity 92124K, committed 92416K, reserved 1128448K
  class space    used 10482K, capacity 12517K, committed 12544K, reserved 1048576K
Event: 554.048 GC heap after
Heap after GC invocations=26 (full 4):
 PSYoungGen      total 80384K, used 8128K [0x00000000f5580000, 0x00000000fc000000, 0x0000000100000000)
  eden space 55808K, 0% used [0x00000000f5580000,0x00000000f5580000,0x00000000f8c00000)
  from space 24576K, 33% used [0x00000000fa800000,0x00000000faff02b0,0x00000000fc000000)
  to   space 26624K, 0% used [0x00000000f8c00000,0x00000000f8c00000,0x00000000fa600000)
 ParOldGen       total 108032K, used 55640K [0x00000000e0000000, 0x00000000e6980000, 0x00000000f5580000)
  object space 108032K, 51% used [0x00000000e0000000,0x00000000e36561e0,0x00000000e6980000)
 Metaspace       used 85239K, capacity 92124K, committed 92416K, reserved 1128448K
  class space    used 10482K, capacity 12517K, committed 12544K, reserved 1048576K
}
Event: 628.632 GC heap before
{Heap before GC invocations=27 (full 4):
 PSYoungGen      total 80384K, used 63936K [0x00000000f5580000, 0x00000000fc000000, 0x0000000100000000)
  eden space 55808K, 100% used [0x00000000f5580000,0x00000000f8c00000,0x00000000f8c00000)
  from space 24576K, 33% used [0x00000000fa800000,0x00000000faff02b0,0x00000000fc000000)
  to   space 26624K, 0% used [0x00000000f8c00000,0x00000000f8c00000,0x00000000fa600000)
 ParOldGen       total 108032K, used 55640K [0x00000000e0000000, 0x00000000e6980000, 0x00000000f5580000)
  object space 108032K, 51% used [0x00000000e0000000,0x00000000e36561e0,0x00000000e6980000)
 Metaspace       used 85889K, capacity 92848K, committed 93056K, reserved 1130496K
  class space    used 10528K, capacity 12586K, committed 12672K, reserved 1048576K
Event: 628.643 GC heap after
Heap after GC invocations=27 (full 4):
 PSYoungGen      total 65024K, used 9999K [0x00000000f5580000, 0x00000000fbd00000, 0x0000000100000000)
  eden space 54784K, 0% used [0x00000000f5580000,0x00000000f5580000,0x00000000f8b00000)
  from space 10240K, 97% used [0x00000000f8c00000,0x00000000f95c3c60,0x00000000f9600000)
  to   space 25600K, 0% used [0x00000000fa400000,0x00000000fa400000,0x00000000fbd00000)
 ParOldGen       total 108032K, used 55648K [0x00000000e0000000, 0x00000000e6980000, 0x00000000f5580000)
  object space 108032K, 51% used [0x00000000e0000000,0x00000000e36581e0,0x00000000e6980000)
 Metaspace       used 85889K, capacity 92848K, committed 93056K, reserved 1130496K
  class space    used 10528K, capacity 12586K, committed 12672K, reserved 1048576K
}
Event: 644.858 GC heap before
{Heap before GC invocations=28 (full 4):
 PSYoungGen      total 65024K, used 64783K [0x00000000f5580000, 0x00000000fbd00000, 0x0000000100000000)
  eden space 54784K, 100% used [0x00000000f5580000,0x00000000f8b00000,0x00000000f8b00000)
  from space 10240K, 97% used [0x00000000f8c00000,0x00000000f95c3c60,0x00000000f9600000)
  to   space 25600K, 0% used [0x00000000fa400000,0x00000000fa400000,0x00000000fbd00000)
 ParOldGen       total 108032K, used 55648K [0x00000000e0000000, 0x00000000e6980000, 0x00000000f5580000)
  object space 108032K, 51% used [0x00000000e0000000,0x00000000e36581e0,0x00000000e6980000)
 Metaspace       used 86257K, capacity 93238K, committed 93568K, reserved 1130496K
  class space    used 10554K, capacity 12587K, committed 12672K, reserved 1048576K
Event: 644.871 GC heap after
Heap after GC invocations=28 (full 4):
 PSYoungGen      total 77312K, used 8287K [0x00000000f5580000, 0x00000000fbb00000, 0x0000000100000000)
  eden space 53760K, 0% used [0x00000000f5580000,0x00000000f5580000,0x00000000f8a00000)
  from space 23552K, 35% used [0x00000000fa400000,0x00000000fac17d90,0x00000000fbb00000)
  to   space 25088K, 0% used [0x00000000f8a00000,0x00000000f8a00000,0x00000000fa280000)
 ParOldGen       total 108032K, used 55656K [0x00000000e0000000, 0x00000000e6980000, 0x00000000f5580000)
  object space 108032K, 51% used [0x00000000e0000000,0x00000000e365a1e0,0x00000000e6980000)
 Metaspace       used 86257K, capacity 93238K, committed 93568K, reserved 1130496K
  class space    used 10554K, capacity 12587K, committed 12672K, reserved 1048576K
}
Event: 936.554 GC heap before
{Heap before GC invocations=29 (full 4):
 PSYoungGen      total 77312K, used 62047K [0x00000000f5580000, 0x00000000fbb00000, 0x0000000100000000)
  eden space 53760K, 100% used [0x00000000f5580000,0x00000000f8a00000,0x00000000f8a00000)
  from space 23552K, 35% used [0x00000000fa400000,0x00000000fac17d90,0x00000000fbb00000)
  to   space 25088K, 0% used [0x00000000f8a00000,0x00000000f8a00000,0x00000000fa280000)
 ParOldGen       total 108032K, used 55656K [0x00000000e0000000, 0x00000000e6980000, 0x00000000f5580000)
  object space 108032K, 51% used [0x00000000e0000000,0x00000000e365a1e0,0x00000000e6980000)
 Metaspace       used 86619K, capacity 93378K, committed 93568K, reserved 1130496K
  class space    used 10558K, capacity 12589K, committed 12672K, reserved 1048576K
Event: 936.565 GC heap after
Heap after GC invocations=29 (full 4):
 PSYoungGen      total 61440K, used 8519K [0x00000000f5580000, 0x00000000fb800000, 0x0000000100000000)
  eden space 52736K, 0% used [0x00000000f5580000,0x00000000f5580000,0x00000000f8900000)
  from space 8704K, 97% used [0x00000000f8a00000,0x00000000f9251e48,0x00000000f9280000)
  to   space 24064K, 0% used [0x00000000fa080000,0x00000000fa080000,0x00000000fb800000)
 ParOldGen       total 108032K, used 55664K [0x00000000e0000000, 0x00000000e6980000, 0x00000000f5580000)
  object space 108032K, 51% used [0x00000000e0000000,0x00000000e365c1e0,0x00000000e6980000)
 Metaspace       used 86619K, capacity 93378K, committed 93568K, reserved 1130496K
  class space    used 10558K, capacity 12589K, committed 12672K, reserved 1048576K
}
Event: 1511.751 GC heap before
{Heap before GC invocations=30 (full 4):
 PSYoungGen      total 61440K, used 61255K [0x00000000f5580000, 0x00000000fb800000, 0x0000000100000000)
  eden space 52736K, 100% used [0x00000000f5580000,0x00000000f8900000,0x00000000f8900000)
  from space 8704K, 97% used [0x00000000f8a00000,0x00000000f9251e48,0x00000000f9280000)
  to   space 24064K, 0% used [0x00000000fa080000,0x00000000fa080000,0x00000000fb800000)
 ParOldGen       total 108032K, used 55664K [0x00000000e0000000, 0x00000000e6980000, 0x00000000f5580000)
  object space 108032K, 51% used [0x00000000e0000000,0x00000000e365c1e0,0x00000000e6980000)
 Metaspace       used 86745K, capacity 93542K, committed 93824K, reserved 1130496K
  class space    used 10567K, capacity 12621K, committed 12672K, reserved 1048576K
Event: 1511.771 GC heap after
Heap after GC invocations=30 (full 4):
 PSYoungGen      total 73728K, used 8735K [0x00000000f5580000, 0x00000000fb600000, 0x0000000100000000)
  eden space 51712K, 0% used [0x00000000f5580000,0x00000000f5580000,0x00000000f8800000)
  from space 22016K, 39% used [0x00000000fa080000,0x00000000fa907cc8,0x00000000fb600000)
  to   space 23552K, 0% used [0x00000000f8800000,0x00000000f8800000,0x00000000f9f00000)
 ParOldGen       total 108032K, used 55672K [0x00000000e0000000, 0x00000000e6980000, 0x00000000f5580000)
  object space 108032K, 51% used [0x00000000e0000000,0x00000000e365e1e0,0x00000000e6980000)
 Metaspace       used 86745K, capacity 93542K, committed 93824K, reserved 1130496K
  class space    used 10567K, capacity 12621K, committed 12672K, reserved 1048576K
}

