# JRE version: Java(TM) SE Runtime Environment (8.0_45-b15) (build 1.8.0_45-b15)
# Java VM: Java HotSpot(TM) 64-Bit Server VM (25.45-b02 mixed mode windows-amd64 compressed oops)
Heap:
 PSYoungGen      total 151040K, used 108806K [0x00000000f5580000, 0x00000000ffd00000, 0x0000000100000000)
  eden space 133632K, 76% used [0x00000000f5580000,0x00000000fb99c628,0x00000000fd800000)
  from space 17408K, 36% used [0x00000000fec00000,0x00000000ff2252b8,0x00000000ffd00000)
  to   space 18944K, 0% used [0x00000000fd800000,0x00000000fd800000,0x00000000fea80000)
 ParOldGen       total 95232K, used 57119K [0x00000000e0000000, 0x00000000e5d00000, 0x00000000f5580000)
  object space 95232K, 59% used [0x00000000e0000000,0x00000000e37c7d60,0x00000000e5d00000)
 Metaspace       used 87761K, capacity 94368K, committed 94592K, reserved 1130496K
  class space    used 10577K, capacity 12658K, committed 12672K, reserved 1048576K
GC Heap History (10 events):
Event: 318.582 GC heap before
{Heap before GC invocations=30 (full 7):
 PSYoungGen      total 130048K, used 3216K [0x00000000f5580000, 0x00000000ffa00000, 0x0000000100000000)
  eden space 126464K, 0% used [0x00000000f5580000,0x00000000f5580000,0x00000000fd100000)
  from space 3584K, 89% used [0x00000000fd100000,0x00000000fd424178,0x00000000fd480000)
  to   space 20992K, 0% used [0x00000000fe580000,0x00000000fe580000,0x00000000ffa00000)
 ParOldGen       total 95232K, used 56176K [0x00000000e0000000, 0x00000000e5d00000, 0x00000000f5580000)
  object space 95232K, 58% used [0x00000000e0000000,0x00000000e36dc068,0x00000000e5d00000)
 Metaspace       used 81925K, capacity 88340K, committed 88576K, reserved 1126400K
  class space    used 9886K, capacity 11917K, committed 12032K, reserved 1048576K
Event: 318.856 GC heap after
Heap after GC invocations=30 (full 7):
 PSYoungGen      total 130048K, used 0K [0x00000000f5580000, 0x00000000ffa00000, 0x0000000100000000)
  eden space 126464K, 0% used [0x00000000f5580000,0x00000000f5580000,0x00000000fd100000)
  from space 3584K, 0% used [0x00000000fd100000,0x00000000fd100000,0x00000000fd480000)
  to   space 20992K, 0% used [0x00000000fe580000,0x00000000fe580000,0x00000000ffa00000)
 ParOldGen       total 95232K, used 57106K [0x00000000e0000000, 0x00000000e5d00000, 0x00000000f5580000)
  object space 95232K, 59% used [0x00000000e0000000,0x00000000e37c4a18,0x00000000e5d00000)
 Metaspace       used 81925K, capacity 88340K, committed 88576K, reserved 1126400K
  class space    used 9886K, capacity 11917K, committed 12032K, reserved 1048576K
}
Event: 383.241 GC heap before
{Heap before GC invocations=31 (full 7):
 PSYoungGen      total 130048K, used 91379K [0x00000000f5580000, 0x00000000ffa00000, 0x0000000100000000)
  eden space 126464K, 72% used [0x00000000f5580000,0x00000000faebcd80,0x00000000fd100000)
  from space 3584K, 0% used [0x00000000fd100000,0x00000000fd100000,0x00000000fd480000)
  to   space 20992K, 0% used [0x00000000fe580000,0x00000000fe580000,0x00000000ffa00000)
 ParOldGen       total 95232K, used 57106K [0x00000000e0000000, 0x00000000e5d00000, 0x00000000f5580000)
  object space 95232K, 59% used [0x00000000e0000000,0x00000000e37c4a18,0x00000000e5d00000)
 Metaspace       used 82497K, capacity 88884K, committed 89088K, reserved 1126400K
  class space    used 9923K, capacity 11949K, committed 12032K, reserved 1048576K
Event: 383.247 GC heap after
Heap after GC invocations=31 (full 7):
 PSYoungGen      total 146432K, used 2419K [0x00000000f5580000, 0x00000000ff900000, 0x0000000100000000)
  eden space 126464K, 0% used [0x00000000f5580000,0x00000000f5580000,0x00000000fd100000)
  from space 19968K, 12% used [0x00000000fe580000,0x00000000fe7dcef0,0x00000000ff900000)
  to   space 20480K, 0% used [0x00000000fd100000,0x00000000fd100000,0x00000000fe500000)
 ParOldGen       total 95232K, used 57114K [0x00000000e0000000, 0x00000000e5d00000, 0x00000000f5580000)
  object space 95232K, 59% used [0x00000000e0000000,0x00000000e37c6a18,0x00000000e5d00000)
 Metaspace       used 82497K, capacity 88884K, committed 89088K, reserved 1126400K
  class space    used 9923K, capacity 11949K, committed 12032K, reserved 1048576K
}
Event: 383.247 GC heap before
{Heap before GC invocations=32 (full 8):
 PSYoungGen      total 146432K, used 2419K [0x00000000f5580000, 0x00000000ff900000, 0x0000000100000000)
  eden space 126464K, 0% used [0x00000000f5580000,0x00000000f5580000,0x00000000fd100000)
  from space 19968K, 12% used [0x00000000fe580000,0x00000000fe7dcef0,0x00000000ff900000)
  to   space 20480K, 0% used [0x00000000fd100000,0x00000000fd100000,0x00000000fe500000)
 ParOldGen       total 95232K, used 57114K [0x00000000e0000000, 0x00000000e5d00000, 0x00000000f5580000)
  object space 95232K, 59% used [0x00000000e0000000,0x00000000e37c6a18,0x00000000e5d00000)
 Metaspace       used 82497K, capacity 88884K, committed 89088K, reserved 1126400K
  class space    used 9923K, capacity 11949K, committed 12032K, reserved 1048576K
Event: 383.626 GC heap after
Heap after GC invocations=32 (full 8):
 PSYoungGen      total 146432K, used 0K [0x00000000f5580000, 0x00000000ff900000, 0x0000000100000000)
  eden space 126464K, 0% used [0x00000000f5580000,0x00000000f5580000,0x00000000fd100000)
  from space 19968K, 0% used [0x00000000fe580000,0x00000000fe580000,0x00000000ff900000)
  to   space 20480K, 0% used [0x00000000fd100000,0x00000000fd100000,0x00000000fe500000)
 ParOldGen       total 95232K, used 57103K [0x00000000e0000000, 0x00000000e5d00000, 0x00000000f5580000)
  object space 95232K, 59% used [0x00000000e0000000,0x00000000e37c3d60,0x00000000e5d00000)
 Metaspace       used 82497K, capacity 88884K, committed 89088K, reserved 1126400K
  class space    used 9923K, capacity 11949K, committed 12032K, reserved 1048576K
}
Event: 418.844 GC heap before
{Heap before GC invocations=33 (full 8):
 PSYoungGen      total 146432K, used 126464K [0x00000000f5580000, 0x00000000ff900000, 0x0000000100000000)
  eden space 126464K, 100% used [0x00000000f5580000,0x00000000fd100000,0x00000000fd100000)
  from space 19968K, 0% used [0x00000000fe580000,0x00000000fe580000,0x00000000ff900000)
  to   space 20480K, 0% used [0x00000000fd100000,0x00000000fd100000,0x00000000fe500000)
 ParOldGen       total 95232K, used 57103K [0x00000000e0000000, 0x00000000e5d00000, 0x00000000f5580000)
  object space 95232K, 59% used [0x00000000e0000000,0x00000000e37c3d60,0x00000000e5d00000)
 Metaspace       used 82696K, capacity 89012K, committed 89344K, reserved 1126400K
  class space    used 9923K, capacity 11949K, committed 12032K, reserved 1048576K
Event: 418.850 GC heap after
Heap after GC invocations=33 (full 8):
 PSYoungGen      total 146944K, used 544K [0x00000000f5580000, 0x0000000100000000, 0x0000000100000000)
  eden space 126464K, 0% used [0x00000000f5580000,0x00000000f5580000,0x00000000fd100000)
  from space 20480K, 2% used [0x00000000fd100000,0x00000000fd188000,0x00000000fe500000)
  to   space 20480K, 0% used [0x00000000fec00000,0x00000000fec00000,0x0000000100000000)
 ParOldGen       total 95232K, used 57111K [0x00000000e0000000, 0x00000000e5d00000, 0x00000000f5580000)
  object space 95232K, 59% used [0x00000000e0000000,0x00000000e37c5d60,0x00000000e5d00000)
 Metaspace       used 82696K, capacity 89012K, committed 89344K, reserved 1126400K
  class space    used 9923K, capacity 11949K, committed 12032K, reserved 1048576K
}
Event: 502.444 GC heap before
{Heap before GC invocations=34 (full 8):
 PSYoungGen      total 146944K, used 127008K [0x00000000f5580000, 0x0000000100000000, 0x0000000100000000)
  eden space 126464K, 100% used [0x00000000f5580000,0x00000000fd100000,0x00000000fd100000)
  from space 20480K, 2% used [0x00000000fd100000,0x00000000fd188000,0x00000000fe500000)
  to   space 20480K, 0% used [0x00000000fec00000,0x00000000fec00000,0x0000000100000000)
 ParOldGen       total 95232K, used 57111K [0x00000000e0000000, 0x00000000e5d00000, 0x00000000f5580000)
  object space 95232K, 59% used [0x00000000e0000000,0x00000000e37c5d60,0x00000000e5d00000)
 Metaspace       used 86425K, capacity 92688K, committed 92928K, reserved 1130496K
  class space    used 10427K, capacity 12489K, committed 12544K, reserved 1048576K
Event: 502.453 GC heap after
Heap after GC invocations=34 (full 8):
 PSYoungGen      total 151040K, used 6292K [0x00000000f5580000, 0x00000000ffd00000, 0x0000000100000000)
  eden space 133632K, 0% used [0x00000000f5580000,0x00000000f5580000,0x00000000fd800000)
  from space 17408K, 36% used [0x00000000fec00000,0x00000000ff2252b8,0x00000000ffd00000)
  to   space 18944K, 0% used [0x00000000fd800000,0x00000000fd800000,0x00000000fea80000)
 ParOldGen       total 95232K, used 57119K [0x00000000e0000000, 0x00000000e5d00000, 0x00000000f5580000)
  object space 95232K, 59% used [0x00000000e0000000,0x00000000e37c7d60,0x00000000e5d00000)
 Metaspace       used 86425K, capacity 92688K, committed 92928K, reserved 1130496K
  class space    used 10427K, capacity 12489K, committed 12544K, reserved 1048576K
}

