# JRE version: Java(TM) SE Runtime Environment (8.0_45-b15) (build 1.8.0_45-b15)
# Java VM: Java HotSpot(TM) 64-Bit Server VM (25.45-b02 mixed mode windows-amd64 compressed oops)
Heap:
 PSYoungGen      total 36352K, used 21713K [0x00000000f5580000, 0x00000000f8080000, 0x0000000100000000)
  eden space 28672K, 62% used [0x00000000f5580000,0x00000000f671d5a0,0x00000000f7180000)
  from space 7680K, 47% used [0x00000000f7900000,0x00000000f7c96fa0,0x00000000f8080000)
  to   space 7680K, 0% used [0x00000000f7180000,0x00000000f7180000,0x00000000f7900000)
 ParOldGen       total 106496K, used 74590K [0x00000000e0000000, 0x00000000e6800000, 0x00000000f5580000)
  object space 106496K, 70% used [0x00000000e0000000,0x00000000e48d7810,0x00000000e6800000)
 Metaspace       used 98564K, capacity 105336K, committed 105472K, reserved 1140736K
  class space    used 11546K, capacity 13765K, committed 13824K, reserved 1048576K
GC Heap History (10 events):
Event: 19279.763 GC heap before
{Heap before GC invocations=214 (full 44):
 PSYoungGen      total 33792K, used 33340K [0x00000000f5580000, 0x00000000f8280000, 0x0000000100000000)
  eden space 28672K, 100% used [0x00000000f5580000,0x00000000f7180000,0x00000000f7180000)
  from space 5120K, 91% used [0x00000000f7180000,0x00000000f760f078,0x00000000f7680000)
  to   space 8704K, 0% used [0x00000000f7a00000,0x00000000f7a00000,0x00000000f8280000)
 ParOldGen       total 106496K, used 73945K [0x00000000e0000000, 0x00000000e6800000, 0x00000000f5580000)
  object space 106496K, 69% used [0x00000000e0000000,0x00000000e4836790,0x00000000e6800000)
 Metaspace       used 98039K, capacity 104902K, committed 105216K, reserved 1140736K
  class space    used 11496K, capacity 13730K, committed 13824K, reserved 1048576K
Event: 19279.770 GC heap after
Heap after GC invocations=214 (full 44):
 PSYoungGen      total 36352K, used 4236K [0x00000000f5580000, 0x00000000f8180000, 0x0000000100000000)
  eden space 28672K, 0% used [0x00000000f5580000,0x00000000f5580000,0x00000000f7180000)
  from space 7680K, 55% used [0x00000000f7a00000,0x00000000f7e23068,0x00000000f8180000)
  to   space 8192K, 0% used [0x00000000f7180000,0x00000000f7180000,0x00000000f7980000)
 ParOldGen       total 106496K, used 74366K [0x00000000e0000000, 0x00000000e6800000, 0x00000000f5580000)
  object space 106496K, 69% used [0x00000000e0000000,0x00000000e489f810,0x00000000e6800000)
 Metaspace       used 98039K, capacity 104902K, committed 105216K, reserved 1140736K
  class space    used 11496K, capacity 13730K, committed 13824K, reserved 1048576K
}
Event: 19628.997 GC heap before
{Heap before GC invocations=215 (full 44):
 PSYoungGen      total 36352K, used 32908K [0x00000000f5580000, 0x00000000f8180000, 0x0000000100000000)
  eden space 28672K, 100% used [0x00000000f5580000,0x00000000f7180000,0x00000000f7180000)
  from space 7680K, 55% used [0x00000000f7a00000,0x00000000f7e23068,0x00000000f8180000)
  to   space 8192K, 0% used [0x00000000f7180000,0x00000000f7180000,0x00000000f7980000)
 ParOldGen       total 106496K, used 74366K [0x00000000e0000000, 0x00000000e6800000, 0x00000000f5580000)
  object space 106496K, 69% used [0x00000000e0000000,0x00000000e489f810,0x00000000e6800000)
 Metaspace       used 98051K, capacity 104966K, committed 105216K, reserved 1140736K
  class space    used 11496K, capacity 13730K, committed 13824K, reserved 1048576K
Event: 19629.005 GC heap after
Heap after GC invocations=215 (full 44):
 PSYoungGen      total 36864K, used 4284K [0x00000000f5580000, 0x00000000f8180000, 0x0000000100000000)
  eden space 28672K, 0% used [0x00000000f5580000,0x00000000f5580000,0x00000000f7180000)
  from space 8192K, 52% used [0x00000000f7180000,0x00000000f75af0d0,0x00000000f7980000)
  to   space 8192K, 0% used [0x00000000f7980000,0x00000000f7980000,0x00000000f8180000)
 ParOldGen       total 106496K, used 74438K [0x00000000e0000000, 0x00000000e6800000, 0x00000000f5580000)
  object space 106496K, 69% used [0x00000000e0000000,0x00000000e48b1810,0x00000000e6800000)
 Metaspace       used 98051K, capacity 104966K, committed 105216K, reserved 1140736K
  class space    used 11496K, capacity 13730K, committed 13824K, reserved 1048576K
}
Event: 20106.076 GC heap before
{Heap before GC invocations=216 (full 44):
 PSYoungGen      total 36864K, used 32956K [0x00000000f5580000, 0x00000000f8180000, 0x0000000100000000)
  eden space 28672K, 100% used [0x00000000f5580000,0x00000000f7180000,0x00000000f7180000)
  from space 8192K, 52% used [0x00000000f7180000,0x00000000f75af0d0,0x00000000f7980000)
  to   space 8192K, 0% used [0x00000000f7980000,0x00000000f7980000,0x00000000f8180000)
 ParOldGen       total 106496K, used 74438K [0x00000000e0000000, 0x00000000e6800000, 0x00000000f5580000)
  object space 106496K, 69% used [0x00000000e0000000,0x00000000e48b1810,0x00000000e6800000)
 Metaspace       used 98054K, capacity 104966K, committed 105216K, reserved 1140736K
  class space    used 11496K, capacity 13730K, committed 13824K, reserved 1048576K
Event: 20106.083 GC heap after
Heap after GC invocations=216 (full 44):
 PSYoungGen      total 35840K, used 4316K [0x00000000f5580000, 0x00000000f8080000, 0x0000000100000000)
  eden space 28672K, 0% used [0x00000000f5580000,0x00000000f5580000,0x00000000f7180000)
  from space 7168K, 60% used [0x00000000f7980000,0x00000000f7db70d0,0x00000000f8080000)
  to   space 7680K, 0% used [0x00000000f7180000,0x00000000f7180000,0x00000000f7900000)
 ParOldGen       total 106496K, used 74494K [0x00000000e0000000, 0x00000000e6800000, 0x00000000f5580000)
  object space 106496K, 69% used [0x00000000e0000000,0x00000000e48bf810,0x00000000e6800000)
 Metaspace       used 98054K, capacity 104966K, committed 105216K, reserved 1140736K
  class space    used 11496K, capacity 13730K, committed 13824K, reserved 1048576K
}
Event: 20506.093 GC heap before
{Heap before GC invocations=217 (full 44):
 PSYoungGen      total 35840K, used 32988K [0x00000000f5580000, 0x00000000f8080000, 0x0000000100000000)
  eden space 28672K, 100% used [0x00000000f5580000,0x00000000f7180000,0x00000000f7180000)
  from space 7168K, 60% used [0x00000000f7980000,0x00000000f7db70d0,0x00000000f8080000)
  to   space 7680K, 0% used [0x00000000f7180000,0x00000000f7180000,0x00000000f7900000)
 ParOldGen       total 106496K, used 74494K [0x00000000e0000000, 0x00000000e6800000, 0x00000000f5580000)
  object space 106496K, 69% used [0x00000000e0000000,0x00000000e48bf810,0x00000000e6800000)
 Metaspace       used 98061K, capacity 105094K, committed 105216K, reserved 1140736K
  class space    used 11496K, capacity 13730K, committed 13824K, reserved 1048576K
Event: 20506.102 GC heap after
Heap after GC invocations=217 (full 44):
 PSYoungGen      total 36352K, used 5340K [0x00000000f5580000, 0x00000000f8080000, 0x0000000100000000)
  eden space 28672K, 0% used [0x00000000f5580000,0x00000000f5580000,0x00000000f7180000)
  from space 7680K, 69% used [0x00000000f7180000,0x00000000f76b70f0,0x00000000f7900000)
  to   space 7680K, 0% used [0x00000000f7900000,0x00000000f7900000,0x00000000f8080000)
 ParOldGen       total 106496K, used 74526K [0x00000000e0000000, 0x00000000e6800000, 0x00000000f5580000)
  object space 106496K, 69% used [0x00000000e0000000,0x00000000e48c7810,0x00000000e6800000)
 Metaspace       used 98061K, capacity 105094K, committed 105216K, reserved 1140736K
  class space    used 11496K, capacity 13730K, committed 13824K, reserved 1048576K
}
Event: 20560.817 GC heap before
{Heap before GC invocations=218 (full 44):
 PSYoungGen      total 36352K, used 34012K [0x00000000f5580000, 0x00000000f8080000, 0x0000000100000000)
  eden space 28672K, 100% used [0x00000000f5580000,0x00000000f7180000,0x00000000f7180000)
  from space 7680K, 69% used [0x00000000f7180000,0x00000000f76b70f0,0x00000000f7900000)
  to   space 7680K, 0% used [0x00000000f7900000,0x00000000f7900000,0x00000000f8080000)
 ParOldGen       total 106496K, used 74526K [0x00000000e0000000, 0x00000000e6800000, 0x00000000f5580000)
  object space 106496K, 69% used [0x00000000e0000000,0x00000000e48c7810,0x00000000e6800000)
 Metaspace       used 98133K, capacity 105106K, committed 105216K, reserved 1140736K
  class space    used 11504K, capacity 13732K, committed 13824K, reserved 1048576K
Event: 20560.825 GC heap after
Heap after GC invocations=218 (full 44):
 PSYoungGen      total 36352K, used 3675K [0x00000000f5580000, 0x00000000f8080000, 0x0000000100000000)
  eden space 28672K, 0% used [0x00000000f5580000,0x00000000f5580000,0x00000000f7180000)
  from space 7680K, 47% used [0x00000000f7900000,0x00000000f7c96fa0,0x00000000f8080000)
  to   space 7680K, 0% used [0x00000000f7180000,0x00000000f7180000,0x00000000f7900000)
 ParOldGen       total 106496K, used 74590K [0x00000000e0000000, 0x00000000e6800000, 0x00000000f5580000)
  object space 106496K, 70% used [0x00000000e0000000,0x00000000e48d7810,0x00000000e6800000)
 Metaspace       used 98133K, capacity 105106K, committed 105216K, reserved 1140736K
  class space    used 11504K, capacity 13732K, committed 13824K, reserved 1048576K
}

