# JRE version: Java(TM) SE Runtime Environment (8.0_45-b15) (build 1.8.0_45-b15)
# Java VM: Java HotSpot(TM) 64-Bit Server VM (25.45-b02 mixed mode windows-amd64 compressed oops)
Heap:
 PSYoungGen      total 40960K, used 9875K [0x00000000f5580000, 0x00000000f8780000, 0x0000000100000000)
  eden space 30720K, 23% used [0x00000000f5580000,0x00000000f5ca13a8,0x00000000f7380000)
  from space 10240K, 25% used [0x00000000f7380000,0x00000000f7603880,0x00000000f7d80000)
  to   space 10240K, 0% used [0x00000000f7d80000,0x00000000f7d80000,0x00000000f8780000)
 ParOldGen       total 110592K, used 83908K [0x00000000e0000000, 0x00000000e6c00000, 0x00000000f5580000)
  object space 110592K, 75% used [0x00000000e0000000,0x00000000e51f1330,0x00000000e6c00000)
 Metaspace       used 101751K, capacity 109038K, committed 109312K, reserved 1144832K
  class space    used 12009K, capacity 14277K, committed 14336K, reserved 1048576K
GC Heap History (10 events):
Event: 2869.656 GC heap before
{Heap before GC invocations=91 (full 6):
 PSYoungGen      total 43520K, used 34784K [0x00000000f5580000, 0x00000000f8d80000, 0x0000000100000000)
  eden space 31744K, 100% used [0x00000000f5580000,0x00000000f7480000,0x00000000f7480000)
  from space 11776K, 25% used [0x00000000f8200000,0x00000000f84f8360,0x00000000f8d80000)
  to   space 12800K, 0% used [0x00000000f7480000,0x00000000f7480000,0x00000000f8100000)
 ParOldGen       total 110592K, used 83603K [0x00000000e0000000, 0x00000000e6c00000, 0x00000000f5580000)
  object space 110592K, 75% used [0x00000000e0000000,0x00000000e51a4fa0,0x00000000e6c00000)
 Metaspace       used 101159K, capacity 108418K, committed 108672K, reserved 1144832K
  class space    used 11953K, capacity 14179K, committed 14208K, reserved 1048576K
Event: 2869.662 GC heap after
Heap after GC invocations=91 (full 6):
 PSYoungGen      total 35328K, used 3904K [0x00000000f5580000, 0x00000000f8c00000, 0x0000000100000000)
  eden space 31232K, 0% used [0x00000000f5580000,0x00000000f5580000,0x00000000f7400000)
  from space 4096K, 95% used [0x00000000f7480000,0x00000000f7850360,0x00000000f7880000)
  to   space 12288K, 0% used [0x00000000f8000000,0x00000000f8000000,0x00000000f8c00000)
 ParOldGen       total 110592K, used 83651K [0x00000000e0000000, 0x00000000e6c00000, 0x00000000f5580000)
  object space 110592K, 75% used [0x00000000e0000000,0x00000000e51b0fa0,0x00000000e6c00000)
 Metaspace       used 101159K, capacity 108418K, committed 108672K, reserved 1144832K
  class space    used 11953K, capacity 14179K, committed 14208K, reserved 1048576K
}
Event: 2880.082 GC heap before
{Heap before GC invocations=92 (full 6):
 PSYoungGen      total 35328K, used 35136K [0x00000000f5580000, 0x00000000f8c00000, 0x0000000100000000)
  eden space 31232K, 100% used [0x00000000f5580000,0x00000000f7400000,0x00000000f7400000)
  from space 4096K, 95% used [0x00000000f7480000,0x00000000f7850360,0x00000000f7880000)
  to   space 12288K, 0% used [0x00000000f8000000,0x00000000f8000000,0x00000000f8c00000)
 ParOldGen       total 110592K, used 83651K [0x00000000e0000000, 0x00000000e6c00000, 0x00000000f5580000)
  object space 110592K, 75% used [0x00000000e0000000,0x00000000e51b0fa0,0x00000000e6c00000)
 Metaspace       used 101170K, capacity 108418K, committed 108672K, reserved 1144832K
  class space    used 11953K, capacity 14179K, committed 14208K, reserved 1048576K
Event: 2880.089 GC heap after
Heap after GC invocations=92 (full 6):
 PSYoungGen      total 41472K, used 4096K [0x00000000f5580000, 0x00000000f8a80000, 0x0000000100000000)
  eden space 30720K, 0% used [0x00000000f5580000,0x00000000f5580000,0x00000000f7380000)
  from space 10752K, 38% used [0x00000000f8000000,0x00000000f84003a0,0x00000000f8a80000)
  to   space 11776K, 0% used [0x00000000f7380000,0x00000000f7380000,0x00000000f7f00000)
 ParOldGen       total 110592K, used 83699K [0x00000000e0000000, 0x00000000e6c00000, 0x00000000f5580000)
  object space 110592K, 75% used [0x00000000e0000000,0x00000000e51bcfa0,0x00000000e6c00000)
 Metaspace       used 101170K, capacity 108418K, committed 108672K, reserved 1144832K
  class space    used 11953K, capacity 14179K, committed 14208K, reserved 1048576K
}
Event: 2890.885 GC heap before
{Heap before GC invocations=93 (full 6):
 PSYoungGen      total 41472K, used 34816K [0x00000000f5580000, 0x00000000f8a80000, 0x0000000100000000)
  eden space 30720K, 100% used [0x00000000f5580000,0x00000000f7380000,0x00000000f7380000)
  from space 10752K, 38% used [0x00000000f8000000,0x00000000f84003a0,0x00000000f8a80000)
  to   space 11776K, 0% used [0x00000000f7380000,0x00000000f7380000,0x00000000f7f00000)
 ParOldGen       total 110592K, used 83699K [0x00000000e0000000, 0x00000000e6c00000, 0x00000000f5580000)
  object space 110592K, 75% used [0x00000000e0000000,0x00000000e51bcfa0,0x00000000e6c00000)
 Metaspace       used 101207K, capacity 108482K, committed 108672K, reserved 1144832K
  class space    used 11953K, capacity 14179K, committed 14208K, reserved 1048576K
Event: 2890.891 GC heap after
Heap after GC invocations=93 (full 6):
 PSYoungGen      total 34304K, used 3302K [0x00000000f5580000, 0x00000000f8980000, 0x0000000100000000)
  eden space 30720K, 0% used [0x00000000f5580000,0x00000000f5580000,0x00000000f7380000)
  from space 3584K, 92% used [0x00000000f7380000,0x00000000f76b9918,0x00000000f7700000)
  to   space 11264K, 0% used [0x00000000f7e80000,0x00000000f7e80000,0x00000000f8980000)
 ParOldGen       total 110592K, used 83739K [0x00000000e0000000, 0x00000000e6c00000, 0x00000000f5580000)
  object space 110592K, 75% used [0x00000000e0000000,0x00000000e51c6fa0,0x00000000e6c00000)
 Metaspace       used 101207K, capacity 108482K, committed 108672K, reserved 1144832K
  class space    used 11953K, capacity 14179K, committed 14208K, reserved 1048576K
}
Event: 2941.875 GC heap before
{Heap before GC invocations=94 (full 6):
 PSYoungGen      total 34304K, used 34022K [0x00000000f5580000, 0x00000000f8980000, 0x0000000100000000)
  eden space 30720K, 100% used [0x00000000f5580000,0x00000000f7380000,0x00000000f7380000)
  from space 3584K, 92% used [0x00000000f7380000,0x00000000f76b9918,0x00000000f7700000)
  to   space 11264K, 0% used [0x00000000f7e80000,0x00000000f7e80000,0x00000000f8980000)
 ParOldGen       total 110592K, used 83739K [0x00000000e0000000, 0x00000000e6c00000, 0x00000000f5580000)
  object space 110592K, 75% used [0x00000000e0000000,0x00000000e51c6fa0,0x00000000e6c00000)
 Metaspace       used 101219K, capacity 108546K, committed 108672K, reserved 1144832K
  class space    used 11953K, capacity 14179K, committed 14208K, reserved 1048576K
Event: 2941.883 GC heap after
Heap after GC invocations=94 (full 6):
 PSYoungGen      total 39936K, used 4134K [0x00000000f5580000, 0x00000000f8780000, 0x0000000100000000)
  eden space 30720K, 0% used [0x00000000f5580000,0x00000000f5580000,0x00000000f7380000)
  from space 9216K, 44% used [0x00000000f7e80000,0x00000000f8289918,0x00000000f8780000)
  to   space 10240K, 0% used [0x00000000f7380000,0x00000000f7380000,0x00000000f7d80000)
 ParOldGen       total 110592K, used 83843K [0x00000000e0000000, 0x00000000e6c00000, 0x00000000f5580000)
  object space 110592K, 75% used [0x00000000e0000000,0x00000000e51e0fa0,0x00000000e6c00000)
 Metaspace       used 101219K, capacity 108546K, committed 108672K, reserved 1144832K
  class space    used 11953K, capacity 14179K, committed 14208K, reserved 1048576K
}
Event: 2944.534 GC heap before
{Heap before GC invocations=95 (full 6):
 PSYoungGen      total 39936K, used 34854K [0x00000000f5580000, 0x00000000f8780000, 0x0000000100000000)
  eden space 30720K, 100% used [0x00000000f5580000,0x00000000f7380000,0x00000000f7380000)
  from space 9216K, 44% used [0x00000000f7e80000,0x00000000f8289918,0x00000000f8780000)
  to   space 10240K, 0% used [0x00000000f7380000,0x00000000f7380000,0x00000000f7d80000)
 ParOldGen       total 110592K, used 83843K [0x00000000e0000000, 0x00000000e6c00000, 0x00000000f5580000)
  object space 110592K, 75% used [0x00000000e0000000,0x00000000e51e0fa0,0x00000000e6c00000)
 Metaspace       used 101458K, capacity 108750K, committed 109056K, reserved 1144832K
  class space    used 11981K, capacity 14245K, committed 14336K, reserved 1048576K
Event: 2944.544 GC heap after
Heap after GC invocations=95 (full 6):
 PSYoungGen      total 40960K, used 2574K [0x00000000f5580000, 0x00000000f8780000, 0x0000000100000000)
  eden space 30720K, 0% used [0x00000000f5580000,0x00000000f5580000,0x00000000f7380000)
  from space 10240K, 25% used [0x00000000f7380000,0x00000000f7603880,0x00000000f7d80000)
  to   space 10240K, 0% used [0x00000000f7d80000,0x00000000f7d80000,0x00000000f8780000)
 ParOldGen       total 110592K, used 83908K [0x00000000e0000000, 0x00000000e6c00000, 0x00000000f5580000)
  object space 110592K, 75% used [0x00000000e0000000,0x00000000e51f1330,0x00000000e6c00000)
 Metaspace       used 101458K, capacity 108750K, committed 109056K, reserved 1144832K
  class space    used 11981K, capacity 14245K, committed 14336K, reserved 1048576K
}

