# JRE version: Java(TM) SE Runtime Environment (8.0_45-b15) (build 1.8.0_45-b15)
# Java VM: Java HotSpot(TM) 64-Bit Server VM (25.45-b02 mixed mode windows-amd64 compressed oops)
Heap:
 PSYoungGen      total 81920K, used 67675K [0x00000000f5580000, 0x00000000fba00000, 0x0000000100000000)
  eden space 60928K, 99% used [0x00000000f5580000,0x00000000f90b69e8,0x00000000f9100000)
  from space 20992K, 33% used [0x00000000fa480000,0x00000000fab60260,0x00000000fb900000)
  to   space 19968K, 0% used [0x00000000f9100000,0x00000000f9100000,0x00000000fa480000)
 ParOldGen       total 104448K, used 51167K [0x00000000e0000000, 0x00000000e6600000, 0x00000000f5580000)
  object space 104448K, 48% used [0x00000000e0000000,0x00000000e31f7c10,0x00000000e6600000)
 Metaspace       used 79281K, capacity 85754K, committed 86016K, reserved 1124352K
  class space    used 9654K, capacity 11689K, committed 11776K, reserved 1048576K
GC Heap History (10 events):
Event: 228.738 GC heap before
{Heap before GC invocations=22 (full 5):
 PSYoungGen      total 76288K, used 3190K [0x00000000f5580000, 0x00000000fba80000, 0x0000000100000000)
  eden space 54784K, 0% used [0x00000000f5580000,0x00000000f5580000,0x00000000f8b00000)
  from space 21504K, 14% used [0x00000000f8b00000,0x00000000f8e1da00,0x00000000fa000000)
  to   space 21504K, 0% used [0x00000000fa580000,0x00000000fa580000,0x00000000fba80000)
 ParOldGen       total 104448K, used 47415K [0x00000000e0000000, 0x00000000e6600000, 0x00000000f5580000)
  object space 104448K, 45% used [0x00000000e0000000,0x00000000e2e4dd88,0x00000000e6600000)
 Metaspace       used 71732K, capacity 77404K, committed 77568K, reserved 1116160K
  class space    used 8819K, capacity 10683K, committed 10752K, reserved 1048576K
Event: 229.114 GC heap after
Heap after GC invocations=22 (full 5):
 PSYoungGen      total 76288K, used 0K [0x00000000f5580000, 0x00000000fba80000, 0x0000000100000000)
  eden space 54784K, 0% used [0x00000000f5580000,0x00000000f5580000,0x00000000f8b00000)
  from space 21504K, 0% used [0x00000000f8b00000,0x00000000f8b00000,0x00000000fa000000)
  to   space 21504K, 0% used [0x00000000fa580000,0x00000000fa580000,0x00000000fba80000)
 ParOldGen       total 104448K, used 48337K [0x00000000e0000000, 0x00000000e6600000, 0x00000000f5580000)
  object space 104448K, 46% used [0x00000000e0000000,0x00000000e2f34590,0x00000000e6600000)
 Metaspace       used 71732K, capacity 77404K, committed 77568K, reserved 1116160K
  class space    used 8819K, capacity 10683K, committed 10752K, reserved 1048576K
}
Event: 284.227 GC heap before
{Heap before GC invocations=23 (full 5):
 PSYoungGen      total 76288K, used 54784K [0x00000000f5580000, 0x00000000fba80000, 0x0000000100000000)
  eden space 54784K, 100% used [0x00000000f5580000,0x00000000f8b00000,0x00000000f8b00000)
  from space 21504K, 0% used [0x00000000f8b00000,0x00000000f8b00000,0x00000000fa000000)
  to   space 21504K, 0% used [0x00000000fa580000,0x00000000fa580000,0x00000000fba80000)
 ParOldGen       total 104448K, used 48337K [0x00000000e0000000, 0x00000000e6600000, 0x00000000f5580000)
  object space 104448K, 46% used [0x00000000e0000000,0x00000000e2f34590,0x00000000e6600000)
 Metaspace       used 72755K, capacity 78460K, committed 78720K, reserved 1118208K
  class space    used 8908K, capacity 10779K, committed 10880K, reserved 1048576K
Event: 284.233 GC heap after
Heap after GC invocations=23 (full 5):
 PSYoungGen      total 80896K, used 3689K [0x00000000f5580000, 0x00000000fba00000, 0x0000000100000000)
  eden space 59904K, 0% used [0x00000000f5580000,0x00000000f5580000,0x00000000f9000000)
  from space 20992K, 17% used [0x00000000fa580000,0x00000000fa91a6e0,0x00000000fba00000)
  to   space 21504K, 0% used [0x00000000f9000000,0x00000000f9000000,0x00000000fa500000)
 ParOldGen       total 104448K, used 48345K [0x00000000e0000000, 0x00000000e6600000, 0x00000000f5580000)
  object space 104448K, 46% used [0x00000000e0000000,0x00000000e2f36590,0x00000000e6600000)
 Metaspace       used 72755K, capacity 78460K, committed 78720K, reserved 1118208K
  class space    used 8908K, capacity 10779K, committed 10880K, reserved 1048576K
}
Event: 302.255 GC heap before
{Heap before GC invocations=24 (full 5):
 PSYoungGen      total 80896K, used 42623K [0x00000000f5580000, 0x00000000fba00000, 0x0000000100000000)
  eden space 59904K, 64% used [0x00000000f5580000,0x00000000f7b856b0,0x00000000f9000000)
  from space 20992K, 17% used [0x00000000fa580000,0x00000000fa91a6e0,0x00000000fba00000)
  to   space 21504K, 0% used [0x00000000f9000000,0x00000000f9000000,0x00000000fa500000)
 ParOldGen       total 104448K, used 48345K [0x00000000e0000000, 0x00000000e6600000, 0x00000000f5580000)
  object space 104448K, 46% used [0x00000000e0000000,0x00000000e2f36590,0x00000000e6600000)
 Metaspace       used 73240K, capacity 78962K, committed 79232K, reserved 1118208K
  class space    used 8940K, capacity 10814K, committed 10880K, reserved 1048576K
Event: 302.261 GC heap after
Heap after GC invocations=24 (full 5):
 PSYoungGen      total 65024K, used 4709K [0x00000000f5580000, 0x00000000fb900000, 0x0000000100000000)
  eden space 59904K, 0% used [0x00000000f5580000,0x00000000f5580000,0x00000000f9000000)
  from space 5120K, 91% used [0x00000000f9000000,0x00000000f9499460,0x00000000f9500000)
  to   space 20992K, 0% used [0x00000000fa480000,0x00000000fa480000,0x00000000fb900000)
 ParOldGen       total 104448K, used 48353K [0x00000000e0000000, 0x00000000e6600000, 0x00000000f5580000)
  object space 104448K, 46% used [0x00000000e0000000,0x00000000e2f38590,0x00000000e6600000)
 Metaspace       used 73240K, capacity 78962K, committed 79232K, reserved 1118208K
  class space    used 8940K, capacity 10814K, committed 10880K, reserved 1048576K
}
Event: 302.262 GC heap before
{Heap before GC invocations=25 (full 6):
 PSYoungGen      total 65024K, used 4709K [0x00000000f5580000, 0x00000000fb900000, 0x0000000100000000)
  eden space 59904K, 0% used [0x00000000f5580000,0x00000000f5580000,0x00000000f9000000)
  from space 5120K, 91% used [0x00000000f9000000,0x00000000f9499460,0x00000000f9500000)
  to   space 20992K, 0% used [0x00000000fa480000,0x00000000fa480000,0x00000000fb900000)
 ParOldGen       total 104448K, used 48353K [0x00000000e0000000, 0x00000000e6600000, 0x00000000f5580000)
  object space 104448K, 46% used [0x00000000e0000000,0x00000000e2f38590,0x00000000e6600000)
 Metaspace       used 73240K, capacity 78962K, committed 79232K, reserved 1118208K
  class space    used 8940K, capacity 10814K, committed 10880K, reserved 1048576K
Event: 302.627 GC heap after
Heap after GC invocations=25 (full 6):
 PSYoungGen      total 65024K, used 0K [0x00000000f5580000, 0x00000000fb900000, 0x0000000100000000)
  eden space 59904K, 0% used [0x00000000f5580000,0x00000000f5580000,0x00000000f9000000)
  from space 5120K, 0% used [0x00000000f9000000,0x00000000f9000000,0x00000000f9500000)
  to   space 20992K, 0% used [0x00000000fa480000,0x00000000fa480000,0x00000000fb900000)
 ParOldGen       total 104448K, used 51159K [0x00000000e0000000, 0x00000000e6600000, 0x00000000f5580000)
  object space 104448K, 48% used [0x00000000e0000000,0x00000000e31f5c10,0x00000000e6600000)
 Metaspace       used 73240K, capacity 78962K, committed 79232K, reserved 1118208K
  class space    used 8940K, capacity 10814K, committed 10880K, reserved 1048576K
}
Event: 313.305 GC heap before
{Heap before GC invocations=26 (full 6):
 PSYoungGen      total 65024K, used 59904K [0x00000000f5580000, 0x00000000fb900000, 0x0000000100000000)
  eden space 59904K, 100% used [0x00000000f5580000,0x00000000f9000000,0x00000000f9000000)
  from space 5120K, 0% used [0x00000000f9000000,0x00000000f9000000,0x00000000f9500000)
  to   space 20992K, 0% used [0x00000000fa480000,0x00000000fa480000,0x00000000fb900000)
 ParOldGen       total 104448K, used 51159K [0x00000000e0000000, 0x00000000e6600000, 0x00000000f5580000)
  object space 104448K, 48% used [0x00000000e0000000,0x00000000e31f5c10,0x00000000e6600000)
 Metaspace       used 77076K, capacity 83278K, committed 83456K, reserved 1122304K
  class space    used 9396K, capacity 11398K, committed 11520K, reserved 1048576K
Event: 313.318 GC heap after
Heap after GC invocations=26 (full 6):
 PSYoungGen      total 81920K, used 7040K [0x00000000f5580000, 0x00000000fba00000, 0x0000000100000000)
  eden space 60928K, 0% used [0x00000000f5580000,0x00000000f5580000,0x00000000f9100000)
  from space 20992K, 33% used [0x00000000fa480000,0x00000000fab60260,0x00000000fb900000)
  to   space 19968K, 0% used [0x00000000f9100000,0x00000000f9100000,0x00000000fa480000)
 ParOldGen       total 104448K, used 51167K [0x00000000e0000000, 0x00000000e6600000, 0x00000000f5580000)
  object space 104448K, 48% used [0x00000000e0000000,0x00000000e31f7c10,0x00000000e6600000)
 Metaspace       used 77076K, capacity 83278K, committed 83456K, reserved 1122304K
  class space    used 9396K, capacity 11398K, committed 11520K, reserved 1048576K
}

